<?xml version="1.0" encoding="UTF-8" ?><testsuite errors="0" name="jasmine.specs" tests="892" failures="0" skipped="0" hostname="localhost" time="0.0" timestamp="2014-12-06T20:32:53"><testcase classname="jasmine" name="finding from user agent for a desktop device should be desktop when userAgent is AdsBot-Google ( http://www.google.com/adsbot.html)" time="0.0" failure="false"/><testcase classname="jasmine" name="finding from user agent for a desktop device should be desktop when userAgent is AmigaVoyager/3.2 (AmigaOS/MC680x0)" time="0.0" failure="false"/><testcase classname="jasmine" name="finding from user agent for a desktop device should be desktop when userAgent is Avant Browser/1.2.789rel1 (http://www.avantbrowser.com)" time="0.0" failure="false"/><testcase classname="jasmine" name="finding from user agent for a desktop device should be desktop when userAgent is Baiduspider ( http://www.baidu.com/search/spider.htm)" time="0.0" failure="false"/><testcase classname="jasmine" name="finding from user agent for a desktop device should be desktop when userAgent is BinGet/1.00.A (http://www.bin-co.com/php/scripts/load/)" time="0.0" failure="false"/><testcase classname="jasmine" name="finding from user agent for a desktop device should be desktop when userAgent is Bloglines/3.1 (http://www.bloglines.com)" time="0.0" failure="false"/><testcase classname="jasmine" name="finding from user agent for a desktop device should be desktop when userAgent is CSSCheck/1.2.2" time="0.0" failure="false"/><testcase classname="jasmine" name="finding from user agent for a desktop device should be desktop when userAgent is CatchBot/1.0; http://www.catchbot.com" time="0.0" failure="false"/><testcase classname="jasmine" name="finding from user agent for a desktop device should be desktop when userAgent is Dillo/0.8.6" time="0.0" failure="false"/><testcase classname="jasmine" name="finding from user agent for a desktop device should be desktop when userAgent is Download Demon/3.5.0.11" time="0.0" failure="false"/><testcase classname="jasmine" name="finding from user agent for a desktop device should be desktop when userAgent is ELinks (0.4.3; NetBSD 3.0.2PATCH sparc64; 141x19)" time="0.0" failure="false"/><testcase classname="jasmine" name="finding from user agent for a desktop device should be desktop when userAgent is ELinks (0.4pre5; Linux 2.6.10-ac7 i686; 80x33)" time="0.0" failure="false"/><testcase classname="jasmine" name="finding from user agent for a desktop device should be desktop when userAgent is ELinks/0.11.1-1.2etch1-debian (textmode; Linux 2.6.24.2-grsec i686; 80x24-2)" time="0.0" failure="false"/><testcase classname="jasmine" name="finding from user agent for a desktop device should be desktop when userAgent is ELinks/0.11.1-1.2ubuntu2.1-debian (textmode; Linux 2.6.20-15-generic i686; 80x24-2)" time="0.0" failure="false"/><testcase classname="jasmine" name="finding from user agent for a desktop device should be desktop when userAgent is ELinks/0.11.3-5ubuntu2 (textmode; Debian; Linux 2.6.24-16-generic i686; 80x24-2)" time="0.0" failure="false"/><testcase classname="jasmine" name="finding from user agent for a desktop device should be desktop when userAgent is ELinks/0.12~pre5-4" time="0.0" failure="false"/><testcase classname="jasmine" name="finding from user agent for a desktop device should be desktop when userAgent is ELinks/0.9.3 (textmode; Linux 2.6.9-kanotix-8 i686; 127x41)" time="0.0" failure="false"/><testcase classname="jasmine" name="finding from user agent for a desktop device should be desktop when userAgent is EmailWolf 1.00" time="0.0" failure="false"/><testcase classname="jasmine" name="finding from user agent for a desktop device should be desktop when userAgent is FAST-WebCrawler/3.8 (crawler at trd dot overture dot com; http://www.alltheweb.com/help/webmaster/crawler)" time="0.0" failure="false"/><testcase classname="jasmine" name="finding from user agent for a desktop device should be desktop when userAgent is FAST-WebCrawler/3.x Multimedia" time="0.0" failure="false"/><testcase classname="jasmine" name="finding from user agent for a desktop device should be desktop when userAgent is FeedFetcher-Google; ( http://www.google.com/feedfetcher.html)" time="0.0" failure="false"/><testcase classname="jasmine" name="finding from user agent for a desktop device should be desktop when userAgent is Firefox/2.0b1 SeaMonkey/1.1.1 Mozilla/5.0 Gecko/20061101" time="0.0" failure="false"/><testcase classname="jasmine" name="finding from user agent for a desktop device should be desktop when userAgent is Gaisbot/3.0 (robot@gais.cs.ccu.edu.tw; http://gais.cs.ccu.edu.tw/robot.php)" time="0.0" failure="false"/><testcase classname="jasmine" name="finding from user agent for a desktop device should be desktop when userAgent is Gigabot/1.0" time="0.0" failure="false"/><testcase classname="jasmine" name="finding from user agent for a desktop device should be desktop when userAgent is Googlebot-Image/1.0" time="0.0" failure="false"/><testcase classname="jasmine" name="finding from user agent for a desktop device should be desktop when userAgent is Googlebot-News" time="0.0" failure="false"/><testcase classname="jasmine" name="finding from user agent for a desktop device should be desktop when userAgent is Googlebot-Video/1.0" time="0.0" failure="false"/><testcase classname="jasmine" name="finding from user agent for a desktop device should be desktop when userAgent is Googlebot/2.1 ( http://www.googlebot.com/bot.html)" time="0.0" failure="false"/><testcase classname="jasmine" name="finding from user agent for a desktop device should be desktop when userAgent is Gregarius/0.5.2 ( http://devlog.gregarius.net/docs/ua)" time="0.0" failure="false"/><testcase classname="jasmine" name="finding from user agent for a desktop device should be desktop when userAgent is Gregarius/0.5.2 (+http://devlog.gregarius.net/docs/ua)" time="0.0" failure="false"/><testcase classname="jasmine" name="finding from user agent for a desktop device should be desktop when userAgent is Gulper Web Bot 0.2.4 (www.ecsl.cs.sunysb.edu/~maxim/cgi-bin/Link/GulperBot)" time="0.0" failure="false"/><testcase classname="jasmine" name="finding from user agent for a desktop device should be desktop when userAgent is HTMLParser/1.6" time="0.0" failure="false"/><testcase classname="jasmine" name="finding from user agent for a desktop device should be desktop when userAgent is IBrowse/2.4 (AmigaOS 3.9; 68K)" time="0.0" failure="false"/><testcase classname="jasmine" name="finding from user agent for a desktop device should be desktop when userAgent is Java/1.4.1_03" time="0.0" failure="false"/><testcase classname="jasmine" name="finding from user agent for a desktop device should be desktop when userAgent is Java/1.4.1_04" time="0.0" failure="false"/><testcase classname="jasmine" name="finding from user agent for a desktop device should be desktop when userAgent is Java/1.4.2_01" time="0.0" failure="false"/><testcase classname="jasmine" name="finding from user agent for a desktop device should be desktop when userAgent is Java/1.5.0_02" time="0.0" failure="false"/><testcase classname="jasmine" name="finding from user agent for a desktop device should be desktop when userAgent is Java/1.5.0_03" time="0.0" failure="false"/><testcase classname="jasmine" name="finding from user agent for a desktop device should be desktop when userAgent is Java/1.5.0_06" time="0.0" failure="false"/><testcase classname="jasmine" name="finding from user agent for a desktop device should be desktop when userAgent is Java/1.6.0_13" time="0.0" failure="false"/><testcase classname="jasmine" name="finding from user agent for a desktop device should be desktop when userAgent is Java1.2.2" time="0.0" failure="false"/><testcase classname="jasmine" name="finding from user agent for a desktop device should be desktop when userAgent is Jaxified Bot (+http://www.jaxified.com/crawler/)" time="0.0" failure="false"/><testcase classname="jasmine" name="finding from user agent for a desktop device should be desktop when userAgent is Jigsaw/2.2.5 W3C_CSS_Validator_JFouffa/2.0" time="0.0" failure="false"/><testcase classname="jasmine" name="finding from user agent for a desktop device should be desktop when userAgent is Konqueror/3.0-rc4; (Konqueror/3.0-rc4; i686 Linux;;datecode)" time="0.0" failure="false"/><testcase classname="jasmine" name="finding from user agent for a desktop device should be desktop when userAgent is LinkWalker" time="0.0" failure="false"/><testcase classname="jasmine" name="finding from user agent for a desktop device should be desktop when userAgent is Links (2.1pre15; FreeBSD 5.3-RELEASE i386; 196x84)" time="0.0" failure="false"/><testcase classname="jasmine" name="finding from user agent for a desktop device should be desktop when userAgent is Links (2.1pre15; Linux 2.4.26 i686; 158x61)" time="0.0" failure="false"/><testcase classname="jasmine" name="finding from user agent for a desktop device should be desktop when userAgent is Links (2.1pre19; Linux 2.6.15-gentoo-r1 x86_64; 80x24)" time="0.0" failure="false"/><testcase classname="jasmine" name="finding from user agent for a desktop device should be desktop when userAgent is Links (2.1pre26; Linux 2.6.14-hsc0ds armv5l; 236x57)" time="0.0" failure="false"/><testcase classname="jasmine" name="finding from user agent for a desktop device should be desktop when userAgent is Links (2.1pre; Linux)" time="0.0" failure="false"/><testcase classname="jasmine" name="finding from user agent for a desktop device should be desktop when userAgent is Links (2.3pre1; Linux 2.6.38-8-generic x86_64; 170x48)" time="0.0" failure="false"/><testcase classname="jasmine" name="finding from user agent for a desktop device should be desktop when userAgent is Links/0.9.1 (Linux 2.4.24; i386;)" time="0.0" failure="false"/><testcase classname="jasmine" name="finding from user agent for a desktop device should be desktop when userAgent is Lynx/2.8.5rel.1 libwww-FM/2.14 SSL-MM/1.4.1 GNUTLS/0.8.12" time="0.0" failure="false"/><testcase classname="jasmine" name="finding from user agent for a desktop device should be desktop when userAgent is Lynx/2.8.5rel.1 libwww-FM/2.14FM" time="0.0" failure="false"/><testcase classname="jasmine" name="finding from user agent for a desktop device should be desktop when userAgent is Lynx/2.8.7dev.4 libwww-FM/2.14 SSL-MM/1.4.1 OpenSSL/0.9.8d" time="0.0" failure="false"/><testcase classname="jasmine" name="finding from user agent for a desktop device should be desktop when userAgent is MSIE (MSIE 6.0; X11; Linux; i686) Opera 7.23" time="0.0" failure="false"/><testcase classname="jasmine" name="finding from user agent for a desktop device should be desktop when userAgent is MagpieRSS/0.7 ( http://magpierss.sf.net)" time="0.0" failure="false"/><testcase classname="jasmine" name="finding from user agent for a desktop device should be desktop when userAgent is Mediapartners-Google" time="0.0" failure="false"/><testcase classname="jasmine" name="finding from user agent for a desktop device should be desktop when userAgent is Microsoft URL Control - 6.00.8862" time="0.0" failure="false"/><testcase classname="jasmine" name="finding from user agent for a desktop device should be desktop when userAgent is Midori/0.1.10 (X11; Linux i686; U; en-us) WebKit/(531).(2) " time="0.0" failure="false"/><testcase classname="jasmine" name="finding from user agent for a desktop device should be desktop when userAgent is Midori/0.1.5 (X11; Linux; U; it-it) WebKit/532+" time="0.0" failure="false"/><testcase classname="jasmine" name="finding from user agent for a desktop device should be desktop when userAgent is Mnogosearch-3.1.21" time="0.0" failure="false"/><testcase classname="jasmine" name="finding from user agent for a desktop device should be desktop when userAgent is Mozilla/2.0 (compatible; Ask Jeeves/Teoma)" time="0.0" failure="false"/><testcase classname="jasmine" name="finding from user agent for a desktop device should be desktop when userAgent is Mozilla/2.0 (compatible; MSIE 3.0; Windows 3.1)" time="0.0" failure="false"/><testcase classname="jasmine" name="finding from user agent for a desktop device should be desktop when userAgent is Mozilla/2.02 [fr] (WinNT; I)" time="0.0" failure="false"/><testcase classname="jasmine" name="finding from user agent for a desktop device should be desktop when userAgent is Mozilla/2.02E (Win95; U)" time="0.0" failure="false"/><testcase classname="jasmine" name="finding from user agent for a desktop device should be desktop when userAgent is Mozilla/3.0 (Macintosh; U; PPC Mac OS X; pl-PL)" time="0.0" failure="false"/><testcase classname="jasmine" name="finding from user agent for a desktop device should be desktop when userAgent is Mozilla/3.0 (compatible; NetPositive/2.1.1; BeOS)" time="0.0" failure="false"/><testcase classname="jasmine" name="finding from user agent for a desktop device should be desktop when userAgent is Mozilla/3.01Gold (Win95; I)" time="0.0" failure="false"/><testcase classname="jasmine" name="finding from user agent for a desktop device should be desktop when userAgent is Mozilla/3.01Gold (X11; I; SunOS 5.5.1 sun4m)" time="0.0" failure="false"/><testcase classname="jasmine" name="finding from user agent for a desktop device should be desktop when userAgent is Mozilla/4.0 (Compatible; Windows NT 5.1; MSIE 6.0) (compatible; MSIE 6.0; Windows NT 5.1; .NET CLR 1.1.4322; .NET CLR 2.0.50727)" time="0.0" failure="false"/><testcase classname="jasmine" name="finding from user agent for a desktop device should be desktop when userAgent is Mozilla/4.0 (Windows; U; Windows NT 6.1; en-US; rv:1.9.2.7) Gecko/2008398325 Firefox/3.1.4" time="0.0" failure="false"/><testcase classname="jasmine" name="finding from user agent for a desktop device should be desktop when userAgent is Mozilla/4.0 (compatible; Dillo 3.0)" time="0.0" failure="false"/><testcase classname="jasmine" name="finding from user agent for a desktop device should be desktop when userAgent is Mozilla/4.0 (compatible; GoogleToolbar 4.0.1019.5266-big; Windows XP 5.1; MSIE 6.0.2900.2180)" time="0.0" failure="false"/><testcase classname="jasmine" name="finding from user agent for a desktop device should be desktop when userAgent is Mozilla/4.0 (compatible; MSIE 4.5; Windows NT 5.1; .NET CLR 2.0.40607)" time="0.0" failure="false"/><testcase classname="jasmine" name="finding from user agent for a desktop device should be desktop when userAgent is Mozilla/4.0 (compatible; MSIE 5.13; Mac_PowerPC)" time="0.0" failure="false"/><testcase classname="jasmine" name="finding from user agent for a desktop device should be desktop when userAgent is Mozilla/4.0 (compatible; MSIE 5.15; Mac_PowerPC)" time="0.0" failure="false"/><testcase classname="jasmine" name="finding from user agent for a desktop device should be desktop when userAgent is Mozilla/4.0 (compatible; MSIE 5.16; Mac_PowerPC)" time="0.0" failure="false"/><testcase classname="jasmine" name="finding from user agent for a desktop device should be desktop when userAgent is Mozilla/4.0 (compatible; MSIE 5.5; Windows 98; Win 9x 4.90)" time="0.0" failure="false"/><testcase classname="jasmine" name="finding from user agent for a desktop device should be desktop when userAgent is Mozilla/4.0 (compatible; MSIE 5.5; Windows NT 5.0 )" time="0.0" failure="false"/><testcase classname="jasmine" name="finding from user agent for a desktop device should be desktop when userAgent is Mozilla/4.0 (compatible; MSIE 6.0; Linux 2.6.26-1-amd64) Lobo/0.98.3" time="0.0" failure="false"/><testcase classname="jasmine" name="finding from user agent for a desktop device should be desktop when userAgent is Mozilla/4.0 (compatible; MSIE 6.0; Windows NT 5.0; .NET CLR 1.1.4322) Sleipnir/2.8.3" time="0.0" failure="false"/><testcase classname="jasmine" name="finding from user agent for a desktop device should be desktop when userAgent is Mozilla/4.0 (compatible; MSIE 6.0; Windows NT 5.0; .NET CLR 1.1.4322; Lunascape 2.1.3)" time="0.0" failure="false"/><testcase classname="jasmine" name="finding from user agent for a desktop device should be desktop when userAgent is Mozilla/4.0 (compatible; MSIE 6.0; Windows NT 5.0; en) Opera 8.0" time="0.0" failure="false"/><testcase classname="jasmine" name="finding from user agent for a desktop device should be desktop when userAgent is Mozilla/4.0 (compatible; MSIE 6.0; Windows NT 5.1)" time="0.0" failure="false"/><testcase classname="jasmine" name="finding from user agent for a desktop device should be desktop when userAgent is Mozilla/4.0 (compatible; MSIE 6.0; Windows NT 5.1; Crazy Browser 1.0.5; .NET CLR 1.0.3705; .NET CLR 1.1.4322)" time="0.0" failure="false"/><testcase classname="jasmine" name="finding from user agent for a desktop device should be desktop when userAgent is Mozilla/4.0 (compatible; MSIE 6.0; Windows NT 5.1; SV1; .NET CLR 2.0.50727; Lunascape 4.7.2)" time="0.0" failure="false"/><testcase classname="jasmine" name="finding from user agent for a desktop device should be desktop when userAgent is Mozilla/4.0 (compatible; MSIE 6.0; Windows NT 5.1; SV1; Alexa Toolbar; Crazy Browser 2.0.1)" time="0.0" failure="false"/><testcase classname="jasmine" name="finding from user agent for a desktop device should be desktop when userAgent is Mozilla/4.0 (compatible; MSIE 7.0; AOL 9.0; Windows NT 5.1; GTB5; Mozilla/4.0 (compatible; MSIE 6.0; Windows NT 5.1; SV1) ; .NET CLR 1.0.3705; .NET CLR 1.1.4322; Media Center PC 4.0)" time="0.0" failure="false"/><testcase classname="jasmine" name="finding from user agent for a desktop device should be desktop when userAgent is Mozilla/4.0 (compatible; MSIE 7.0; Windows NT 5.1; .NET CLR 1.0.3705; .NET CLR 1.1.4322; Media Center PC 4.0; .NET CLR 2.0.50727; .NET CLR 3.0.04506.30) Sleipnir/2.7.1" time="0.0" failure="false"/><testcase classname="jasmine" name="finding from user agent for a desktop device should be desktop when userAgent is Mozilla/4.0 (compatible; MSIE 7.0; Windows NT 5.1; .NET CLR 1.1.4322; .NET CLR 2.0.50727; .NET CLR 3.0.4506.2152) Sleipnir/2.5.13" time="0.0" failure="false"/><testcase classname="jasmine" name="finding from user agent for a desktop device should be desktop when userAgent is Mozilla/4.0 (compatible; MSIE 7.0; Windows NT 5.1; .NET CLR 2.0.50727; .NET CLR 3.0.4506.2152; .NET CLR 3.5.30729) Sleipnir/2.8.3" time="0.0" failure="false"/><testcase classname="jasmine" name="finding from user agent for a desktop device should be desktop when userAgent is Mozilla/4.0 (compatible; MSIE 7.0; Windows NT 5.1; Avant Browser; Avant Browser; .NET CLR 1.0.3705; .NET CLR 1.1.4322; Media Center PC 4.0; .NET CLR 2.0.50727; .NET CLR 3.0.04506.30)" time="0.0" failure="false"/><testcase classname="jasmine" name="finding from user agent for a desktop device should be desktop when userAgent is Mozilla/4.0 (compatible; MSIE 7.0; Windows NT 6.0)" time="0.0" failure="false"/><testcase classname="jasmine" name="finding from user agent for a desktop device should be desktop when userAgent is Mozilla/4.0 (compatible; MSIE 7.0; Windows NT 6.0; Trident/4.0)" time="0.0" failure="false"/><testcase classname="jasmine" name="finding from user agent for a desktop device should be desktop when userAgent is Mozilla/4.0 (compatible; MSIE 7.0; Windows NT 6.0; Trident/5.0)" time="0.0" failure="false"/><testcase classname="jasmine" name="finding from user agent for a desktop device should be desktop when userAgent is Mozilla/4.0 (compatible; MSIE 7.0; Windows NT 6.1; Trident/4.0; SLCC2; .NET CLR 2.0.50727; .NET CLR 3.5.30729; .NET CLR 3.0.30729; Media Center PC 6.0; Maxthon 2.0)" time="0.0" failure="false"/><testcase classname="jasmine" name="finding from user agent for a desktop device should be desktop when userAgent is Mozilla/4.0 (compatible; MSIE 7.0; Windows NT 6.1; Trident/6.0)" time="0.0" failure="false"/><testcase classname="jasmine" name="finding from user agent for a desktop device should be desktop when userAgent is Mozilla/4.0 (compatible; MSIE 7.0; Windows NT 6.1; WOW64; Trident/4.0; Deepnet Explorer 1.5.3; Smart 2x2; SLCC2; .NET CLR 2.0.50727; .NET CLR 3.5.30729; .NET CLR 3.0.30729; Media Center PC 6.0; .NET4.0C; .NET4.0E)" time="0.0" failure="false"/><testcase classname="jasmine" name="finding from user agent for a desktop device should be desktop when userAgent is Mozilla/4.0 (compatible; MSIE 7.0; Windows NT 6.3; Trident/7.0; .NET4.0E; .NET4.0C)" time="0.0" failure="false"/><testcase classname="jasmine" name="finding from user agent for a desktop device should be desktop when userAgent is Mozilla/4.0 (compatible; MSIE 8.0; AOL 9.6; AOLBuild 4340.5001; Windows NT 5.1; Trident/4.0)" time="0.0" failure="false"/><testcase classname="jasmine" name="finding from user agent for a desktop device should be desktop when userAgent is Mozilla/4.0 (compatible; MSIE 8.0; Windows NT 5.1; Trident/4.0; .NET CLR 2.0.50727; .NET CLR 3.0.04506.648; .NET CLR 3.5.21022; .NET CLR 3.0.4506.2152; .NET CLR 3.5.30729)" time="0.0" failure="false"/><testcase classname="jasmine" name="finding from user agent for a desktop device should be desktop when userAgent is Mozilla/4.0 (compatible; MSIE 8.0; Windows NT 5.1; Trident/4.0; Maxthon; .NET CLR 1.1.4322; .NET CLR 2.0.50727)" time="0.0" failure="false"/><testcase classname="jasmine" name="finding from user agent for a desktop device should be desktop when userAgent is Mozilla/4.0 (compatible; MSIE 8.0; Windows NT 6.0; Trident/4.0)" time="0.0" failure="false"/><testcase classname="jasmine" name="finding from user agent for a desktop device should be desktop when userAgent is Mozilla/4.0 (compatible; MSIE 8.0; Windows NT 6.1; Trident/4.0)" time="0.0" failure="false"/><testcase classname="jasmine" name="finding from user agent for a desktop device should be desktop when userAgent is Mozilla/4.0 (compatible; MSIE 8.0; Windows NT 6.1; Trident/4.0; SLCC2; .NET CLR 2.0.50727; .NET CLR 3.5.30729; .NET CLR 3.0.30729; Media Center PC 6.0; Media Center PC 5.0; SLCC1; OfficeLiveConnector.1.5; OfficeLivePatch.1.3; .NET4.0C; Lunascape 6.3." time="0.0" failure="false"/><testcase classname="jasmine" name="finding from user agent for a desktop device should be desktop when userAgent is Mozilla/4.0 (compatible; MSIE 8.0; X11; Linux x86_64; de) Opera 10.62" time="0.0" failure="false"/><testcase classname="jasmine" name="finding from user agent for a desktop device should be desktop when userAgent is Mozilla/4.0 (compatible; WebCapture 3.0; Macintosh)" time="0.0" failure="false"/><testcase classname="jasmine" name="finding from user agent for a desktop device should be desktop when userAgent is Mozilla/4.5 (compatible; OmniWeb/4.2.1-v435.9; Mac_PowerPC)" time="0.0" failure="false"/><testcase classname="jasmine" name="finding from user agent for a desktop device should be desktop when userAgent is Mozilla/4.6 (Macintosh; I; PPC)" time="0.0" failure="false"/><testcase classname="jasmine" name="finding from user agent for a desktop device should be desktop when userAgent is Mozilla/4.77 [en] (Win98; U)" time="0.0" failure="false"/><testcase classname="jasmine" name="finding from user agent for a desktop device should be desktop when userAgent is Mozilla/4.77 [en] (X11; I; IRIX;64 6.5 IP30)" time="0.0" failure="false"/><testcase classname="jasmine" name="finding from user agent for a desktop device should be desktop when userAgent is Mozilla/4.7C-SGI [en] (X11; I; IRIX 6.5 IP32)" time="0.0" failure="false"/><testcase classname="jasmine" name="finding from user agent for a desktop device should be desktop when userAgent is Mozilla/4.8 [en] (Windows NT 5.1; U)" time="0.0" failure="false"/><testcase classname="jasmine" name="finding from user agent for a desktop device should be desktop when userAgent is Mozilla/4.8 [en] (X11; U; SunOS; 5.7 sun4u)" time="0.0" failure="false"/><testcase classname="jasmine" name="finding from user agent for a desktop device should be desktop when userAgent is Mozilla/5.0 (BeOS; U; BeOS BePC; en-US; rv:1.9a1) Gecko/20060702 SeaMonkey/1.5a" time="0.0" failure="false"/><testcase classname="jasmine" name="finding from user agent for a desktop device should be desktop when userAgent is Mozilla/5.0 (Future Star Technologies Corp.; Star-Blade OS; x86_64; U; en-US) iNet Browser 4.7" time="0.0" failure="false"/><testcase classname="jasmine" name="finding from user agent for a desktop device should be desktop when userAgent is Mozilla/5.0 (Macintosh; AMD Mac OS X 10_8_2) AppleWebKit/535.22 (KHTML, like Gecko) Chrome/18.6.872" time="0.0" failure="false"/><testcase classname="jasmine" name="finding from user agent for a desktop device should be desktop when userAgent is Mozilla/5.0 (Macintosh; Intel Mac OS X 10.5; rv:10.0.1) Gecko/20100101 Firefox/10.0.1 SeaMonkey/2.7.1" time="0.0" failure="false"/><testcase classname="jasmine" name="finding from user agent for a desktop device should be desktop when userAgent is Mozilla/5.0 (Macintosh; Intel Mac OS X 10.6; rv:2.0.1) Gecko/20100101 Firefox/4.0.1" time="0.0" failure="false"/><testcase classname="jasmine" name="finding from user agent for a desktop device should be desktop when userAgent is Mozilla/5.0 (Macintosh; Intel Mac OS X 10.6; rv:2.0.1) Gecko/20100101 Firefox/4.0.1 Camino/2.2.1" time="0.0" failure="false"/><testcase classname="jasmine" name="finding from user agent for a desktop device should be desktop when userAgent is Mozilla/5.0 (Macintosh; Intel Mac OS X 10.6; rv:2.0b6pre) Gecko/20100907 Firefox/4.0b6pre Camino/2.2a1pre" time="0.0" failure="false"/><testcase classname="jasmine" name="finding from user agent for a desktop device should be desktop when userAgent is Mozilla/5.0 (Macintosh; Intel Mac OS X 10.6; rv:25.0) Gecko/20100101 Firefox/25.0" time="0.0" failure="false"/><testcase classname="jasmine" name="finding from user agent for a desktop device should be desktop when userAgent is Mozilla/5.0 (Macintosh; Intel Mac OS X 10.6; rv:5.0) Gecko/20100101 Firefox/5.0" time="0.0" failure="false"/><testcase classname="jasmine" name="finding from user agent for a desktop device should be desktop when userAgent is Mozilla/5.0 (Macintosh; Intel Mac OS X 10.6; rv:9.0) Gecko/20100101 Firefox/9.0" time="0.0" failure="false"/><testcase classname="jasmine" name="finding from user agent for a desktop device should be desktop when userAgent is Mozilla/5.0 (Macintosh; Intel Mac OS X 10.7; rv:20.0) Gecko/20100101 Firefox/20.0" time="0.0" failure="false"/><testcase classname="jasmine" name="finding from user agent for a desktop device should be desktop when userAgent is Mozilla/5.0 (Macintosh; Intel Mac OS X 10.8; rv:16.0) Gecko/20120813 Firefox/16.0" time="0.0" failure="false"/><testcase classname="jasmine" name="finding from user agent for a desktop device should be desktop when userAgent is Mozilla/5.0 (Macintosh; Intel Mac OS X 10.8; rv:21.0) Gecko/20100101 Firefox/21.0" time="0.0" failure="false"/><testcase classname="jasmine" name="finding from user agent for a desktop device should be desktop when userAgent is Mozilla/5.0 (Macintosh; Intel Mac OS X 1083) AppleWebKit/537.36 (KHTML like Gecko) Chrome/28.0.1469.0 Safari/537.36" time="0.0" failure="false"/><testcase classname="jasmine" name="finding from user agent for a desktop device should be desktop when userAgent is Mozilla/5.0 (Macintosh; Intel Mac OS X 10_6_0) AppleWebKit/537.4 (KHTML, like Gecko) Chrome/22.0.1229.79 Safari/537.4" time="0.0" failure="false"/><testcase classname="jasmine" name="finding from user agent for a desktop device should be desktop when userAgent is Mozilla/5.0 (Macintosh; Intel Mac OS X 10_6_3) AppleWebKit/535.1 (KHTML, like Gecko) Chrome/13.0.782.32 Safari/535.1" time="0.0" failure="false"/><testcase classname="jasmine" name="finding from user agent for a desktop device should be desktop when userAgent is Mozilla/5.0 (Macintosh; Intel Mac OS X 10_6_6) AppleWebKit/534.24 (KHTML, like Gecko) Chrome/11.0.698.0 Safari/534.24" time="0.0" failure="false"/><testcase classname="jasmine" name="finding from user agent for a desktop device should be desktop when userAgent is Mozilla/5.0 (Macintosh; Intel Mac OS X 10_6_7) AppleWebKit/534.24 (KHTML, like Gecko) RockMelt/0.9.58.471 Chrome/11.0.696.71 Safari/534.24" time="0.0" failure="false"/><testcase classname="jasmine" name="finding from user agent for a desktop device should be desktop when userAgent is Mozilla/5.0 (Macintosh; Intel Mac OS X 10_6_8) AppleWebKit/534.30 (KHTML, like Gecko) Chrome/12.0.742.68 Safari/534.30" time="0.0" failure="false"/><testcase classname="jasmine" name="finding from user agent for a desktop device should be desktop when userAgent is Mozilla/5.0 (Macintosh; Intel Mac OS X 10_6_8) AppleWebKit/535.2 (KHTML, like Gecko) Chrome/15.0.874.54 Safari/535.2" time="0.0" failure="false"/><testcase classname="jasmine" name="finding from user agent for a desktop device should be desktop when userAgent is Mozilla/5.0 (Macintosh; Intel Mac OS X 10_6_8) AppleWebKit/535.7 (KHTML, like Gecko) Chrome/16.0.912.36 Safari/535.7" time="0.0" failure="false"/><testcase classname="jasmine" name="finding from user agent for a desktop device should be desktop when userAgent is Mozilla/5.0 (Macintosh; Intel Mac OS X 10_6_8) AppleWebKit/537.13+ (KHTML, like Gecko) Version/5.1.7 Safari/534.57.2" time="0.0" failure="false"/><testcase classname="jasmine" name="finding from user agent for a desktop device should be desktop when userAgent is Mozilla/5.0 (Macintosh; Intel Mac OS X 10_7_2) AppleWebKit/535.1 (KHTML, like Gecko) Chrome/14.0.835.186 Safari/535.1" time="0.0" failure="false"/><testcase classname="jasmine" name="finding from user agent for a desktop device should be desktop when userAgent is Mozilla/5.0 (Macintosh; Intel Mac OS X 10_7_2; rv:10.0.1) Gecko/20100101 Firefox/10.0.1" time="0.0" failure="false"/><testcase classname="jasmine" name="finding from user agent for a desktop device should be desktop when userAgent is Mozilla/5.0 (Macintosh; Intel Mac OS X 10_7_3) AppleWebKit/534.55.3 (KHTML, like Gecko) Version/5.1.3 Safari/534.53.10" time="0.0" failure="false"/><testcase classname="jasmine" name="finding from user agent for a desktop device should be desktop when userAgent is Mozilla/5.0 (Macintosh; Intel Mac OS X 10_7_3) AppleWebKit/535.1 (KHTML, like Gecko) Iron/14.0.850.0 Chrome/14.0.850.0 Safari/535.1" time="0.0" failure="false"/><testcase classname="jasmine" name="finding from user agent for a desktop device should be desktop when userAgent is Mozilla/5.0 (Macintosh; Intel Mac OS X 10_7_4) AppleWebKit/537.13 (KHTML, like Gecko) Chrome/24.0.1290.1 Safari/537.13" time="0.0" failure="false"/><testcase classname="jasmine" name="finding from user agent for a desktop device should be desktop when userAgent is Mozilla/5.0 (Macintosh; Intel Mac OS X 10_7_5) AppleWebKit/536.26.17 (KHTML like Gecko) Version/6.0.2 Safari/536.26.17" time="0.0" failure="false"/><testcase classname="jasmine" name="finding from user agent for a desktop device should be desktop when userAgent is Mozilla/5.0 (Macintosh; Intel Mac OS X 10_8_0) AppleWebKit/536.3 (KHTML, like Gecko) Chrome/19.0.1063.0 Safari/536.3" time="0.0" failure="false"/><testcase classname="jasmine" name="finding from user agent for a desktop device should be desktop when userAgent is Mozilla/5.0 (Macintosh; Intel Mac OS X 10_8_2) AppleWebKit/537.4 (KHTML like Gecko) Chrome/22.0.1229.79 Safari/537.4" time="0.0" failure="false"/><testcase classname="jasmine" name="finding from user agent for a desktop device should be desktop when userAgent is Mozilla/5.0 (Macintosh; Intel Mac OS X 10_8_4) AppleWebKit/537.31 (KHTML like Gecko) Chrome/26.0.1410.63 Safari/537.31" time="0.0" failure="false"/><testcase classname="jasmine" name="finding from user agent for a desktop device should be desktop when userAgent is Mozilla/5.0 (Macintosh; Intel Mac OS X 10_9_0) AppleWebKit/537.36 (KHTML, like Gecko) Chrome/32.0.1664.3 Safari/537.36" time="0.0" failure="false"/><testcase classname="jasmine" name="finding from user agent for a desktop device should be desktop when userAgent is Mozilla/5.0 (Macintosh; PPC Mac OS X 10_6_7) AppleWebKit/535.1 (KHTML, like Gecko) Chrome/14.0.790.0 Safari/535.1" time="0.0" failure="false"/><testcase classname="jasmine" name="finding from user agent for a desktop device should be desktop when userAgent is Mozilla/5.0 (Macintosh; U; Intel Mac OS X 10.5; en-US; rv:1.9.1) Gecko/20090624 Firefox/3.5" time="0.0" failure="false"/><testcase classname="jasmine" name="finding from user agent for a desktop device should be desktop when userAgent is Mozilla/5.0 (Macintosh; U; Intel Mac OS X 10.5; en-US; rv:1.9.1.9) Gecko/20100317 Thunderbird/3.0.4" time="0.0" failure="false"/><testcase classname="jasmine" name="finding from user agent for a desktop device should be desktop when userAgent is Mozilla/5.0 (Macintosh; U; Intel Mac OS X 10.5; en-US; rv:1.9b4pre) Gecko/2008022104 Minefield/3.0b4pre" time="0.0" failure="false"/><testcase classname="jasmine" name="finding from user agent for a desktop device should be desktop when userAgent is Mozilla/5.0 (Macintosh; U; Intel Mac OS X 10.5; it; rv:1.9.2.22) Gecko/20110902 Firefox/3.6.22" time="0.0" failure="false"/><testcase classname="jasmine" name="finding from user agent for a desktop device should be desktop when userAgent is Mozilla/5.0 (Macintosh; U; Intel Mac OS X 10.6; en-US; rv:1.9.2.13; ) Gecko/20101203" time="0.0" failure="false"/><testcase classname="jasmine" name="finding from user agent for a desktop device should be desktop when userAgent is Mozilla/5.0 (Macintosh; U; Intel Mac OS X 10.6; en-US; rv:1.9.2.14) Gecko/20110218 AlexaToolbar/alxf-2.0 Firefox/3.6.14" time="0.0" failure="false"/><testcase classname="jasmine" name="finding from user agent for a desktop device should be desktop when userAgent is Mozilla/5.0 (Macintosh; U; Intel Mac OS X 10.6; fr; rv:1.9.2.23) Gecko/20110920 Firefox/3.6.23" time="0.0" failure="false"/><testcase classname="jasmine" name="finding from user agent for a desktop device should be desktop when userAgent is Mozilla/5.0 (Macintosh; U; Intel Mac OS X 10_5_5; en-us) AppleWebKit/528.1 (KHTML, like Gecko) Stainless/0.3.5 Safari/525.20.1" time="0.0" failure="false"/><testcase classname="jasmine" name="finding from user agent for a desktop device should be desktop when userAgent is Mozilla/5.0 (Macintosh; U; Intel Mac OS X 10_5_5; ja-jp) AppleWebKit/525.18 (KHTML, like Gecko) Sunrise/1.7.5 like Safari/5525.20.1" time="0.0" failure="false"/><testcase classname="jasmine" name="finding from user agent for a desktop device should be desktop when userAgent is Mozilla/5.0 (Macintosh; U; Intel Mac OS X 10_5_6; en-US) AppleWebKit/528.16 (KHTML, like Gecko, Safari/528.16) OmniWeb/v622.8.0" time="0.0" failure="false"/><testcase classname="jasmine" name="finding from user agent for a desktop device should be desktop when userAgent is Mozilla/5.0 (Macintosh; U; Intel Mac OS X 10_5_6; en-us) AppleWebKit/528.16 (KHTML, like Gecko) Fluid/0.9.6 Safari/528.16" time="0.0" failure="false"/><testcase classname="jasmine" name="finding from user agent for a desktop device should be desktop when userAgent is Mozilla/5.0 (Macintosh; U; Intel Mac OS X 10_5_6; ko-kr) AppleWebKit/525.27.1 (KHTML, like Gecko) Version/3.2.1 Safari/525.27.1" time="0.0" failure="false"/><testcase classname="jasmine" name="finding from user agent for a desktop device should be desktop when userAgent is Mozilla/5.0 (Macintosh; U; Intel Mac OS X 10_5_7;en-us) AppleWebKit/530.17 (KHTML, like Gecko) Version/4.0 Safari/530.17" time="0.0" failure="false"/><testcase classname="jasmine" name="finding from user agent for a desktop device should be desktop when userAgent is Mozilla/5.0 (Macintosh; U; Intel Mac OS X 10_5_8; en-US) AppleWebKit/532.0 (KHTML, like Gecko) Chrome/4.0.210.0 Safari/532.0" time="0.0" failure="false"/><testcase classname="jasmine" name="finding from user agent for a desktop device should be desktop when userAgent is Mozilla/5.0 (Macintosh; U; Intel Mac OS X 10_5_8; en-US) AppleWebKit/532.8 (KHTML, like Gecko) Chrome/4.0.302.2 Safari/532.8" time="0.0" failure="false"/><testcase classname="jasmine" name="finding from user agent for a desktop device should be desktop when userAgent is Mozilla/5.0 (Macintosh; U; Intel Mac OS X 10_5_8; en-US) AppleWebKit/534.10 (KHTML, like Gecko) Chrome/8.0.552.224 Safari/534.10" time="0.0" failure="false"/><testcase classname="jasmine" name="finding from user agent for a desktop device should be desktop when userAgent is Mozilla/5.0 (Macintosh; U; Intel Mac OS X 10_6_2; de-de) AppleWebKit/531.21.8 (KHTML, like Gecko) NetNewsWire/3.2.3" time="0.0" failure="false"/><testcase classname="jasmine" name="finding from user agent for a desktop device should be desktop when userAgent is Mozilla/5.0 (Macintosh; U; Intel Mac OS X 10_6_2; en-US) AppleWebKit/533.2 (KHTML, like Gecko) Chrome/5.0.343.0 Safari/533.2" time="0.0" failure="false"/><testcase classname="jasmine" name="finding from user agent for a desktop device should be desktop when userAgent is Mozilla/5.0 (Macintosh; U; Intel Mac OS X 10_6_2; en-US) AppleWebKit/533.4 (KHTML, like Gecko) Chrome/5.0.375.70 Safari/533.4" time="0.0" failure="false"/><testcase classname="jasmine" name="finding from user agent for a desktop device should be desktop when userAgent is Mozilla/5.0 (Macintosh; U; Intel Mac OS X 10_6_2; en-us) AppleWebKit/531.21.8 (KHTML, like Gecko) Version/4.0.4 Safari/531.21.10" time="0.0" failure="false"/><testcase classname="jasmine" name="finding from user agent for a desktop device should be desktop when userAgent is Mozilla/5.0 (Macintosh; U; Intel Mac OS X 10_6_3; en-US) AppleWebKit/533.3 (KHTML, like Gecko) Chrome/5.0.363.0 Safari/533.3" time="0.0" failure="false"/><testcase classname="jasmine" name="finding from user agent for a desktop device should be desktop when userAgent is Mozilla/5.0 (Macintosh; U; Intel Mac OS X 10_6_4; en-US) AppleWebKit/534.3 (KHTML, like Gecko) Chrome/6.0.464.0 Safari/534.3" time="0.0" failure="false"/><testcase classname="jasmine" name="finding from user agent for a desktop device should be desktop when userAgent is Mozilla/5.0 (Macintosh; U; Intel Mac OS X 10_6_5; de-de) AppleWebKit/534.15  (KHTML, like Gecko) Version/5.0.3 Safari/533.19.4" time="0.0" failure="false"/><testcase classname="jasmine" name="finding from user agent for a desktop device should be desktop when userAgent is Mozilla/5.0 (Macintosh; U; Intel Mac OS X 10_6_5; en-US) AppleWebKit/534.13 (KHTML, like Gecko) Chrome/9.0.597.15 Safari/534.13" time="0.0" failure="false"/><testcase classname="jasmine" name="finding from user agent for a desktop device should be desktop when userAgent is Mozilla/5.0 (Macintosh; U; Intel Mac OS X 10_6_6; en-us) AppleWebKit/533.20.25 (KHTML, like Gecko) Version/5.0.4 Safari/533.20.27" time="0.0" failure="false"/><testcase classname="jasmine" name="finding from user agent for a desktop device should be desktop when userAgent is Mozilla/5.0 (Macintosh; U; Intel Mac OS X 10_6_7; en-US) AppleWebKit/531.21.8+(KHTML, like Gecko, Safari/528.16) Version/5.10.3 OmniWeb/622.14.0" time="0.0" failure="false"/><testcase classname="jasmine" name="finding from user agent for a desktop device should be desktop when userAgent is Mozilla/5.0 (Macintosh; U; Intel Mac OS X 10_7; en-us) AppleWebKit/534.20.8 (KHTML, like Gecko) Version/5.1 Safari/534.20.8" time="0.0" failure="false"/><testcase classname="jasmine" name="finding from user agent for a desktop device should be desktop when userAgent is Mozilla/5.0 (Macintosh; U; Intel Mac OS X; en-US) AppleWebKit/528.16 (KHTML, like Gecko, Safari/528.16) OmniWeb/v622.8.0.112941" time="0.0" failure="false"/><testcase classname="jasmine" name="finding from user agent for a desktop device should be desktop when userAgent is Mozilla/5.0 (Macintosh; U; Intel Mac OS X; en-US; rv:1.8.0.10) Gecko/20070228 Camino/1.0.4" time="0.0" failure="false"/><testcase classname="jasmine" name="finding from user agent for a desktop device should be desktop when userAgent is Mozilla/5.0 (Macintosh; U; Intel Mac OS X; en-US; rv:1.8.1.11) Gecko/20071206" time="0.0" failure="false"/><testcase classname="jasmine" name="finding from user agent for a desktop device should be desktop when userAgent is Mozilla/5.0 (Macintosh; U; Mac OS X Mach-O; en-US; rv:2.0a) Gecko/20040614 Firefox/3.0.0 " time="0.0" failure="false"/><testcase classname="jasmine" name="finding from user agent for a desktop device should be desktop when userAgent is Mozilla/5.0 (Macintosh; U; PPC Mac OS X 10.5; en-US; rv:1.9.0.3) Gecko/2008092414 Firefox/3.0.3" time="0.0" failure="false"/><testcase classname="jasmine" name="finding from user agent for a desktop device should be desktop when userAgent is Mozilla/5.0 (Macintosh; U; PPC Mac OS X 10.5; en-US; rv:1.9.2.15) Gecko/20110303 Firefox/3.6.15" time="0.0" failure="false"/><testcase classname="jasmine" name="finding from user agent for a desktop device should be desktop when userAgent is Mozilla/5.0 (Macintosh; U; PPC Mac OS X 10_5_8; ja-jp) AppleWebKit/530.19.2 (KHTML, like Gecko) Version/3.2.3 Safari/525.28.3" time="0.0" failure="false"/><testcase classname="jasmine" name="finding from user agent for a desktop device should be desktop when userAgent is Mozilla/5.0 (Macintosh; U; PPC Mac OS X Mach-O; en-US; rv:1.0.1) Gecko/20030109 Chimera/0.6" time="0.0" failure="false"/><testcase classname="jasmine" name="finding from user agent for a desktop device should be desktop when userAgent is Mozilla/5.0 (Macintosh; U; PPC Mac OS X Mach-O; en-US; rv:1.0.1) Gecko/20030306 Camino/0.7" time="0.0" failure="false"/><testcase classname="jasmine" name="finding from user agent for a desktop device should be desktop when userAgent is Mozilla/5.0 (Macintosh; U; PPC Mac OS X Mach-O; en-US; rv:1.8.1.12) Gecko/20080219 Firefox/2.0.0.12 Navigator/9.0.0.6" time="0.0" failure="false"/><testcase classname="jasmine" name="finding from user agent for a desktop device should be desktop when userAgent is Mozilla/5.0 (Macintosh; U; PPC Mac OS X Mach-O; en-US; rv:1.8.1.4) Gecko/20070515 Firefox/2.0.4" time="0.0" failure="false"/><testcase classname="jasmine" name="finding from user agent for a desktop device should be desktop when userAgent is Mozilla/5.0 (Macintosh; U; PPC Mac OS X Mach-O; en-US; rv:1.8b) Gecko/20050217" time="0.0" failure="false"/><testcase classname="jasmine" name="finding from user agent for a desktop device should be desktop when userAgent is Mozilla/5.0 (Macintosh; U; PPC Mac OS X Mach-O; en-US; rv:1.8b2) Gecko Camino/0.9+" time="0.0" failure="false"/><testcase classname="jasmine" name="finding from user agent for a desktop device should be desktop when userAgent is Mozilla/5.0 (Macintosh; U; PPC Mac OS X Mach-O; en; rv:1.8.1.4pre) Gecko/20070511 Camino/1.6pre" time="0.0" failure="false"/><testcase classname="jasmine" name="finding from user agent for a desktop device should be desktop when userAgent is Mozilla/5.0 (Macintosh; U; PPC Mac OS X; en) AppleWebKit/124 (KHTML, like Gecko)" time="0.0" failure="false"/><testcase classname="jasmine" name="finding from user agent for a desktop device should be desktop when userAgent is Mozilla/5.0 (Macintosh; U; PPC Mac OS X; en) AppleWebKit/125.2 (KHTML, like Gecko) Safari/125.8" time="0.0" failure="false"/><testcase classname="jasmine" name="finding from user agent for a desktop device should be desktop when userAgent is Mozilla/5.0 (Macintosh; U; PPC Mac OS X; en) AppleWebKit/125.2 (KHTML, like Gecko) Safari/85.8" time="0.0" failure="false"/><testcase classname="jasmine" name="finding from user agent for a desktop device should be desktop when userAgent is Mozilla/5.0 (Macintosh; U; PPC Mac OS X; en) AppleWebKit/312.5.1 (KHTML, like Gecko) Safari/312.3.1" time="0.0" failure="false"/><testcase classname="jasmine" name="finding from user agent for a desktop device should be desktop when userAgent is Mozilla/5.0 (Macintosh; U; PPC Mac OS X; en) AppleWebKit/418.8 (KHTML, like Gecko) Safari/419.3" time="0.0" failure="false"/><testcase classname="jasmine" name="finding from user agent for a desktop device should be desktop when userAgent is Mozilla/5.0 (Macintosh; U; PPC Mac OS X; en) AppleWebKit/418.8 (KHTML, like Gecko, Safari) Cheshire/1.0.UNOFFICIAL" time="0.0" failure="false"/><testcase classname="jasmine" name="finding from user agent for a desktop device should be desktop when userAgent is Mozilla/5.0 (Macintosh; U; PPC Mac OS X; en) AppleWebKit/418.9 (KHTML, like Gecko) Shiira/1.2.2 Safari/125" time="0.0" failure="false"/><testcase classname="jasmine" name="finding from user agent for a desktop device should be desktop when userAgent is Mozilla/5.0 (Macintosh; U; PPC Mac OS X; en-US) AppleWebKit/125.4 (KHTML, like Gecko, Safari) OmniWeb/v563.15" time="0.0" failure="false"/><testcase classname="jasmine" name="finding from user agent for a desktop device should be desktop when userAgent is Mozilla/5.0 (Macintosh; U; PPC Mac OS X; en-US) AppleWebKit/420+ (KHTML, like Gecko, Safari/420) OmniWeb/v601" time="0.0" failure="false"/><testcase classname="jasmine" name="finding from user agent for a desktop device should be desktop when userAgent is Mozilla/5.0 (Macintosh; U; PPC Mac OS X; en-US) AppleWebKit/420+ (KHTML, like Gecko, Safari/420) OmniWeb/v602" time="0.0" failure="false"/><testcase classname="jasmine" name="finding from user agent for a desktop device should be desktop when userAgent is Mozilla/5.0 (Macintosh; U; PPC Mac OS X; en-us) AppleWebKit/412.6 (KHTML, like Gecko) Safari/412.2" time="0.0" failure="false"/><testcase classname="jasmine" name="finding from user agent for a desktop device should be desktop when userAgent is Mozilla/5.0 (Macintosh; U; PPC Mac OS X; fr) AppleWebKit/85.7 (KHTML, like Gecko) Safari/85.5" time="0.0" failure="false"/><testcase classname="jasmine" name="finding from user agent for a desktop device should be desktop when userAgent is Mozilla/5.0 (Macintosh; U; PPC Mac OS X; fr-fr) AppleWebKit/312.5 (KHTML, like Gecko) Safari/312.3" time="0.0" failure="false"/><testcase classname="jasmine" name="finding from user agent for a desktop device should be desktop when userAgent is Mozilla/5.0 (Macintosh; U; PPC Mac OS; en) iCab 3" time="0.0" failure="false"/><testcase classname="jasmine" name="finding from user agent for a desktop device should be desktop when userAgent is Mozilla/5.0 (OS/2; U; OS/2; en-US) AppleWebKit/533.3 (KHTML, like Gecko) Arora/0.11.0 Safari/533.3 " time="0.0" failure="false"/><testcase classname="jasmine" name="finding from user agent for a desktop device should be desktop when userAgent is Mozilla/5.0 (OS/2; U; OS/2; en-US) AppleWebKit/533.3 (KHTML, like Gecko) QupZilla/1.3.1 Safari/533.3 " time="0.0" failure="false"/><testcase classname="jasmine" name="finding from user agent for a desktop device should be desktop when userAgent is Mozilla/5.0 (OS/2; Warp 4.5; rv:10.0.12) Gecko/20100101 Firefox/10.0.12" time="0.0" failure="false"/><testcase classname="jasmine" name="finding from user agent for a desktop device should be desktop when userAgent is Mozilla/5.0 (OS/2; Warp 4.5; rv:10.0.12) Gecko/20130108 Firefox/10.0.12 SeaMonkey/2.7.2" time="0.0" failure="false"/><testcase classname="jasmine" name="finding from user agent for a desktop device should be desktop when userAgent is Mozilla/5.0 (PLAYSTATION 3; 1.10)" time="0.0" failure="false"/><testcase classname="jasmine" name="finding from user agent for a desktop device should be desktop when userAgent is Mozilla/5.0 (PLAYSTATION 3; 2.00)" time="0.0" failure="false"/><testcase classname="jasmine" name="finding from user agent for a desktop device should be desktop when userAgent is Mozilla/5.0 (SunOS 5.8 sun4u; U) Opera 5.0 [en]" time="0.0" failure="false"/><testcase classname="jasmine" name="finding from user agent for a desktop device should be desktop when userAgent is Mozilla/5.0 (Unknown; U; UNIX BSD/SYSV system; C -) AppleWebKit/527  (KHTML, like Gecko, Safari/419.3) Arora/0.10.2" time="0.0" failure="false"/><testcase classname="jasmine" name="finding from user agent for a desktop device should be desktop when userAgent is Mozilla/5.0 (Windows NT 5.1) AppleWebKit/534.24 (KHTML, like Gecko) Chrome/11.0.696.43 Safari/534.24" time="0.0" failure="false"/><testcase classname="jasmine" name="finding from user agent for a desktop device should be desktop when userAgent is Mozilla/5.0 (Windows NT 5.1) AppleWebKit/535.1 (KHTML, like Gecko) Chrome/14.0.792.0 Safari/535.1" time="0.0" failure="false"/><testcase classname="jasmine" name="finding from user agent for a desktop device should be desktop when userAgent is Mozilla/5.0 (Windows NT 5.1) AppleWebKit/535.1 (KHTML, like Gecko) Chrome/14.0.813.0 Safari/535.1" time="0.0" failure="false"/><testcase classname="jasmine" name="finding from user agent for a desktop device should be desktop when userAgent is Mozilla/5.0 (Windows NT 5.1) AppleWebKit/535.1 (KHTML, like Gecko) Chrome/14.0.815.0 Safari/535.1" time="0.0" failure="false"/><testcase classname="jasmine" name="finding from user agent for a desktop device should be desktop when userAgent is Mozilla/5.0 (Windows NT 5.1) AppleWebKit/535.11 (KHTML, like Gecko) Chrome/17.0.963.66 Safari/535.11" time="0.0" failure="false"/><testcase classname="jasmine" name="finding from user agent for a desktop device should be desktop when userAgent is Mozilla/5.0 (Windows NT 5.1; U; en; rv:1.8.0) Gecko/20060728 Firefox/1.5.0 Opera 9.24" time="0.0" failure="false"/><testcase classname="jasmine" name="finding from user agent for a desktop device should be desktop when userAgent is Mozilla/5.0 (Windows NT 5.1; rv:13.0) Gecko/20120615 Firefox/13.0.1 SeaMonkey/2.10.1" time="0.0" failure="false"/><testcase classname="jasmine" name="finding from user agent for a desktop device should be desktop when userAgent is Mozilla/5.0 (Windows NT 5.1; rv:15.0) Gecko/20100101 Firefox/13.0.1" time="0.0" failure="false"/><testcase classname="jasmine" name="finding from user agent for a desktop device should be desktop when userAgent is Mozilla/5.0 (Windows NT 5.1; rv:5.0) Gecko/20100101 Firefox/5.0" time="0.0" failure="false"/><testcase classname="jasmine" name="finding from user agent for a desktop device should be desktop when userAgent is Mozilla/5.0 (Windows NT 5.1; rv:7.0a1) Gecko/20110619 Firefox/7.0a1 SeaMonkey/2.4a1" time="0.0" failure="false"/><testcase classname="jasmine" name="finding from user agent for a desktop device should be desktop when userAgent is Mozilla/5.0 (Windows NT 5.2; rv:10.0.1) Gecko/20100101 Firefox/10.0.1 SeaMonkey/2.7.1" time="0.0" failure="false"/><testcase classname="jasmine" name="finding from user agent for a desktop device should be desktop when userAgent is Mozilla/5.0 (Windows NT 5.2; rv:2.0b13pre) Gecko/20110317 SeaMonkey/2.1b3pre" time="0.0" failure="false"/><testcase classname="jasmine" name="finding from user agent for a desktop device should be desktop when userAgent is Mozilla/5.0 (Windows NT 5.2; rv:7.0a1) Gecko/20110616 SeaMonkey/2.4a1" time="0.0" failure="false"/><testcase classname="jasmine" name="finding from user agent for a desktop device should be desktop when userAgent is Mozilla/5.0 (Windows NT 6.0) AppleWebKit/535.2 (KHTML, like Gecko) Chrome/15.0.874.120 Safari/535.2" time="0.0" failure="false"/><testcase classname="jasmine" name="finding from user agent for a desktop device should be desktop when userAgent is Mozilla/5.0 (Windows NT 6.0; WOW64; rv:24.0) Gecko/20100101 Firefox/24.0" time="0.0" failure="false"/><testcase classname="jasmine" name="finding from user agent for a desktop device should be desktop when userAgent is Mozilla/5.0 (Windows NT 6.0; rv:14.0) Gecko/20100101 Firefox/14.0.1" time="0.0" failure="false"/><testcase classname="jasmine" name="finding from user agent for a desktop device should be desktop when userAgent is Mozilla/5.0 (Windows NT 6.1) AppleWebKit/534.24 (KHTML, like Gecko) Iron/11.0.777.3 Chrome/11.0.777.3 Safari/534.66" time="0.0" failure="false"/><testcase classname="jasmine" name="finding from user agent for a desktop device should be desktop when userAgent is Mozilla/5.0 (Windows NT 6.1) AppleWebKit/534.30 (KHTML, like Gecko) Chrome/12.0.742.122 Safari/534.30 ChromePlus/1.6.3.0alpha4" time="0.0" failure="false"/><testcase classname="jasmine" name="finding from user agent for a desktop device should be desktop when userAgent is Mozilla/5.0 (Windows NT 6.1) AppleWebKit/534.30 (KHTML, like Gecko) Comodo_Dragon/12.1.0.0 Chrome/12.0.742.91 Safari/534.30" time="0.0" failure="false"/><testcase classname="jasmine" name="finding from user agent for a desktop device should be desktop when userAgent is Mozilla/5.0 (Windows NT 6.1) AppleWebKit/535.1 (KHTML, like Gecko) Iron/13.0.800.0 Chrome/13.0.800.0 Safari/535.1" time="0.0" failure="false"/><testcase classname="jasmine" name="finding from user agent for a desktop device should be desktop when userAgent is Mozilla/5.0 (Windows NT 6.1) AppleWebKit/535.11 (KHTML, like Gecko) Iron/17.0.1000.2 Chrome/17.0.1000.2 Safari/535.11" time="0.0" failure="false"/><testcase classname="jasmine" name="finding from user agent for a desktop device should be desktop when userAgent is Mozilla/5.0 (Windows NT 6.1) AppleWebKit/535.2 (KHTML, like Gecko) Chrome/15.0.861.0 Safari/535.2" time="0.0" failure="false"/><testcase classname="jasmine" name="finding from user agent for a desktop device should be desktop when userAgent is Mozilla/5.0 (Windows NT 6.1) AppleWebKit/535.2 (KHTML, like Gecko) Chrome/18.6.872.0 Safari/535.2 UNTRUSTED/1.0 3gpp-gba UNTRUSTED/1.0" time="0.0" failure="false"/><testcase classname="jasmine" name="finding from user agent for a desktop device should be desktop when userAgent is Mozilla/5.0 (Windows NT 6.1) AppleWebKit/535.7 (KHTML, like Gecko) Chrome/16.0.912.77 Safari/535.7ad-imcjapan-syosyaman-xkgi3lqg03!wgz" time="0.0" failure="false"/><testcase classname="jasmine" name="finding from user agent for a desktop device should be desktop when userAgent is Mozilla/5.0 (Windows NT 6.1; WOW64) AppleWebKit/534.24 (KHTML, like Gecko) RockMelt/0.9.56.357 Chrome/11.0.696.71 Safari/534.24" time="0.0" failure="false"/><testcase classname="jasmine" name="finding from user agent for a desktop device should be desktop when userAgent is Mozilla/5.0 (Windows NT 6.1; WOW64) AppleWebKit/534.27 (KHTML, like Gecko) Chrome/12.0.712.0 Safari/534.27" time="0.0" failure="false"/><testcase classname="jasmine" name="finding from user agent for a desktop device should be desktop when userAgent is Mozilla/5.0 (Windows NT 6.1; WOW64) AppleWebKit/535.1 (KHTML, like Gecko) Chrome/13.0.782.24 Safari/535.1" time="0.0" failure="false"/><testcase classname="jasmine" name="finding from user agent for a desktop device should be desktop when userAgent is Mozilla/5.0 (Windows NT 6.1; WOW64) AppleWebKit/535.7 (KHTML, like Gecko) Chrome/16.0.912.36 Safari/535.7" time="0.0" failure="false"/><testcase classname="jasmine" name="finding from user agent for a desktop device should be desktop when userAgent is Mozilla/5.0 (Windows NT 6.1; WOW64) AppleWebKit/535.8 (KHTML, like Gecko) Beamrise/17.2.0.9 Chrome/17.0.939.0 Safari/535.8" time="0.0" failure="false"/><testcase classname="jasmine" name="finding from user agent for a desktop device should be desktop when userAgent is Mozilla/5.0 (Windows NT 6.1; WOW64) AppleWebKit/536.6 (KHTML, like Gecko) Chrome/20.0.1092.0 Safari/536.6" time="0.0" failure="false"/><testcase classname="jasmine" name="finding from user agent for a desktop device should be desktop when userAgent is Mozilla/5.0 (Windows NT 6.1; WOW64) AppleWebKit/537.1 (KHTML like Gecko) Maxthon/4.0.0.2000 Chrome/22.0.1229.79 Safari/537.1" time="0.0" failure="false"/><testcase classname="jasmine" name="finding from user agent for a desktop device should be desktop when userAgent is Mozilla/5.0 (Windows NT 6.1; WOW64) AppleWebKit/537.1 (KHTML, like Gecko) Chrome/22.0.1207.1 Safari/537.1" time="0.0" failure="false"/><testcase classname="jasmine" name="finding from user agent for a desktop device should be desktop when userAgent is Mozilla/5.0 (Windows NT 6.1; WOW64) AppleWebKit/537.36 (KHTML like Gecko) Chrome/28.0.1469.0 Safari/537.36" time="0.0" failure="false"/><testcase classname="jasmine" name="finding from user agent for a desktop device should be desktop when userAgent is Mozilla/5.0 (Windows NT 6.1; WOW64) AppleWebKit/537.36 (KHTML, like Gecko) Chrome/29.0.1547.62 Safari/537.36" time="0.0" failure="false"/><testcase classname="jasmine" name="finding from user agent for a desktop device should be desktop when userAgent is Mozilla/5.0 (Windows NT 6.1; WOW64; Trident/7.0; rv:11.0) like Gecko" time="0.0" failure="false"/><testcase classname="jasmine" name="finding from user agent for a desktop device should be desktop when userAgent is Mozilla/5.0 (Windows NT 6.1; WOW64; rv:10.0.1) Gecko/20100101 Firefox/10.0.1" time="0.0" failure="false"/><testcase classname="jasmine" name="finding from user agent for a desktop device should be desktop when userAgent is Mozilla/5.0 (Windows NT 6.1; WOW64; rv:12.0) Gecko/20120422 Firefox/12.0 SeaMonkey/2.9" time="0.0" failure="false"/><testcase classname="jasmine" name="finding from user agent for a desktop device should be desktop when userAgent is Mozilla/5.0 (Windows NT 6.1; WOW64; rv:15.0) Gecko/20120427 Firefox/15.0a1" time="0.0" failure="false"/><testcase classname="jasmine" name="finding from user agent for a desktop device should be desktop when userAgent is Mozilla/5.0 (Windows NT 6.1; WOW64; rv:16.0) Gecko/20121011 Firefox/16.0 SeaMonkey/2.13.1 Lightning/1.8" time="0.0" failure="false"/><testcase classname="jasmine" name="finding from user agent for a desktop device should be desktop when userAgent is Mozilla/5.0 (Windows NT 6.1; WOW64; rv:2.0b4pre) Gecko/20100815 Minefield/4.0b4pre" time="0.0" failure="false"/><testcase classname="jasmine" name="finding from user agent for a desktop device should be desktop when userAgent is Mozilla/5.0 (Windows NT 6.1; WOW64; rv:6.0a2) Gecko/20110622 Firefox/6.0a2" time="0.0" failure="false"/><testcase classname="jasmine" name="finding from user agent for a desktop device should be desktop when userAgent is Mozilla/5.0 (Windows NT 6.1; WOW64; rv:7.0.1) Gecko/20100101 Firefox/7.0.1" time="0.0" failure="false"/><testcase classname="jasmine" name="finding from user agent for a desktop device should be desktop when userAgent is Mozilla/5.0 (Windows NT 6.1; Win64; x64; rv:2.0.1) Gecko/20100101 Firefox/4.0.1" time="0.0" failure="false"/><testcase classname="jasmine" name="finding from user agent for a desktop device should be desktop when userAgent is Mozilla/5.0 (Windows NT 6.1; Win64; x64; rv:2.0b8pre) Gecko/20101128 Firefox/4.0b8pre" time="0.0" failure="false"/><testcase classname="jasmine" name="finding from user agent for a desktop device should be desktop when userAgent is Mozilla/5.0 (Windows NT 6.1; Win64; x64; rv:25.0) Gecko/20100101 Firefox/25.0" time="0.0" failure="false"/><testcase classname="jasmine" name="finding from user agent for a desktop device should be desktop when userAgent is Mozilla/5.0 (Windows NT 6.1; rv:12.0) Gecko/20120403211507 Firefox/12.0" time="0.0" failure="false"/><testcase classname="jasmine" name="finding from user agent for a desktop device should be desktop when userAgent is Mozilla/5.0 (Windows NT 6.1; rv:14.0) Gecko/20100101 Firefox/18.0.1" time="0.0" failure="false"/><testcase classname="jasmine" name="finding from user agent for a desktop device should be desktop when userAgent is Mozilla/5.0 (Windows NT 6.1; rv:2.0.1) Gecko/20100101 Firefox/4.0.1" time="0.0" failure="false"/><testcase classname="jasmine" name="finding from user agent for a desktop device should be desktop when userAgent is Mozilla/5.0 (Windows NT 6.1; rv:21.0) Gecko/20130401 Firefox/21.0" time="0.0" failure="false"/><testcase classname="jasmine" name="finding from user agent for a desktop device should be desktop when userAgent is Mozilla/5.0 (Windows NT 6.2) AppleWebKit/536.3 (KHTML, like Gecko) Chrome/19.0.1061.1 Safari/536.3" time="0.0" failure="false"/><testcase classname="jasmine" name="finding from user agent for a desktop device should be desktop when userAgent is Mozilla/5.0 (Windows NT 6.2) AppleWebKit/536.6 (KHTML, like Gecko) Chrome/20.0.1090.0 Safari/536.6" time="0.0" failure="false"/><testcase classname="jasmine" name="finding from user agent for a desktop device should be desktop when userAgent is Mozilla/5.0 (Windows NT 6.2) AppleWebKit/537.36 (KHTML, like Gecko) Chrome/28.0.1464.0 Safari/537.36" time="0.0" failure="false"/><testcase classname="jasmine" name="finding from user agent for a desktop device should be desktop when userAgent is Mozilla/5.0 (Windows NT 6.2; WOW64) AppleWebKit/536.5 (KHTML, like Gecko) Iron/19.0.1100.0 Chrome/19.0.1100.0 Safari/536.5" time="0.0" failure="false"/><testcase classname="jasmine" name="finding from user agent for a desktop device should be desktop when userAgent is Mozilla/5.0 (Windows NT 6.2; WOW64) AppleWebKit/537.36 (KHTML like Gecko) Chrome/28.0.1469.0 Safari/537.36" time="0.0" failure="false"/><testcase classname="jasmine" name="finding from user agent for a desktop device should be desktop when userAgent is Mozilla/5.0 (Windows NT 6.2; WOW64; rv:23.0) Gecko/20100101 Thunderbird/23.0 Lightning/2.5b1" time="0.0" failure="false"/><testcase classname="jasmine" name="finding from user agent for a desktop device should be desktop when userAgent is Mozilla/5.0 (Windows NT 6.2; Win64; x64) AppleWebKit/537.36 (KHTML, like Gecko) Chrome/32.0.1667.0 Safari/537.36" time="0.0" failure="false"/><testcase classname="jasmine" name="finding from user agent for a desktop device should be desktop when userAgent is Mozilla/5.0 (Windows NT 6.2; Win64; x64; rv:15.0) Gecko/20120819 Firefox/15.0-x64 PaleMoon/15.0-x64" time="0.0" failure="false"/><testcase classname="jasmine" name="finding from user agent for a desktop device should be desktop when userAgent is Mozilla/5.0 (Windows NT 6.2; Win64; x64; rv:16.0) Gecko/16.0 Firefox/16.0" time="0.0" failure="false"/><testcase classname="jasmine" name="finding from user agent for a desktop device should be desktop when userAgent is Mozilla/5.0 (Windows NT 6.2; rv:19.0) Gecko/20121129 Firefox/19.0" time="0.0" failure="false"/><testcase classname="jasmine" name="finding from user agent for a desktop device should be desktop when userAgent is Mozilla/5.0 (Windows NT 6.2; rv:20.0) Gecko/20121202 Firefox/20.0" time="0.0" failure="false"/><testcase classname="jasmine" name="finding from user agent for a desktop device should be desktop when userAgent is Mozilla/5.0 (Windows NT 6.3; Trident/7.0; rv:11.0) like Gecko" time="0.0" failure="false"/><testcase classname="jasmine" name="finding from user agent for a desktop device should be desktop when userAgent is Mozilla/5.0 (Windows; N; Windows NT 5.2; ru-RU) AppleWebKit/529 (KHTML, like Gecko, Safari/529.0) Lunascape/4.9.9.94" time="0.0" failure="false"/><testcase classname="jasmine" name="finding from user agent for a desktop device should be desktop when userAgent is Mozilla/5.0 (Windows; U; ; en-NZ) AppleWebKit/527  (KHTML, like Gecko, Safari/419.3) Arora/0.8.0" time="0.0" failure="false"/><testcase classname="jasmine" name="finding from user agent for a desktop device should be desktop when userAgent is Mozilla/5.0 (Windows; U; Win 9x 4.90; SG; rv:1.9.2.4) Gecko/20101104 Netscape/9.1.0285" time="0.0" failure="false"/><testcase classname="jasmine" name="finding from user agent for a desktop device should be desktop when userAgent is Mozilla/5.0 (Windows; U; Win 9x 4.90; fr-FR; rv:0.9.4) Gecko/20011128 Netscape6/6.2.1" time="0.0" failure="false"/><testcase classname="jasmine" name="finding from user agent for a desktop device should be desktop when userAgent is Mozilla/5.0 (Windows; U; Win98; en-GB; rv:0.9.4) Gecko/20011128 Netscape6/6.2.1" time="0.0" failure="false"/><testcase classname="jasmine" name="finding from user agent for a desktop device should be desktop when userAgent is Mozilla/5.0 (Windows; U; Win98; en-US; rv:1.4) Gecko Netscape/7.1 (ax)" time="0.0" failure="false"/><testcase classname="jasmine" name="finding from user agent for a desktop device should be desktop when userAgent is Mozilla/5.0 (Windows; U; Win98; en-US; rv:1.8.1.6) Gecko/20070802 SeaMonkey/1.1.4" time="0.0" failure="false"/><testcase classname="jasmine" name="finding from user agent for a desktop device should be desktop when userAgent is Mozilla/5.0 (Windows; U; WinNT4.0; en-US; rv:1.0.0) Gecko/20020530" time="0.0" failure="false"/><testcase classname="jasmine" name="finding from user agent for a desktop device should be desktop when userAgent is Mozilla/5.0 (Windows; U; WinNT4.0; en-US; rv:1.1a) Gecko/20020611" time="0.0" failure="false"/><testcase classname="jasmine" name="finding from user agent for a desktop device should be desktop when userAgent is Mozilla/5.0 (Windows; U; WinNT4.0; en-US; rv:1.2b) Gecko/20021001 Phoenix/0.2" time="0.0" failure="false"/><testcase classname="jasmine" name="finding from user agent for a desktop device should be desktop when userAgent is Mozilla/5.0 (Windows; U; Windows NT 5.0; ; rv:1.8.0.1) Gecko/20060111 Firefox/1.9.0" time="0.0" failure="false"/><testcase classname="jasmine" name="finding from user agent for a desktop device should be desktop when userAgent is Mozilla/5.0 (Windows; U; Windows NT 5.0; en-US; rv:1.2b) Gecko/20021014 Phoenix/0.3" time="0.0" failure="false"/><testcase classname="jasmine" name="finding from user agent for a desktop device should be desktop when userAgent is Mozilla/5.0 (Windows; U; Windows NT 5.0; en-US; rv:1.7.5) Gecko/20060127 Netscape/8.1" time="0.0" failure="false"/><testcase classname="jasmine" name="finding from user agent for a desktop device should be desktop when userAgent is Mozilla/5.0 (Windows; U; Windows NT 5.0; en-US; rv:1.8b2) Gecko/20050702" time="0.0" failure="false"/><testcase classname="jasmine" name="finding from user agent for a desktop device should be desktop when userAgent is Mozilla/5.0 (Windows; U; Windows NT 5.0; en-US; rv:1.9.2a1pre) Gecko" time="0.0" failure="false"/><testcase classname="jasmine" name="finding from user agent for a desktop device should be desktop when userAgent is Mozilla/5.0 (Windows; U; Windows NT 5.0; fr-FR; rv:1.8.1.17pre) Gecko/20080716 K-Meleon/1.5.0" time="0.0" failure="false"/><testcase classname="jasmine" name="finding from user agent for a desktop device should be desktop when userAgent is Mozilla/5.0 (Windows; U; Windows NT 5.0; fr; rv:1.8.1.9pre) Gecko/20071102 Firefox/2.0.0.9 Navigator/9.0.0.3" time="0.0" failure="false"/><testcase classname="jasmine" name="finding from user agent for a desktop device should be desktop when userAgent is Mozilla/5.0 (Windows; U; Windows NT 5.1; de-AT; rv:1.7.5) Gecko/20041217" time="0.0" failure="false"/><testcase classname="jasmine" name="finding from user agent for a desktop device should be desktop when userAgent is Mozilla/5.0 (Windows; U; Windows NT 5.1; de-AT; rv:1.8a1) Gecko/20040520" time="0.0" failure="false"/><testcase classname="jasmine" name="finding from user agent for a desktop device should be desktop when userAgent is Mozilla/5.0 (Windows; U; Windows NT 5.1; de-AT; rv:1.8a5) Gecko/20041122" time="0.0" failure="false"/><testcase classname="jasmine" name="finding from user agent for a desktop device should be desktop when userAgent is Mozilla/5.0 (Windows; U; Windows NT 5.1; de; rv:1.8.1.12) Gecko/20080213 Thunderbird/2.0.0.12" time="0.0" failure="false"/><testcase classname="jasmine" name="finding from user agent for a desktop device should be desktop when userAgent is Mozilla/5.0 (Windows; U; Windows NT 5.1; de; rv:1.8.1.19) Gecko/20081201 Firefox/2.0.0.19" time="0.0" failure="false"/><testcase classname="jasmine" name="finding from user agent for a desktop device should be desktop when userAgent is Mozilla/5.0 (Windows; U; Windows NT 5.1; de; rv:1.8.1.20) Gecko/20081217 Thunderbird/2.0.0.20" time="0.0" failure="false"/><testcase classname="jasmine" name="finding from user agent for a desktop device should be desktop when userAgent is Mozilla/5.0 (Windows; U; Windows NT 5.1; de; rv:1.9.2.8) Gecko/20100802 Thunderbird/3.1.2" time="0.0" failure="false"/><testcase classname="jasmine" name="finding from user agent for a desktop device should be desktop when userAgent is Mozilla/5.0 (Windows; U; Windows NT 5.1; en) AppleWebKit/522.15.5 (KHTML, like Gecko) Version/3.0.3 Safari/522.15.5" time="0.0" failure="false"/><testcase classname="jasmine" name="finding from user agent for a desktop device should be desktop when userAgent is Mozilla/5.0 (Windows; U; Windows NT 5.1; en-GB) AppleWebKit/529 (KHTML, like Gecko, Safari/529.0) Lunascape/4.9.9.96" time="0.0" failure="false"/><testcase classname="jasmine" name="finding from user agent for a desktop device should be desktop when userAgent is Mozilla/5.0 (Windows; U; Windows NT 5.1; en-US) AppleWebKit/527+ (KHTML, like Gecko) QtWeb Internet Browser/3.0 http://www.QtWeb.net" time="0.0" failure="false"/><testcase classname="jasmine" name="finding from user agent for a desktop device should be desktop when userAgent is Mozilla/5.0 (Windows; U; Windows NT 5.1; en-US) AppleWebKit/528+ (KHTML, like Gecko, Safari/528.0) Lunascape/5.0.2.0" time="0.0" failure="false"/><testcase classname="jasmine" name="finding from user agent for a desktop device should be desktop when userAgent is Mozilla/5.0 (Windows; U; Windows NT 5.1; en-US) AppleWebKit/531.21.8 (KHTML, like Gecko) Version/4.0.4 Safari/531.21.10" time="0.0" failure="false"/><testcase classname="jasmine" name="finding from user agent for a desktop device should be desktop when userAgent is Mozilla/5.0 (Windows; U; Windows NT 5.1; en-US) AppleWebKit/532.2 (KHTML, like Gecko) Chrome/4.0.222.12 Safari/532.2" time="0.0" failure="false"/><testcase classname="jasmine" name="finding from user agent for a desktop device should be desktop when userAgent is Mozilla/5.0 (Windows; U; Windows NT 5.1; en-US) AppleWebKit/532.2 (KHTML, like Gecko) Chrome/4.0.222.3 Safari/532.2" time="0.0" failure="false"/><testcase classname="jasmine" name="finding from user agent for a desktop device should be desktop when userAgent is Mozilla/5.0 (Windows; U; Windows NT 5.1; en-US) AppleWebKit/533.2 (KHTML, like Gecko) Chrome/5.0.342.2 Safari/533.2" time="0.0" failure="false"/><testcase classname="jasmine" name="finding from user agent for a desktop device should be desktop when userAgent is Mozilla/5.0 (Windows; U; Windows NT 5.1; en-US) AppleWebKit/533.8 (KHTML, like Gecko) Chrome/6.0.397.0 Safari/533.8" time="0.0" failure="false"/><testcase classname="jasmine" name="finding from user agent for a desktop device should be desktop when userAgent is Mozilla/5.0 (Windows; U; Windows NT 5.1; en-US) AppleWebKit/534.6 (KHTML, like Gecko) Chrome/7.0.500.0 Safari/534.6" time="0.0" failure="false"/><testcase classname="jasmine" name="finding from user agent for a desktop device should be desktop when userAgent is Mozilla/5.0 (Windows; U; Windows NT 5.1; en-US) AppleWebKit/534.7 (KHTML, like Gecko) Chrome/7.0.514.0 Safari/534.7" time="0.0" failure="false"/><testcase classname="jasmine" name="finding from user agent for a desktop device should be desktop when userAgent is Mozilla/5.0 (Windows; U; Windows NT 5.1; en-US; rv:1.0.2) Gecko/20021216" time="0.0" failure="false"/><testcase classname="jasmine" name="finding from user agent for a desktop device should be desktop when userAgent is Mozilla/5.0 (Windows; U; Windows NT 5.1; en-US; rv:1.8.0.7) Gecko/20060929 Firefox/1.5.0.7 Flock/0.7.6" time="0.0" failure="false"/><testcase classname="jasmine" name="finding from user agent for a desktop device should be desktop when userAgent is Mozilla/5.0 (Windows; U; Windows NT 5.1; en-US; rv:1.8.1.11) Gecko/20071127 Firefox/2.0.0.13" time="0.0" failure="false"/><testcase classname="jasmine" name="finding from user agent for a desktop device should be desktop when userAgent is Mozilla/5.0 (Windows; U; Windows NT 5.1; en-US; rv:1.8.1.18) Gecko/20081029" time="0.0" failure="false"/><testcase classname="jasmine" name="finding from user agent for a desktop device should be desktop when userAgent is Mozilla/5.0 (Windows; U; Windows NT 5.1; en-US; rv:1.8.1.23) Gecko/20090825 SeaMonkey/1.1.18" time="0.0" failure="false"/><testcase classname="jasmine" name="finding from user agent for a desktop device should be desktop when userAgent is Mozilla/5.0 (Windows; U; Windows NT 5.1; en-US; rv:1.8.1.3pre) Gecko/20070302 BonEcho/2.0.0.3pre" time="0.0" failure="false"/><testcase classname="jasmine" name="finding from user agent for a desktop device should be desktop when userAgent is Mozilla/5.0 (Windows; U; Windows NT 5.1; en-US; rv:1.8.1.9pre) Gecko/20071102 Firefox/2.0.0.9 Navigator/9.0.0.3" time="0.0" failure="false"/><testcase classname="jasmine" name="finding from user agent for a desktop device should be desktop when userAgent is Mozilla/5.0 (Windows; U; Windows NT 5.1; en-US; rv:1.8.1b2) Gecko/20060821 Firefox/2.0b2" time="0.0" failure="false"/><testcase classname="jasmine" name="finding from user agent for a desktop device should be desktop when userAgent is Mozilla/5.0 (Windows; U; Windows NT 5.1; en-US; rv:1.8a3) Gecko/20040817" time="0.0" failure="false"/><testcase classname="jasmine" name="finding from user agent for a desktop device should be desktop when userAgent is Mozilla/5.0 (Windows; U; Windows NT 5.1; en-US; rv:1.9.0.10) Gecko/2009042316 Firefox/3.0.10" time="0.0" failure="false"/><testcase classname="jasmine" name="finding from user agent for a desktop device should be desktop when userAgent is Mozilla/5.0 (Windows; U; Windows NT 5.1; en-US; rv:1.9.1.8) Gecko/20100223 Firefox/3.5.8 Lunascape/6.1.0.20995" time="0.0" failure="false"/><testcase classname="jasmine" name="finding from user agent for a desktop device should be desktop when userAgent is Mozilla/5.0 (Windows; U; Windows NT 5.1; en-US; rv:1.9.1a1pre) Gecko/2008062005 Minefield/3.1a1pre" time="0.0" failure="false"/><testcase classname="jasmine" name="finding from user agent for a desktop device should be desktop when userAgent is Mozilla/5.0 (Windows; U; Windows NT 5.1; en-US; rv:1.9.1b4pre) Gecko/20090401 Firefox/3.5b4pre" time="0.0" failure="false"/><testcase classname="jasmine" name="finding from user agent for a desktop device should be desktop when userAgent is Mozilla/5.0 (Windows; U; Windows NT 5.1; en-US; rv:1.9.2b4) Gecko/20091124 Firefox/3.6b4" time="0.0" failure="false"/><testcase classname="jasmine" name="finding from user agent for a desktop device should be desktop when userAgent is Mozilla/5.0 (Windows; U; Windows NT 5.1; en-US; rv:1.9a4) Gecko/2007042705 GranParadiso/3.0a4" time="0.0" failure="false"/><testcase classname="jasmine" name="finding from user agent for a desktop device should be desktop when userAgent is Mozilla/5.0 (Windows; U; Windows NT 5.1; en-US; rv:1.9b1) Gecko/2007110703 Firefox/3.0b1" time="0.0" failure="false"/><testcase classname="jasmine" name="finding from user agent for a desktop device should be desktop when userAgent is Mozilla/5.0 (Windows; U; Windows NT 5.1; en-US; rv:1.9b4pre) Gecko/2008021304 Minefield/3.0b4pre" time="0.0" failure="false"/><testcase classname="jasmine" name="finding from user agent for a desktop device should be desktop when userAgent is Mozilla/5.0 (Windows; U; Windows NT 5.1; fr; rv:1.9.2b4) Gecko/20091124 Firefox/3.6b4 (.NET CLR 3.5.30729)" time="0.0" failure="false"/><testcase classname="jasmine" name="finding from user agent for a desktop device should be desktop when userAgent is Mozilla/5.0 (Windows; U; Windows NT 5.1; ja; rv:1.9.1.9) Gecko/20100331 Firefox/3.5.9 Lunascape/6.1.4.21478" time="0.0" failure="false"/><testcase classname="jasmine" name="finding from user agent for a desktop device should be desktop when userAgent is Mozilla/5.0 (Windows; U; Windows NT 5.1; ru-RU) AppleWebKit/533.18.1 (KHTML, like Gecko) Version/5.0.2 Safari/533.18.5" time="0.0" failure="false"/><testcase classname="jasmine" name="finding from user agent for a desktop device should be desktop when userAgent is Mozilla/5.0 (Windows; U; Windows NT 5.1; tr; rv:1.9.2.8) Gecko/20100722 Firefox/3.6.8 ( .NET CLR 3.5.30729; .NET4.0E)" time="0.0" failure="false"/><testcase classname="jasmine" name="finding from user agent for a desktop device should be desktop when userAgent is Mozilla/5.0 (Windows; U; Windows NT 5.1; zh-CN; rv:1.9.0.7pre) Gecko/2009012106 GranParadiso/3.0.7pre" time="0.0" failure="false"/><testcase classname="jasmine" name="finding from user agent for a desktop device should be desktop when userAgent is Mozilla/5.0 (Windows; U; Windows NT 5.2; en-US) AppleWebKit/532.2 (KHTML, like Gecko) Chrome/4.0.223.2 Safari/532.2" time="0.0" failure="false"/><testcase classname="jasmine" name="finding from user agent for a desktop device should be desktop when userAgent is Mozilla/5.0 (Windows; U; Windows NT 5.2; en-US) AppleWebKit/532.9 (KHTML, like Gecko) Chrome/5.0.310.0 Safari/532.9" time="0.0" failure="false"/><testcase classname="jasmine" name="finding from user agent for a desktop device should be desktop when userAgent is Mozilla/5.0 (Windows; U; Windows NT 5.2; en-US) AppleWebKit/533.17.8 (KHTML, like Gecko) Version/5.0.1 Safari/533.17.8" time="0.0" failure="false"/><testcase classname="jasmine" name="finding from user agent for a desktop device should be desktop when userAgent is Mozilla/5.0 (Windows; U; Windows NT 5.2; en-US) AppleWebKit/534.3 (KHTML, like Gecko) Chrome/6.0.462.0 Safari/534.3" time="0.0" failure="false"/><testcase classname="jasmine" name="finding from user agent for a desktop device should be desktop when userAgent is Mozilla/5.0 (Windows; U; Windows NT 5.2; en-US; rv:1.8.1.17pre) Gecko/20080716 K-Meleon/1.1.6" time="0.0" failure="false"/><testcase classname="jasmine" name="finding from user agent for a desktop device should be desktop when userAgent is Mozilla/5.0 (Windows; U; Windows NT 6.0 x64; en-US; rv:1.9pre) Gecko/2008072421 Minefield/3.0.2pre" time="0.0" failure="false"/><testcase classname="jasmine" name="finding from user agent for a desktop device should be desktop when userAgent is Mozilla/5.0 (Windows; U; Windows NT 6.0; de; rv:1.8.1.23) Gecko/20090812 Thunderbird/2.0.0.23" time="0.0" failure="false"/><testcase classname="jasmine" name="finding from user agent for a desktop device should be desktop when userAgent is Mozilla/5.0 (Windows; U; Windows NT 6.0; de; rv:1.8.1.5pre) Gecko/20070604 BonEcho/2.0.0.5pre" time="0.0" failure="false"/><testcase classname="jasmine" name="finding from user agent for a desktop device should be desktop when userAgent is Mozilla/5.0 (Windows; U; Windows NT 6.0; en-GB; rv:1.9.0.11) Gecko/2009060215 Firefox/3.0.11 (.NET CLR 3.5.30729)" time="0.0" failure="false"/><testcase classname="jasmine" name="finding from user agent for a desktop device should be desktop when userAgent is Mozilla/5.0 (Windows; U; Windows NT 6.0; en-US) AppleWebKit/525.13 (KHTML, like Gecko) Chrome/0.2.149.29 Safari/525.13" time="0.0" failure="false"/><testcase classname="jasmine" name="finding from user agent for a desktop device should be desktop when userAgent is Mozilla/5.0 (Windows; U; Windows NT 6.0; en-US) AppleWebKit/525.19 (KHTML, like Gecko) Chrome/0.2.152.0 Safari/525.19" time="0.0" failure="false"/><testcase classname="jasmine" name="finding from user agent for a desktop device should be desktop when userAgent is Mozilla/5.0 (Windows; U; Windows NT 6.0; en-US) AppleWebKit/525.19 (KHTML, like Gecko) Chrome/0.4.154.31 Safari/525.19" time="0.0" failure="false"/><testcase classname="jasmine" name="finding from user agent for a desktop device should be desktop when userAgent is Mozilla/5.0 (Windows; U; Windows NT 6.0; en-US) AppleWebKit/527  (KHTML, like Gecko, Safari/419.3) Arora/0.6 (Change: )" time="0.0" failure="false"/><testcase classname="jasmine" name="finding from user agent for a desktop device should be desktop when userAgent is Mozilla/5.0 (Windows; U; Windows NT 6.0; en-US) AppleWebKit/527+ (KHTML, like Gecko, Safari/419.3) Arora/0.4 (Change: )" time="0.0" failure="false"/><testcase classname="jasmine" name="finding from user agent for a desktop device should be desktop when userAgent is Mozilla/5.0 (Windows; U; Windows NT 6.0; en-US) AppleWebKit/532.1 (KHTML, like Gecko) Chrome/4.0.213.1 Safari/532.1" time="0.0" failure="false"/><testcase classname="jasmine" name="finding from user agent for a desktop device should be desktop when userAgent is Mozilla/5.0 (Windows; U; Windows NT 6.0; en-US) AppleWebKit/533.1 (KHTML, like Gecko) Maxthon/3.0.8.2 Safari/533.1" time="0.0" failure="false"/><testcase classname="jasmine" name="finding from user agent for a desktop device should be desktop when userAgent is Mozilla/5.0 (Windows; U; Windows NT 6.0; en-US) AppleWebKit/534.14 (KHTML, like Gecko) Chrome/9.0.601.0 Safari/534.14" time="0.0" failure="false"/><testcase classname="jasmine" name="finding from user agent for a desktop device should be desktop when userAgent is Mozilla/5.0 (Windows; U; Windows NT 6.0; en-US; rv:1.9.1.19) Gecko/20110420 SeaMonkey/2.0.14" time="0.0" failure="false"/><testcase classname="jasmine" name="finding from user agent for a desktop device should be desktop when userAgent is Mozilla/5.0 (Windows; U; Windows NT 6.0; en-US; rv:1.9.1.1pre) Gecko/20090717 SeaMonkey/2.0b1" time="0.0" failure="false"/><testcase classname="jasmine" name="finding from user agent for a desktop device should be desktop when userAgent is Mozilla/5.0 (Windows; U; Windows NT 6.0; en-US; rv:1.9.1.6) Gecko/20091201 Firefox/3.5.6 GTB5" time="0.0" failure="false"/><testcase classname="jasmine" name="finding from user agent for a desktop device should be desktop when userAgent is Mozilla/5.0 (Windows; U; Windows NT 6.0; en-US; rv:1.9.2a1) Gecko/20090806 Namoroka/3.6a1" time="0.0" failure="false"/><testcase classname="jasmine" name="finding from user agent for a desktop device should be desktop when userAgent is Mozilla/5.0 (Windows; U; Windows NT 6.0; fr; rv:1.9.1.17) Gecko/20110123 SeaMonkey/2.0.12" time="0.0" failure="false"/><testcase classname="jasmine" name="finding from user agent for a desktop device should be desktop when userAgent is Mozilla/5.0 (Windows; U; Windows NT 6.0; it; rv:1.9.1.16) Gecko/20101130 Firefox/3.5.16 GTB7.1 (.NET CLR 3.5.30729)" time="0.0" failure="false"/><testcase classname="jasmine" name="finding from user agent for a desktop device should be desktop when userAgent is Mozilla/5.0 (Windows; U; Windows NT 6.1) AppleWebKit/526.3 (KHTML, like Gecko) Chrome/14.0.564.21 Safari/526.3" time="0.0" failure="false"/><testcase classname="jasmine" name="finding from user agent for a desktop device should be desktop when userAgent is Mozilla/5.0 (Windows; U; Windows NT 6.1; en-GB; rv:1.9.1.17) Gecko/20110123 (like Firefox/3.x) SeaMonkey/2.0.12" time="0.0" failure="false"/><testcase classname="jasmine" name="finding from user agent for a desktop device should be desktop when userAgent is Mozilla/5.0 (Windows; U; Windows NT 6.1; en-US) AppleWebKit/530.9 (KHTML, like Gecko) Iron/2.0.178.0 Safari/530.9" time="0.0" failure="false"/><testcase classname="jasmine" name="finding from user agent for a desktop device should be desktop when userAgent is Mozilla/5.0 (Windows; U; Windows NT 6.1; en-US) AppleWebKit/531.0 (KHTML, like Gecko) Chrome/2.0.182.0 Safari/531.0" time="0.0" failure="false"/><testcase classname="jasmine" name="finding from user agent for a desktop device should be desktop when userAgent is Mozilla/5.0 (Windows; U; Windows NT 6.1; en-US) AppleWebKit/531.0 (KHTML, like Gecko) Iron/3.0.189.0 Safari/531.0" time="0.0" failure="false"/><testcase classname="jasmine" name="finding from user agent for a desktop device should be desktop when userAgent is Mozilla/5.0 (Windows; U; Windows NT 6.1; en-US) AppleWebKit/532.5 (KHTML, like Gecko) Chrome/4.0.249.0 Safari/532.5" time="0.0" failure="false"/><testcase classname="jasmine" name="finding from user agent for a desktop device should be desktop when userAgent is Mozilla/5.0 (Windows; U; Windows NT 6.1; en-US) AppleWebKit/532.9 (KHTML, like Gecko) Chrome/5.0.307.1 Safari/532.9" time="0.0" failure="false"/><testcase classname="jasmine" name="finding from user agent for a desktop device should be desktop when userAgent is Mozilla/5.0 (Windows; U; Windows NT 6.1; en-US) AppleWebKit/533.19.4 (KHTML, like Gecko) Version/5.0.2 Safari/533.18.5" time="0.0" failure="false"/><testcase classname="jasmine" name="finding from user agent for a desktop device should be desktop when userAgent is Mozilla/5.0 (Windows; U; Windows NT 6.1; en-US) AppleWebKit/534.13 (KHTML, like Gecko) Chrome/9.0.597.98 Safari/534.13 ChromePlus/1.6.0.0" time="0.0" failure="false"/><testcase classname="jasmine" name="finding from user agent for a desktop device should be desktop when userAgent is Mozilla/5.0 (Windows; U; Windows NT 6.1; en-US) AppleWebKit/534.14 (KHTML, like Gecko) Chrome/10.0.601.0 Safari/534.14" time="0.0" failure="false"/><testcase classname="jasmine" name="finding from user agent for a desktop device should be desktop when userAgent is Mozilla/5.0 (Windows; U; Windows NT 6.1; en-US) AppleWebKit/534.20 (KHTML, like Gecko) Chrome/11.0.669.0 Safari/534.20" time="0.0" failure="false"/><testcase classname="jasmine" name="finding from user agent for a desktop device should be desktop when userAgent is Mozilla/5.0 (Windows; U; Windows NT 6.1; en-US) AppleWebKit/534.20 (KHTML, like Gecko) Chrome/11.0.672.2 Safari/534.20" time="0.0" failure="false"/><testcase classname="jasmine" name="finding from user agent for a desktop device should be desktop when userAgent is Mozilla/5.0 (Windows; U; Windows NT 6.1; en-US; rv:1.9.1.8) Gecko/20100223 Firefox/3.5.8 Lunascape/6.1.0.20940 ( .NET CLR 3.5.30729)" time="0.0" failure="false"/><testcase classname="jasmine" name="finding from user agent for a desktop device should be desktop when userAgent is Mozilla/5.0 (Windows; U; Windows NT 6.1; fr; rv:1.9.2.6pre) Gecko/20100604 Namoroka/3.6.6pre" time="0.0" failure="false"/><testcase classname="jasmine" name="finding from user agent for a desktop device should be desktop when userAgent is Mozilla/5.0 (Windows; U; Windows NT 6.1; ru; rv:1.9.1.10) Gecko/20100504 Lightning/1.0b1 SeaMonkey/2.0.5" time="0.0" failure="false"/><testcase classname="jasmine" name="finding from user agent for a desktop device should be desktop when userAgent is Mozilla/5.0 (Windows; U; Windows NT 6.2; es-US ) AppleWebKit/540.0 (KHTML like Gecko) Version/6.0 Safari/8900.00" time="0.0" failure="false"/><testcase classname="jasmine" name="finding from user agent for a desktop device should be desktop when userAgent is Mozilla/5.0 (Windows; U; Windows XP) Gecko MultiZilla/1.6.1.0a" time="0.0" failure="false"/><testcase classname="jasmine" name="finding from user agent for a desktop device should be desktop when userAgent is Mozilla/5.0 (X11; CrOS i686 2268.111.0) AppleWebKit/536.11 (KHTML, like Gecko) Chrome/20.0.1132.57 Safari/536.11" time="0.0" failure="false"/><testcase classname="jasmine" name="finding from user agent for a desktop device should be desktop when userAgent is Mozilla/5.0 (X11; FreeBSD amd64) AppleWebKit/536.5 (KHTML like Gecko) Chrome/19.0.1084.56 Safari/536.5" time="0.0" failure="false"/><testcase classname="jasmine" name="finding from user agent for a desktop device should be desktop when userAgent is Mozilla/5.0 (X11; FreeBSD amd64) AppleWebKit/537.4 (KHTML like Gecko) Chrome/22.0.1229.79 Safari/537.4" time="0.0" failure="false"/><testcase classname="jasmine" name="finding from user agent for a desktop device should be desktop when userAgent is Mozilla/5.0 (X11; FreeBSD amd64; rv:5.0) Gecko/20100101 Firefox/5.0" time="0.0" failure="false"/><testcase classname="jasmine" name="finding from user agent for a desktop device should be desktop when userAgent is Mozilla/5.0 (X11; Linux 3.8-6.dmz.1-liquorix-686) KHTML/4.8.4 (like Gecko) Konqueror/4.8" time="0.0" failure="false"/><testcase classname="jasmine" name="finding from user agent for a desktop device should be desktop when userAgent is Mozilla/5.0 (X11; Linux armv6l; rv:10.0.6) Gecko/20100101 Firefox/10.0.6 Iceweasel/10.0.6" time="0.0" failure="false"/><testcase classname="jasmine" name="finding from user agent for a desktop device should be desktop when userAgent is Mozilla/5.0 (X11; Linux i686 on x86_64; rv:2.0.1) Gecko/20100101 Firefox/4.0.1" time="0.0" failure="false"/><testcase classname="jasmine" name="finding from user agent for a desktop device should be desktop when userAgent is Mozilla/5.0 (X11; Linux i686) AppleWebKit/534.34 (KHTML, like Gecko) QupZilla/1.2.0 Safari/534.34" time="0.0" failure="false"/><testcase classname="jasmine" name="finding from user agent for a desktop device should be desktop when userAgent is Mozilla/5.0 (X11; Linux i686) AppleWebKit/534.35 (KHTML, like Gecko) Ubuntu/10.10 Chromium/13.0.764.0 Chrome/13.0.764.0 Safari/534.35" time="0.0" failure="false"/><testcase classname="jasmine" name="finding from user agent for a desktop device should be desktop when userAgent is Mozilla/5.0 (X11; Linux i686) AppleWebKit/535.1 (KHTML, like Gecko) Ubuntu/11.04 Chromium/14.0.825.0 Chrome/14.0.825.0 Safari/535.1" time="0.0" failure="false"/><testcase classname="jasmine" name="finding from user agent for a desktop device should be desktop when userAgent is Mozilla/5.0 (X11; Linux i686) AppleWebKit/535.2 (KHTML, like Gecko) Ubuntu/11.10 Chromium/15.0.874.120 Chrome/15.0.874.120 Safari/535.2" time="0.0" failure="false"/><testcase classname="jasmine" name="finding from user agent for a desktop device should be desktop when userAgent is Mozilla/5.0 (X11; Linux i686) AppleWebKit/537.22 (KHTML like Gecko) Ubuntu Chromium/25.0.1364.160 Chrome/25.0.1364.160 Safari/537.22" time="0.0" failure="false"/><testcase classname="jasmine" name="finding from user agent for a desktop device should be desktop when userAgent is Mozilla/5.0 (X11; Linux i686) AppleWebKit/537.36 (KHTML, like Gecko) Chrome/28.0.1478.0 Safari/537.36" time="0.0" failure="false"/><testcase classname="jasmine" name="finding from user agent for a desktop device should be desktop when userAgent is Mozilla/5.0 (X11; Linux i686; U; rv:1.7) Gecko/0 Kazehakase/0.4.3" time="0.0" failure="false"/><testcase classname="jasmine" name="finding from user agent for a desktop device should be desktop when userAgent is Mozilla/5.0 (X11; Linux i686; U;) Gecko/20070304 Kazehakase/0.4.6" time="0.0" failure="false"/><testcase classname="jasmine" name="finding from user agent for a desktop device should be desktop when userAgent is Mozilla/5.0 (X11; Linux i686; rv:10.0.1) Gecko/20100101 Firefox/10.0.1 SeaMonkey/2.7.1" time="0.0" failure="false"/><testcase classname="jasmine" name="finding from user agent for a desktop device should be desktop when userAgent is Mozilla/5.0 (X11; Linux i686; rv:12.0) Gecko/20100101 Firefox/12.0 " time="0.0" failure="false"/><testcase classname="jasmine" name="finding from user agent for a desktop device should be desktop when userAgent is Mozilla/5.0 (X11; Linux i686; rv:12.0) Gecko/20120502 Firefox/12.0 SeaMonkey/2.9.1" time="0.0" failure="false"/><testcase classname="jasmine" name="finding from user agent for a desktop device should be desktop when userAgent is Mozilla/5.0 (X11; Linux i686; rv:14.0) Gecko/20100101 Firefox/14.0.1 Iceweasel/14.0.1" time="0.0" failure="false"/><testcase classname="jasmine" name="finding from user agent for a desktop device should be desktop when userAgent is Mozilla/5.0 (X11; Linux i686; rv:16.0) Gecko/20100101 Firefox/16.0" time="0.0" failure="false"/><testcase classname="jasmine" name="finding from user agent for a desktop device should be desktop when userAgent is Mozilla/5.0 (X11; Linux i686; rv:2.0.1) Gecko/20100101 Firefox/4.0.1" time="0.0" failure="false"/><testcase classname="jasmine" name="finding from user agent for a desktop device should be desktop when userAgent is Mozilla/5.0 (X11; Linux i686; rv:2.0b6pre) Gecko/20100907 Firefox/4.0b6pre" time="0.0" failure="false"/><testcase classname="jasmine" name="finding from user agent for a desktop device should be desktop when userAgent is Mozilla/5.0 (X11; Linux i686; rv:2.0b7pre) Gecko/20101008 Firefox/4.0b7pre SeaMonkey/2.1b1" time="0.0" failure="false"/><testcase classname="jasmine" name="finding from user agent for a desktop device should be desktop when userAgent is Mozilla/5.0 (X11; Linux i686; rv:20.0) Gecko/20100101 Firefox/20.0" time="0.0" failure="false"/><testcase classname="jasmine" name="finding from user agent for a desktop device should be desktop when userAgent is Mozilla/5.0 (X11; Linux i686; rv:25.0) Gecko/20100101 Firefox/25.0 " time="0.0" failure="false"/><testcase classname="jasmine" name="finding from user agent for a desktop device should be desktop when userAgent is Mozilla/5.0 (X11; Linux i686; rv:5.0) Gecko/20100101 Firefox/5.0" time="0.0" failure="false"/><testcase classname="jasmine" name="finding from user agent for a desktop device should be desktop when userAgent is Mozilla/5.0 (X11; Linux i686; rv:6.0) Gecko/20100101 Firefox/6.0" time="0.0" failure="false"/><testcase classname="jasmine" name="finding from user agent for a desktop device should be desktop when userAgent is Mozilla/5.0 (X11; Linux i686; rv:6.0a2) Gecko/20110615 Firefox/6.0a2 Iceweasel/6.0a2" time="0.0" failure="false"/><testcase classname="jasmine" name="finding from user agent for a desktop device should be desktop when userAgent is Mozilla/5.0 (X11; Linux i686; rv:8.0) Gecko/20100101 Firefox/8.0" time="0.0" failure="false"/><testcase classname="jasmine" name="finding from user agent for a desktop device should be desktop when userAgent is Mozilla/5.0 (X11; Linux x86_64) AppleWebKit/534.24 (KHTML, like Gecko) Ubuntu/10.04 Chromium/11.0.696.0 Chrome/11.0.696.0 Safari/534.24" time="0.0" failure="false"/><testcase classname="jasmine" name="finding from user agent for a desktop device should be desktop when userAgent is Mozilla/5.0 (X11; Linux x86_64) AppleWebKit/534.24 (KHTML, like Gecko) Ubuntu/10.10 Chromium/12.0.703.0 Chrome/12.0.703.0 Safari/534.24" time="0.0" failure="false"/><testcase classname="jasmine" name="finding from user agent for a desktop device should be desktop when userAgent is Mozilla/5.0 (X11; Linux x86_64) AppleWebKit/535.1 (KHTML, like Gecko) Chrome/13.0.782.20 Safari/535.1" time="0.0" failure="false"/><testcase classname="jasmine" name="finding from user agent for a desktop device should be desktop when userAgent is Mozilla/5.0 (X11; Linux x86_64) AppleWebKit/535.11 (KHTML, like Gecko) Chrome/17.0.963.12 Safari/535.11" time="0.0" failure="false"/><testcase classname="jasmine" name="finding from user agent for a desktop device should be desktop when userAgent is Mozilla/5.0 (X11; Linux x86_64) AppleWebKit/536.5 (KHTML, like Gecko) Chrome/19.0.1084.9 Safari/536.5" time="0.0" failure="false"/><testcase classname="jasmine" name="finding from user agent for a desktop device should be desktop when userAgent is Mozilla/5.0 (X11; Linux x86_64) AppleWebKit/537.4 (KHTML like Gecko) Chrome/22.0.1229.56 Safari/537.4" time="0.0" failure="false"/><testcase classname="jasmine" name="finding from user agent for a desktop device should be desktop when userAgent is Mozilla/5.0 (X11; Linux x86_64; en-US; rv:2.0b2pre) Gecko/20100712 Minefield/4.0b2pre" time="0.0" failure="false"/><testcase classname="jasmine" name="finding from user agent for a desktop device should be desktop when userAgent is Mozilla/5.0 (X11; Linux x86_64; rv:10.0.1) Gecko/20100101 Firefox/10.0.1" time="0.0" failure="false"/><testcase classname="jasmine" name="finding from user agent for a desktop device should be desktop when userAgent is Mozilla/5.0 (X11; Linux x86_64; rv:13.0) Gecko/20100101 Firefox/13.0.1 Iceweasel/13.0.1" time="0.0" failure="false"/><testcase classname="jasmine" name="finding from user agent for a desktop device should be desktop when userAgent is Mozilla/5.0 (X11; Linux x86_64; rv:15.0) Gecko/20120724 Debian Iceweasel/15.02" time="0.0" failure="false"/><testcase classname="jasmine" name="finding from user agent for a desktop device should be desktop when userAgent is Mozilla/5.0 (X11; Linux x86_64; rv:19.0) Gecko/20100101 Firefox/19.0 Iceweasel/19.0.2" time="0.0" failure="false"/><testcase classname="jasmine" name="finding from user agent for a desktop device should be desktop when userAgent is Mozilla/5.0 (X11; Linux x86_64; rv:2.0.1) Gecko/20100101 Firefox/4.0.1" time="0.0" failure="false"/><testcase classname="jasmine" name="finding from user agent for a desktop device should be desktop when userAgent is Mozilla/5.0 (X11; Linux x86_64; rv:2.2a1pre) Gecko/20100101 Firefox/4.2a1pre" time="0.0" failure="false"/><testcase classname="jasmine" name="finding from user agent for a desktop device should be desktop when userAgent is Mozilla/5.0 (X11; Linux x86_64; rv:5.0) Gecko/20100101 Firefox/5.0 Iceweasel/5.0" time="0.0" failure="false"/><testcase classname="jasmine" name="finding from user agent for a desktop device should be desktop when userAgent is Mozilla/5.0 (X11; Linux x86_64; rv:7.0a1) Gecko/20110623 Firefox/7.0a1" time="0.0" failure="false"/><testcase classname="jasmine" name="finding from user agent for a desktop device should be desktop when userAgent is Mozilla/5.0 (X11; Linux) KHTML/4.9.1 (like Gecko) Konqueror/4.9" time="0.0" failure="false"/><testcase classname="jasmine" name="finding from user agent for a desktop device should be desktop when userAgent is Mozilla/5.0 (X11; U; FreeBSD amd64; en-us) AppleWebKit/531.2  (KHTML, like Gecko) Safari/531.2  Epiphany/2.30.0" time="0.0" failure="false"/><testcase classname="jasmine" name="finding from user agent for a desktop device should be desktop when userAgent is Mozilla/5.0 (X11; U; FreeBSD i386; de-CH; rv:1.9.2.8) Gecko/20100729 Firefox/3.6.8" time="0.0" failure="false"/><testcase classname="jasmine" name="finding from user agent for a desktop device should be desktop when userAgent is Mozilla/5.0 (X11; U; FreeBSD i386; en-US) AppleWebKit/532.0 (KHTML, like Gecko) Chrome/4.0.207.0 Safari/532.0" time="0.0" failure="false"/><testcase classname="jasmine" name="finding from user agent for a desktop device should be desktop when userAgent is Mozilla/5.0 (X11; U; FreeBSD i386; en-US; rv:1.6) Gecko/20040406 Galeon/1.3.15" time="0.0" failure="false"/><testcase classname="jasmine" name="finding from user agent for a desktop device should be desktop when userAgent is Mozilla/5.0 (X11; U; FreeBSD i386; rv:1.8.1.12) Gecko/0 Kazehakase/0.4.9" time="0.0" failure="false"/><testcase classname="jasmine" name="finding from user agent for a desktop device should be desktop when userAgent is Mozilla/5.0 (X11; U; FreeBSD x86_64; en-US) AppleWebKit/534.16 (KHTML, like Gecko) Chrome/10.0.648.204 Safari/534.16" time="0.0" failure="false"/><testcase classname="jasmine" name="finding from user agent for a desktop device should be desktop when userAgent is Mozilla/5.0 (X11; U; FreeBSD; i386; en-US; rv:1.7) Gecko" time="0.0" failure="false"/><testcase classname="jasmine" name="finding from user agent for a desktop device should be desktop when userAgent is Mozilla/5.0 (X11; U; Linux i586; en-US; rv:1.7.3) Gecko/20040924 Epiphany/1.4.4 (Ubuntu)" time="0.0" failure="false"/><testcase classname="jasmine" name="finding from user agent for a desktop device should be desktop when userAgent is Mozilla/5.0 (X11; U; Linux i686 (x86_64); en-US) AppleWebKit/532.2 (KHTML, like Gecko) Chrome/4.0.221.8 Safari/532.2" time="0.0" failure="false"/><testcase classname="jasmine" name="finding from user agent for a desktop device should be desktop when userAgent is Mozilla/5.0 (X11; U; Linux i686 (x86_64); en-US; rv:1.7.12) Gecko/20051007 Galeon/1.3.21 (Debian package 1.3.21-8)" time="0.0" failure="false"/><testcase classname="jasmine" name="finding from user agent for a desktop device should be desktop when userAgent is Mozilla/5.0 (X11; U; Linux i686; de-DE; rv:1.8.1.9) Gecko/20071103 Midori/0.0.10" time="0.0" failure="false"/><testcase classname="jasmine" name="finding from user agent for a desktop device should be desktop when userAgent is Mozilla/5.0 (X11; U; Linux i686; de; rv:1.9.0.9) Gecko/2009042113 Ubuntu/9.04 (jaunty) Firefox/3.0.9" time="0.0" failure="false"/><testcase classname="jasmine" name="finding from user agent for a desktop device should be desktop when userAgent is Mozilla/5.0 (X11; U; Linux i686; en-CA; rv:1.9.0.3) Gecko/2008092921 IceCat/3.0.3-g1" time="0.0" failure="false"/><testcase classname="jasmine" name="finding from user agent for a desktop device should be desktop when userAgent is Mozilla/5.0 (X11; U; Linux i686; en-GB; rv:1.7.6) Gecko/20050405 Firefox/1.0 (Ubuntu package 1.0.2)" time="0.0" failure="false"/><testcase classname="jasmine" name="finding from user agent for a desktop device should be desktop when userAgent is Mozilla/5.0 (X11; U; Linux i686; en-GB; rv:1.8.1.2pre) Gecko/20061023 Firefox/2.0.0.1" time="0.0" failure="false"/><testcase classname="jasmine" name="finding from user agent for a desktop device should be desktop when userAgent is Mozilla/5.0 (X11; U; Linux i686; en-US) AppleWebKit/532.0 (KHTML, like Gecko) Chrome/3.0.195.1 Safari/532.0" time="0.0" failure="false"/><testcase classname="jasmine" name="finding from user agent for a desktop device should be desktop when userAgent is Mozilla/5.0 (X11; U; Linux i686; en-US) AppleWebKit/532.0 (KHTML, like Gecko) Chrome/3.0.198.1 Safari/532.0" time="0.0" failure="false"/><testcase classname="jasmine" name="finding from user agent for a desktop device should be desktop when userAgent is Mozilla/5.0 (X11; U; Linux i686; en-US) AppleWebKit/532.1 (KHTML, like Gecko) Chrome/4.0.212.0 Safari/532.1" time="0.0" failure="false"/><testcase classname="jasmine" name="finding from user agent for a desktop device should be desktop when userAgent is Mozilla/5.0 (X11; U; Linux i686; en-US) AppleWebKit/532.2 (KHTML, like Gecko) Chrome/4.0.221.0 Safari/532.2" time="0.0" failure="false"/><testcase classname="jasmine" name="finding from user agent for a desktop device should be desktop when userAgent is Mozilla/5.0 (X11; U; Linux i686; en-US) AppleWebKit/532.2 (KHTML, like Gecko) Chrome/4.0.222.6 Safari/532.2" time="0.0" failure="false"/><testcase classname="jasmine" name="finding from user agent for a desktop device should be desktop when userAgent is Mozilla/5.0 (X11; U; Linux i686; en-US) AppleWebKit/532.2 (KHTML, like Gecko) Chrome/4.0.222.8 Safari/532.2" time="0.0" failure="false"/><testcase classname="jasmine" name="finding from user agent for a desktop device should be desktop when userAgent is Mozilla/5.0 (X11; U; Linux i686; en-US) AppleWebKit/532.4 (KHTML, like Gecko) Chrome/4.0.237.0 Safari/532.4 Debian" time="0.0" failure="false"/><testcase classname="jasmine" name="finding from user agent for a desktop device should be desktop when userAgent is Mozilla/5.0 (X11; U; Linux i686; en-US) AppleWebKit/532.8 (KHTML, like Gecko) Chrome/4.0.277.0 Safari/532.8" time="0.0" failure="false"/><testcase classname="jasmine" name="finding from user agent for a desktop device should be desktop when userAgent is Mozilla/5.0 (X11; U; Linux i686; en-US) AppleWebKit/534.15 (KHTML, like Gecko) Ubuntu/10.10 Chromium/10.0.611.0 Chrome/10.0.611.0 Safari/534.15" time="0.0" failure="false"/><testcase classname="jasmine" name="finding from user agent for a desktop device should be desktop when userAgent is Mozilla/5.0 (X11; U; Linux i686; en-US) AppleWebKit/534.15 (KHTML, like Gecko) Ubuntu/10.10 Chromium/10.0.613.0 Chrome/10.0.613.0 Safari/534.15" time="0.0" failure="false"/><testcase classname="jasmine" name="finding from user agent for a desktop device should be desktop when userAgent is Mozilla/5.0 (X11; U; Linux i686; en-US; rv:0.9.6) Gecko/20011202" time="0.0" failure="false"/><testcase classname="jasmine" name="finding from user agent for a desktop device should be desktop when userAgent is Mozilla/5.0 (X11; U; Linux i686; en-US; rv:1.4) Gecko/20030827 Debian/1.4-3" time="0.0" failure="false"/><testcase classname="jasmine" name="finding from user agent for a desktop device should be desktop when userAgent is Mozilla/5.0 (X11; U; Linux i686; en-US; rv:1.6) Gecko/20040614 Firefox/0.8" time="0.0" failure="false"/><testcase classname="jasmine" name="finding from user agent for a desktop device should be desktop when userAgent is Mozilla/5.0 (X11; U; Linux i686; en-US; rv:1.7.12) Gecko/20051007 Galeon/2.0.0 (Debian package 2.0.0-1)" time="0.0" failure="false"/><testcase classname="jasmine" name="finding from user agent for a desktop device should be desktop when userAgent is Mozilla/5.0 (X11; U; Linux i686; en-US; rv:1.7.13) Gecko/20060501 Galeon/2.0.1" time="0.0" failure="false"/><testcase classname="jasmine" name="finding from user agent for a desktop device should be desktop when userAgent is Mozilla/5.0 (X11; U; Linux i686; en-US; rv:1.7.3) Gecko/20040924 Epiphany/1.4.4 (Ubuntu)" time="0.0" failure="false"/><testcase classname="jasmine" name="finding from user agent for a desktop device should be desktop when userAgent is Mozilla/5.0 (X11; U; Linux i686; en-US; rv:1.7.8) Gecko/20050513 Galeon/1.3.20 (Debian package 1.3.20-1)" time="0.0" failure="false"/><testcase classname="jasmine" name="finding from user agent for a desktop device should be desktop when userAgent is Mozilla/5.0 (X11; U; Linux i686; en-US; rv:1.7.9) Gecko/20050711" time="0.0" failure="false"/><testcase classname="jasmine" name="finding from user agent for a desktop device should be desktop when userAgent is Mozilla/5.0 (X11; U; Linux i686; en-US; rv:1.8.0.2) Gecko/20060630 Red Hat/1.0.1-0.1.9.EL3 SeaMonkey/1.0.1" time="0.0" failure="false"/><testcase classname="jasmine" name="finding from user agent for a desktop device should be desktop when userAgent is Mozilla/5.0 (X11; U; Linux i686; en-US; rv:1.8.0.7) Gecko/20061022 Iceweasel/1.5.0.7-g2" time="0.0" failure="false"/><testcase classname="jasmine" name="finding from user agent for a desktop device should be desktop when userAgent is Mozilla/5.0 (X11; U; Linux i686; en-US; rv:1.8.0.9) Gecko/20061219 Iceape/1.0.7 (Debian-1.0.7-3)" time="0.0" failure="false"/><testcase classname="jasmine" name="finding from user agent for a desktop device should be desktop when userAgent is Mozilla/5.0 (X11; U; Linux i686; en-US; rv:1.8.1) Gecko/20061024 Firefox/2.0 (Swiftfox)" time="0.0" failure="false"/><testcase classname="jasmine" name="finding from user agent for a desktop device should be desktop when userAgent is Mozilla/5.0 (X11; U; Linux i686; en-US; rv:1.8.1.13) Gecko/20080401 BonEcho/2.0.0.13" time="0.0" failure="false"/><testcase classname="jasmine" name="finding from user agent for a desktop device should be desktop when userAgent is Mozilla/5.0 (X11; U; Linux i686; en-US; rv:1.8.1.16) Gecko/20080716 (Gentoo) Galeon/2.0.6" time="0.0" failure="false"/><testcase classname="jasmine" name="finding from user agent for a desktop device should be desktop when userAgent is Mozilla/5.0 (X11; U; Linux i686; en-US; rv:1.8.1.19) Gecko/20081202 Firefox (Debian-2.0.0.19-0etch1)" time="0.0" failure="false"/><testcase classname="jasmine" name="finding from user agent for a desktop device should be desktop when userAgent is Mozilla/5.0 (X11; U; Linux i686; en-US; rv:1.9.0.11) Gecko/2009060309 Ubuntu/9.10 (karmic) Firefox/3.0.11" time="0.0" failure="false"/><testcase classname="jasmine" name="finding from user agent for a desktop device should be desktop when userAgent is Mozilla/5.0 (X11; U; Linux i686; en-US; rv:1.9.0.3pre) Gecko/2008090713 Firefox/3.0.3pre (Swiftfox)" time="0.0" failure="false"/><testcase classname="jasmine" name="finding from user agent for a desktop device should be desktop when userAgent is Mozilla/5.0 (X11; U; Linux i686; en-US; rv:1.9.0.6) Gecko/2009012700 SUSE/3.0.6-0.1 Firefox/3.0.6" time="0.0" failure="false"/><testcase classname="jasmine" name="finding from user agent for a desktop device should be desktop when userAgent is Mozilla/5.0 (X11; U; Linux i686; en-US; rv:1.9.0.6) Gecko/2009022714 Ubuntu/9.04 (jaunty) Firefox/3.0.6" time="0.0" failure="false"/><testcase classname="jasmine" name="finding from user agent for a desktop device should be desktop when userAgent is Mozilla/5.0 (X11; U; Linux i686; en-US; rv:1.9.0.7) Gecko Kazehakase/0.5.6" time="0.0" failure="false"/><testcase classname="jasmine" name="finding from user agent for a desktop device should be desktop when userAgent is Mozilla/5.0 (X11; U; Linux i686; en-US; rv:1.9.0.8) Gecko Galeon/2.0.6 (Ubuntu 2.0.6-2)" time="0.0" failure="false"/><testcase classname="jasmine" name="finding from user agent for a desktop device should be desktop when userAgent is Mozilla/5.0 (X11; U; Linux i686; en-US; rv:1.9.1.12) Gecko/20100826 Lightning/1.0b1 Thunderbird/3.0.7" time="0.0" failure="false"/><testcase classname="jasmine" name="finding from user agent for a desktop device should be desktop when userAgent is Mozilla/5.0 (X11; U; Linux i686; en-US; rv:1.9.1.16) Gecko/20120421 Gecko Firefox/11.0" time="0.0" failure="false"/><testcase classname="jasmine" name="finding from user agent for a desktop device should be desktop when userAgent is Mozilla/5.0 (X11; U; Linux i686; en-US; rv:1.9.1.2) Gecko/20090803 Ubuntu/9.04 (jaunty) Shiretoko/3.5.2" time="0.0" failure="false"/><testcase classname="jasmine" name="finding from user agent for a desktop device should be desktop when userAgent is Mozilla/5.0 (X11; U; Linux i686; en-US; rv:1.9.2.13) Gecko/20101206 Prism/1.0b3" time="0.0" failure="false"/><testcase classname="jasmine" name="finding from user agent for a desktop device should be desktop when userAgent is Mozilla/5.0 (X11; U; Linux i686; en-US; rv:1.9.2.13) Gecko/20101208 Lightning/1.0b2 Thunderbird/3.1.7" time="0.0" failure="false"/><testcase classname="jasmine" name="finding from user agent for a desktop device should be desktop when userAgent is Mozilla/5.0 (X11; U; Linux i686; en-US; rv:1.9a3) Gecko/20070328 Minefield/3.0a3" time="0.0" failure="false"/><testcase classname="jasmine" name="finding from user agent for a desktop device should be desktop when userAgent is Mozilla/5.0 (X11; U; Linux i686; en-US; rv:1.9a3pre) Gecko/20070330" time="0.0" failure="false"/><testcase classname="jasmine" name="finding from user agent for a desktop device should be desktop when userAgent is Mozilla/5.0 (X11; U; Linux i686; en-US; rv:1.9pre) Gecko/2008061504 Minefield/3.0pre" time="0.0" failure="false"/><testcase classname="jasmine" name="finding from user agent for a desktop device should be desktop when userAgent is Mozilla/5.0 (X11; U; Linux i686; en-us) AppleWebKit/146.1 (KHTML, like Gecko) osb-browser/0.5" time="0.0" failure="false"/><testcase classname="jasmine" name="finding from user agent for a desktop device should be desktop when userAgent is Mozilla/5.0 (X11; U; Linux i686; en-us) AppleWebKit/528.5  (KHTML, like Gecko, Safari/528.5 ) lt-GtkLauncher" time="0.0" failure="false"/><testcase classname="jasmine" name="finding from user agent for a desktop device should be desktop when userAgent is Mozilla/5.0 (X11; U; Linux i686; fr-FR; rv:1.0.1) Gecko/20020823 Netscape/7.0" time="0.0" failure="false"/><testcase classname="jasmine" name="finding from user agent for a desktop device should be desktop when userAgent is Mozilla/5.0 (X11; U; Linux i686; fr; rv:1.9.0.10) Gecko/2009042708 Fedora/3.0.10-1.fc10 Firefox/3.0.10" time="0.0" failure="false"/><testcase classname="jasmine" name="finding from user agent for a desktop device should be desktop when userAgent is Mozilla/5.0 (X11; U; Linux i686; it; rv:1.9.2.3) Gecko/20100406 Firefox/3.6.3 (Swiftfox)" time="0.0" failure="false"/><testcase classname="jasmine" name="finding from user agent for a desktop device should be desktop when userAgent is Mozilla/5.0 (X11; U; Linux i686; ko-KR; rv:1.9.2.12) Gecko/20101027 Ubuntu/10.10 (maverick) Firefox/3.6.12" time="0.0" failure="false"/><testcase classname="jasmine" name="finding from user agent for a desktop device should be desktop when userAgent is Mozilla/5.0 (X11; U; Linux i686; pl-PL; rv:1.9.0.2) Gecko/20121223 Ubuntu/9.25 (jaunty) Firefox/3.8" time="0.0" failure="false"/><testcase classname="jasmine" name="finding from user agent for a desktop device should be desktop when userAgent is Mozilla/5.0 (X11; U; Linux i686; pl; rv:1.8.0.1) Gecko/20060124 Firefox/1.5.0.1 Ubuntu" time="0.0" failure="false"/><testcase classname="jasmine" name="finding from user agent for a desktop device should be desktop when userAgent is Mozilla/5.0 (X11; U; Linux i686; pt-PT; rv:1.9.2.3) Gecko/20100402 Iceweasel/3.6 (like Firefox/3.6) GTB7.0" time="0.0" failure="false"/><testcase classname="jasmine" name="finding from user agent for a desktop device should be desktop when userAgent is Mozilla/5.0 (X11; U; Linux i686; pt-PT; rv:1.9.2.3) Gecko/20100402 Iceweasel/3.6.3 (like Firefox/3.6.3) GTB7.0" time="0.0" failure="false"/><testcase classname="jasmine" name="finding from user agent for a desktop device should be desktop when userAgent is Mozilla/5.0 (X11; U; Linux i686; ru; rv:33.2.3.12) Gecko/20120201 SeaMonkey/8.2.8" time="0.0" failure="false"/><testcase classname="jasmine" name="finding from user agent for a desktop device should be desktop when userAgent is Mozilla/5.0 (X11; U; Linux i686; rv:1.9) Gecko/2008080808 Firefox/3.0" time="0.0" failure="false"/><testcase classname="jasmine" name="finding from user agent for a desktop device should be desktop when userAgent is Mozilla/5.0 (X11; U; Linux i686; rv:19.0) Gecko/20100101 Slackware/13 Firefox/19.0" time="0.0" failure="false"/><testcase classname="jasmine" name="finding from user agent for a desktop device should be desktop when userAgent is Mozilla/5.0 (X11; U; Linux ppc; en-US; rv:1.8.1.13) Gecko/20080313 Iceape/1.1.9 (Debian-1.1.9-5)" time="0.0" failure="false"/><testcase classname="jasmine" name="finding from user agent for a desktop device should be desktop when userAgent is Mozilla/5.0 (X11; U; Linux ppc; en-US; rv:1.9.0.4) Gecko/2008111317 Ubuntu/8.04 (hardy) Firefox/3.0.4" time="0.0" failure="false"/><testcase classname="jasmine" name="finding from user agent for a desktop device should be desktop when userAgent is Mozilla/5.0 (X11; U; Linux x86_64; de; rv:1.9.1.10) Gecko/20100506 SUSE/3.5.10-0.1.1 Firefox/3.5.10" time="0.0" failure="false"/><testcase classname="jasmine" name="finding from user agent for a desktop device should be desktop when userAgent is Mozilla/5.0 (X11; U; Linux x86_64; en-GB; rv:1.9.0.7) Gecko/2009030719 GranParadiso/3.0.7 FirePHP/0.2.4" time="0.0" failure="false"/><testcase classname="jasmine" name="finding from user agent for a desktop device should be desktop when userAgent is Mozilla/5.0 (X11; U; Linux x86_64; en-US) AppleWebKit/532.9 (KHTML, like Gecko) Chrome/5.0.308.0 Safari/532.9" time="0.0" failure="false"/><testcase classname="jasmine" name="finding from user agent for a desktop device should be desktop when userAgent is Mozilla/5.0 (X11; U; Linux x86_64; en-US) AppleWebKit/532.9 (KHTML, like Gecko) Chrome/5.0.309.0 Safari/532.9" time="0.0" failure="false"/><testcase classname="jasmine" name="finding from user agent for a desktop device should be desktop when userAgent is Mozilla/5.0 (X11; U; Linux x86_64; en-US) AppleWebKit/533.3 (KHTML, like Gecko) Chrome/5.0.353.0 Safari/533.3" time="0.0" failure="false"/><testcase classname="jasmine" name="finding from user agent for a desktop device should be desktop when userAgent is Mozilla/5.0 (X11; U; Linux x86_64; en-US) AppleWebKit/534.15 (KHTML, like Gecko) Chrome/10.0.613.0 Safari/534.15" time="0.0" failure="false"/><testcase classname="jasmine" name="finding from user agent for a desktop device should be desktop when userAgent is Mozilla/5.0 (X11; U; Linux x86_64; en-US) AppleWebKit/534.7 (KHTML, like Gecko) Chrome/7.0.514.0 Safari/534.7" time="0.0" failure="false"/><testcase classname="jasmine" name="finding from user agent for a desktop device should be desktop when userAgent is Mozilla/5.0 (X11; U; Linux x86_64; en-US) AppleWebKit/540.0 (KHTML, like Gecko) Ubuntu/10.10 Chrome/9.1.0.0 Safari/540.0" time="0.0" failure="false"/><testcase classname="jasmine" name="finding from user agent for a desktop device should be desktop when userAgent is Mozilla/5.0 (X11; U; Linux x86_64; en-US; rv:1.8.1.7) Gecko/20070918 BonEcho/2.0.0.7" time="0.0" failure="false"/><testcase classname="jasmine" name="finding from user agent for a desktop device should be desktop when userAgent is Mozilla/5.0 (X11; U; Linux x86_64; en-US; rv:1.9.0.3) Gecko/2008092814 (Debian-3.0.1-1)" time="0.0" failure="false"/><testcase classname="jasmine" name="finding from user agent for a desktop device should be desktop when userAgent is Mozilla/5.0 (X11; U; Linux x86_64; en-US; rv:1.9.0.4) Gecko/2008112012 Minefield/3.0.4" time="0.0" failure="false"/><testcase classname="jasmine" name="finding from user agent for a desktop device should be desktop when userAgent is Mozilla/5.0 (X11; U; Linux x86_64; en-US; rv:1.9.1.10) Gecko/20100623 Fedora/2.0.5-1.fc12 SeaMonkey/2.0.5" time="0.0" failure="false"/><testcase classname="jasmine" name="finding from user agent for a desktop device should be desktop when userAgent is Mozilla/5.0 (X11; U; Linux x86_64; en-US; rv:1.9.1.13) Gecko/20100916 Iceape/2.0.8" time="0.0" failure="false"/><testcase classname="jasmine" name="finding from user agent for a desktop device should be desktop when userAgent is Mozilla/5.0 (X11; U; Linux x86_64; en-US; rv:1.9.1.17) Gecko/20110123 SeaMonkey/2.0.12" time="0.0" failure="false"/><testcase classname="jasmine" name="finding from user agent for a desktop device should be desktop when userAgent is Mozilla/5.0 (X11; U; Linux x86_64; en-US; rv:1.9.1.3) Gecko/20091020 Linux Mint/8 (Helena) Firefox/3.5.3" time="0.0" failure="false"/><testcase classname="jasmine" name="finding from user agent for a desktop device should be desktop when userAgent is Mozilla/5.0 (X11; U; Linux x86_64; en-US; rv:1.9.1.5) Gecko/20091107 Firefox/3.5.5" time="0.0" failure="false"/><testcase classname="jasmine" name="finding from user agent for a desktop device should be desktop when userAgent is Mozilla/5.0 (X11; U; Linux x86_64; en-US; rv:1.9.2.6) Gecko/20100628 Ubuntu/10.04 (lucid) Firefox/3.6.6 GTB7.1" time="0.0" failure="false"/><testcase classname="jasmine" name="finding from user agent for a desktop device should be desktop when userAgent is Mozilla/5.0 (X11; U; Linux x86_64; en-US; rv:1.9.2.8) Gecko/20100805 Namoroka/3.6.8" time="0.0" failure="false"/><testcase classname="jasmine" name="finding from user agent for a desktop device should be desktop when userAgent is Mozilla/5.0 (X11; U; Linux x86_64; en-US; rv:1.9.2.9) Gecko/20100915 Gentoo Firefox/3.6.9" time="0.0" failure="false"/><testcase classname="jasmine" name="finding from user agent for a desktop device should be desktop when userAgent is Mozilla/5.0 (X11; U; Linux x86_64; es-AR; rv:1.9) Gecko/2008061015 Ubuntu/8.04 (hardy) Firefox/3.0" time="0.0" failure="false"/><testcase classname="jasmine" name="finding from user agent for a desktop device should be desktop when userAgent is Mozilla/5.0 (X11; U; Linux x86_64; fr; rv:1.9.2.14pre) Gecko/20101224 Ubuntu/10.04 (lucid) Namoroka/3.6.14pre" time="0.0" failure="false"/><testcase classname="jasmine" name="finding from user agent for a desktop device should be desktop when userAgent is Mozilla/5.0 (X11; U; Linux x86_64; sv-SE; rv:1.8.1.12) Gecko/20080207 Ubuntu/7.10 (gutsy) Firefox/2.0.0.12" time="0.0" failure="false"/><testcase classname="jasmine" name="finding from user agent for a desktop device should be desktop when userAgent is Mozilla/5.0 (X11; U; Linux x86_64; us; rv:1.9.1.19) Gecko/20110430 shadowfox/7.0 (like Firefox/7.0" time="0.0" failure="false"/><testcase classname="jasmine" name="finding from user agent for a desktop device should be desktop when userAgent is Mozilla/5.0 (X11; U; Linux; en-US) AppleWebKit/527  (KHTML, like Gecko, Safari/419.3) Arora/0.10.1" time="0.0" failure="false"/><testcase classname="jasmine" name="finding from user agent for a desktop device should be desktop when userAgent is Mozilla/5.0 (X11; U; Linux; en-US) AppleWebKit/527 (KHTML, like Gecko, Safari/419.3) Arora/0.10.1" time="0.0" failure="false"/><testcase classname="jasmine" name="finding from user agent for a desktop device should be desktop when userAgent is Mozilla/5.0 (X11; U; Linux; i686; en-US; rv:1.6) Gecko Debian/1.6-7" time="0.0" failure="false"/><testcase classname="jasmine" name="finding from user agent for a desktop device should be desktop when userAgent is Mozilla/5.0 (X11; U; Linux; i686; en-US; rv:1.6) Gecko Epiphany/1.2.5" time="0.0" failure="false"/><testcase classname="jasmine" name="finding from user agent for a desktop device should be desktop when userAgent is Mozilla/5.0 (X11; U; Linux; i686; en-US; rv:1.6) Gecko Galeon/1.3.14" time="0.0" failure="false"/><testcase classname="jasmine" name="finding from user agent for a desktop device should be desktop when userAgent is Mozilla/5.0 (X11; U; NetBSD amd64; en-US; rv:1.9.2.15) Gecko/20110308 Namoroka/3.6.15" time="0.0" failure="false"/><testcase classname="jasmine" name="finding from user agent for a desktop device should be desktop when userAgent is Mozilla/5.0 (X11; U; OpenBSD arm; en-us) AppleWebKit/531.2  (KHTML, like Gecko) Safari/531.2  Epiphany/2.30.0" time="0.0" failure="false"/><testcase classname="jasmine" name="finding from user agent for a desktop device should be desktop when userAgent is Mozilla/5.0 (X11; U; OpenBSD i386; en-US) AppleWebKit/533.3 (KHTML, like Gecko) Chrome/5.0.359.0 Safari/533.3" time="0.0" failure="false"/><testcase classname="jasmine" name="finding from user agent for a desktop device should be desktop when userAgent is Mozilla/5.0 (X11; U; OpenBSD i386; en-US; rv:1.9.1) Gecko/20090702 Firefox/3.5" time="0.0" failure="false"/><testcase classname="jasmine" name="finding from user agent for a desktop device should be desktop when userAgent is Mozilla/5.0 (X11; U; Slackware Linux x86_64; en-US) AppleWebKit/532.5 (KHTML, like Gecko) Chrome/4.0.249.30 Safari/532.5" time="0.0" failure="false"/><testcase classname="jasmine" name="finding from user agent for a desktop device should be desktop when userAgent is Mozilla/5.0 (X11; U; SunOS i86pc; en-US; rv:1.8.1.12) Gecko/20080303 SeaMonkey/1.1.8" time="0.0" failure="false"/><testcase classname="jasmine" name="finding from user agent for a desktop device should be desktop when userAgent is Mozilla/5.0 (X11; U; SunOS i86pc; en-US; rv:1.9.1b3) Gecko/20090429 Firefox/3.1b3" time="0.0" failure="false"/><testcase classname="jasmine" name="finding from user agent for a desktop device should be desktop when userAgent is Mozilla/5.0 (X11; U; SunOS sun4m; en-US; rv:1.4b) Gecko/20030517 Mozilla Firebird/0.6" time="0.0" failure="false"/><testcase classname="jasmine" name="finding from user agent for a desktop device should be desktop when userAgent is Mozilla/5.0 (X11; U; Windows NT 6; en-US) AppleWebKit/534.12 (KHTML, like Gecko) Chrome/9.0.587.0 Safari/534.12" time="0.0" failure="false"/><testcase classname="jasmine" name="finding from user agent for a desktop device should be desktop when userAgent is Mozilla/5.0 (X11; Ubuntu; Linux armv7l; rv:17.0) Gecko/20100101 Firefox/17.0" time="0.0" failure="false"/><testcase classname="jasmine" name="finding from user agent for a desktop device should be desktop when userAgent is Mozilla/5.0 (X11; Ubuntu; Linux x86_64; rv:14.0) Gecko/20100101 Firefox/14.0.1" time="0.0" failure="false"/><testcase classname="jasmine" name="finding from user agent for a desktop device should be desktop when userAgent is Mozilla/5.0 (X11; Ubuntu; Linux x86_64; rv:20.0) Gecko/20100101 Firefox/20.0" time="0.0" failure="false"/><testcase classname="jasmine" name="finding from user agent for a desktop device should be desktop when userAgent is Mozilla/5.0 (compatible; Exabot/3.0;  http://www.exabot.com/go/robot) " time="0.0" failure="false"/><testcase classname="jasmine" name="finding from user agent for a desktop device should be desktop when userAgent is Mozilla/5.0 (compatible; Googlebot/2.1;  http://www.google.com/bot.html)" time="0.0" failure="false"/><testcase classname="jasmine" name="finding from user agent for a desktop device should be desktop when userAgent is Mozilla/5.0 (compatible; Konqueror/3.0-rc2; i686 Linux; 20020226)" time="0.0" failure="false"/><testcase classname="jasmine" name="finding from user agent for a desktop device should be desktop when userAgent is Mozilla/5.0 (compatible; Konqueror/3.1-rc5; i686 Linux; 20020712)" time="0.0" failure="false"/><testcase classname="jasmine" name="finding from user agent for a desktop device should be desktop when userAgent is Mozilla/5.0 (compatible; Konqueror/3.3; Linux 2.6.8-gentoo-r3; X11;" time="0.0" failure="false"/><testcase classname="jasmine" name="finding from user agent for a desktop device should be desktop when userAgent is Mozilla/5.0 (compatible; Konqueror/3.5; Linux 2.6.30-7.dmz.1-liquorix-686; X11) KHTML/3.5.10 (like Gecko) (Debian package 4:3.5.10.dfsg.1-1 b1)" time="0.0" failure="false"/><testcase classname="jasmine" name="finding from user agent for a desktop device should be desktop when userAgent is Mozilla/5.0 (compatible; Konqueror/3.5; Linux; en_US) KHTML/3.5.6 (like Gecko) (Kubuntu)" time="0.0" failure="false"/><testcase classname="jasmine" name="finding from user agent for a desktop device should be desktop when userAgent is Mozilla/5.0 (compatible; Konqueror/3.5; NetBSD 4.0_RC3; X11) KHTML/3.5.7 (like Gecko)" time="0.0" failure="false"/><testcase classname="jasmine" name="finding from user agent for a desktop device should be desktop when userAgent is Mozilla/5.0 (compatible; Konqueror/3.5; SunOS) KHTML/3.5.1 (like Gecko)" time="0.0" failure="false"/><testcase classname="jasmine" name="finding from user agent for a desktop device should be desktop when userAgent is Mozilla/5.0 (compatible; Konqueror/4.1; DragonFly) KHTML/4.1.4 (like Gecko)" time="0.0" failure="false"/><testcase classname="jasmine" name="finding from user agent for a desktop device should be desktop when userAgent is Mozilla/5.0 (compatible; Konqueror/4.1; OpenBSD) KHTML/4.1.4 (like Gecko)" time="0.0" failure="false"/><testcase classname="jasmine" name="finding from user agent for a desktop device should be desktop when userAgent is Mozilla/5.0 (compatible; Konqueror/4.2; Linux) KHTML/4.2.4 (like Gecko) Slackware/13.0" time="0.0" failure="false"/><testcase classname="jasmine" name="finding from user agent for a desktop device should be desktop when userAgent is Mozilla/5.0 (compatible; Konqueror/4.3; Linux) KHTML/4.3.1 (like Gecko) Fedora/4.3.1-3.fc11" time="0.0" failure="false"/><testcase classname="jasmine" name="finding from user agent for a desktop device should be desktop when userAgent is Mozilla/5.0 (compatible; Konqueror/4.4; Linux 2.6.32-22-generic; X11; en_US) KHTML/4.4.3 (like Gecko) Kubuntu" time="0.0" failure="false"/><testcase classname="jasmine" name="finding from user agent for a desktop device should be desktop when userAgent is Mozilla/5.0 (compatible; Konqueror/4.4; Linux) KHTML/4.4.1 (like Gecko) Fedora/4.4.1-1.fc12" time="0.0" failure="false"/><testcase classname="jasmine" name="finding from user agent for a desktop device should be desktop when userAgent is Mozilla/5.0 (compatible; Konqueror/4.5; FreeBSD) KHTML/4.5.4 (like Gecko)" time="0.0" failure="false"/><testcase classname="jasmine" name="finding from user agent for a desktop device should be desktop when userAgent is Mozilla/5.0 (compatible; Konqueror/4.5; NetBSD 5.0.2; X11; amd64; en_US) KHTML/4.5.4 (like Gecko)" time="0.0" failure="false"/><testcase classname="jasmine" name="finding from user agent for a desktop device should be desktop when userAgent is Mozilla/5.0 (compatible; Konqueror/4.5; Windows) KHTML/4.5.4 (like Gecko)" time="0.0" failure="false"/><testcase classname="jasmine" name="finding from user agent for a desktop device should be desktop when userAgent is Mozilla/5.0 (compatible; LinksManager.com_bot http://linksmanager.com/linkchecker.html)" time="0.0" failure="false"/><testcase classname="jasmine" name="finding from user agent for a desktop device should be desktop when userAgent is Mozilla/5.0 (compatible; MJ12bot/v1.2.3; http://www.majestic12.co.uk/bot.php?+)" time="0.0" failure="false"/><testcase classname="jasmine" name="finding from user agent for a desktop device should be desktop when userAgent is Mozilla/5.0 (compatible; MSIE 10.0; Windows NT 6.1; WOW64; Trident/6.0)" time="0.0" failure="false"/><testcase classname="jasmine" name="finding from user agent for a desktop device should be desktop when userAgent is Mozilla/5.0 (compatible; MSIE 10.6; Windows NT 6.1; Trident/5.0; InfoPath.2; SLCC1; .NET CLR 3.0.4506.2152; .NET CLR 3.5.30729; .NET CLR 2.0.50727) 3gpp-gba UNTRUSTED/1.0" time="0.0" failure="false"/><testcase classname="jasmine" name="finding from user agent for a desktop device should be desktop when userAgent is Mozilla/5.0 (compatible; MSIE 9.0; Windows NT 6.1; Trident/4.0; GTB7.4; InfoPath.1; SV1; .NET CLR 2.8.52393; WOW64; en-US)" time="0.0" failure="false"/><testcase classname="jasmine" name="finding from user agent for a desktop device should be desktop when userAgent is Mozilla/5.0 (compatible; MSIE 9.0; Windows NT 6.1; Trident/5.0)" time="0.0" failure="false"/><testcase classname="jasmine" name="finding from user agent for a desktop device should be desktop when userAgent is Mozilla/5.0 (compatible; MSIE 9.0; Windows NT 6.1; WOW64; Trident/5.0; SLCC2; Media Center PC 6.0; InfoPath.3; MS-RTC LM 8; Zune 4.7)" time="0.0" failure="false"/><testcase classname="jasmine" name="finding from user agent for a desktop device should be desktop when userAgent is Mozilla/5.0 (compatible; MSIE 9.0; Windows NT 6.2; Trident/5.0)" time="0.0" failure="false"/><testcase classname="jasmine" name="finding from user agent for a desktop device should be desktop when userAgent is Mozilla/5.0 (compatible; MSIE 9.0; Windows NT 6.2; WOW64; Trident/5.0)" time="0.0" failure="false"/><testcase classname="jasmine" name="finding from user agent for a desktop device should be desktop when userAgent is Mozilla/5.0 (compatible; Yahoo! Slurp China; http://misc.yahoo.com.cn/help.html)" time="0.0" failure="false"/><testcase classname="jasmine" name="finding from user agent for a desktop device should be desktop when userAgent is Mozilla/5.0 (compatible; Yahoo! Slurp; http://help.yahoo.com/help/us/ysearch/slurp)" time="0.0" failure="false"/><testcase classname="jasmine" name="finding from user agent for a desktop device should be desktop when userAgent is Mozilla/5.0 (compatible; bingbot/2.0  http://www.bing.com/bingbot.htm)" time="0.0" failure="false"/><testcase classname="jasmine" name="finding from user agent for a desktop device should be desktop when userAgent is Mozilla/5.0 (compatible; iCab 3.0.5; Macintosh; U; PPC Mac OS X)" time="0.0" failure="false"/><testcase classname="jasmine" name="finding from user agent for a desktop device should be desktop when userAgent is Mozilla/5.0 (compatible; suggybot v0.01a, http://blog.suggy.com/was-ist-suggy/suggy-webcrawler/)" time="0.0" failure="false"/><testcase classname="jasmine" name="finding from user agent for a desktop device should be desktop when userAgent is Mozilla/5.0 (en-us) AppleWebKit/525.13 (KHTML, like Gecko; Google Web Preview) Version/3.1 Safari/525.13" time="0.0" failure="false"/><testcase classname="jasmine" name="finding from user agent for a desktop device should be desktop when userAgent is Mozilla/5.0 ArchLinux (X11; U; Linux x86_64; en-US) AppleWebKit/534.30 (KHTML, like Gecko) Chrome/12.0.742.60 Safari/534.30" time="0.0" failure="false"/><testcase classname="jasmine" name="finding from user agent for a desktop device should be desktop when userAgent is Mozilla/5.0 Galeon/1.2.6 (X11; Linux i686; U;) Gecko/20020913 Debian/1.2.6-2" time="0.0" failure="false"/><testcase classname="jasmine" name="finding from user agent for a desktop device should be desktop when userAgent is Mozilla/5.0 Slackware/13.37 (X11; U; Linux x86_64; en-US) AppleWebKit/535.1 (KHTML, like Gecko) Chrome/13.0.782.41" time="0.0" failure="false"/><testcase classname="jasmine" name="finding from user agent for a desktop device should be desktop when userAgent is NCSA_Mosaic/2.7b4 (X11;AIX 1 000180663000)" time="0.0" failure="false"/><testcase classname="jasmine" name="finding from user agent for a desktop device should be desktop when userAgent is NetResearchServer/3.5(loopimprovements.com/robot.html)" time="0.0" failure="false"/><testcase classname="jasmine" name="finding from user agent for a desktop device should be desktop when userAgent is NetResearchServer/4.0(loopimprovements.com/robot.html)" time="0.0" failure="false"/><testcase classname="jasmine" name="finding from user agent for a desktop device should be desktop when userAgent is NetSurf/1.2 (NetBSD; amd64)" time="0.0" failure="false"/><testcase classname="jasmine" name="finding from user agent for a desktop device should be desktop when userAgent is NetSurf/2.0 (Linux; i686)" time="0.0" failure="false"/><testcase classname="jasmine" name="finding from user agent for a desktop device should be desktop when userAgent is NutchCVS/0.7.2 (Nutch; http://lucene.apache.org/nutch/bot.html; nutch-agent@lucene.apache.org)" time="0.0" failure="false"/><testcase classname="jasmine" name="finding from user agent for a desktop device should be desktop when userAgent is Offline Explorer/2.5" time="0.0" failure="false"/><testcase classname="jasmine" name="finding from user agent for a desktop device should be desktop when userAgent is OmniExplorer_Bot/4.80 (+http://www.omni-explorer.com) WorldIndexer" time="0.0" failure="false"/><testcase classname="jasmine" name="finding from user agent for a desktop device should be desktop when userAgent is Opera/4.02 (Windows 98; U) [en]" time="0.0" failure="false"/><testcase classname="jasmine" name="finding from user agent for a desktop device should be desktop when userAgent is Opera/7.50 (Windows ME; U) [en]" time="0.0" failure="false"/><testcase classname="jasmine" name="finding from user agent for a desktop device should be desktop when userAgent is Opera/7.50 (Windows XP; U)" time="0.0" failure="false"/><testcase classname="jasmine" name="finding from user agent for a desktop device should be desktop when userAgent is Opera/7.51 (Windows NT 5.1; U) [en]" time="0.0" failure="false"/><testcase classname="jasmine" name="finding from user agent for a desktop device should be desktop when userAgent is Opera/8.01 (Windows NT 5.1; U; pl)" time="0.0" failure="false"/><testcase classname="jasmine" name="finding from user agent for a desktop device should be desktop when userAgent is Opera/9.0 (Macintosh; PPC Mac OS X; U; en)" time="0.0" failure="false"/><testcase classname="jasmine" name="finding from user agent for a desktop device should be desktop when userAgent is Opera/9.01 (X11; FreeBSD 6 i386; U; en)" time="0.0" failure="false"/><testcase classname="jasmine" name="finding from user agent for a desktop device should be desktop when userAgent is Opera/9.20 (Macintosh; Intel Mac OS X; U; en)" time="0.0" failure="false"/><testcase classname="jasmine" name="finding from user agent for a desktop device should be desktop when userAgent is Opera/9.25 (Windows NT 6.0; U; en)" time="0.0" failure="false"/><testcase classname="jasmine" name="finding from user agent for a desktop device should be desktop when userAgent is Opera/9.26 (Windows NT 5.1; U; pl)" time="0.0" failure="false"/><testcase classname="jasmine" name="finding from user agent for a desktop device should be desktop when userAgent is Opera/9.30 (Nintendo Wii; U; ; 2047-7; en)" time="0.0" failure="false"/><testcase classname="jasmine" name="finding from user agent for a desktop device should be desktop when userAgent is Opera/9.60 (X11; Linux i686; U; en-GB) Presto/2.1.1" time="0.0" failure="false"/><testcase classname="jasmine" name="finding from user agent for a desktop device should be desktop when userAgent is Opera/9.64 (Macintosh; PPC Mac OS X; U; en) Presto/2.1.1" time="0.0" failure="false"/><testcase classname="jasmine" name="finding from user agent for a desktop device should be desktop when userAgent is Opera/9.64 (X11; Linux i686; U; Linux Mint; nb) Presto/2.1.1" time="0.0" failure="false"/><testcase classname="jasmine" name="finding from user agent for a desktop device should be desktop when userAgent is Opera/9.80 (Macintosh; Intel Mac OS X 10.4.11; U; en) Presto/2.7.62 Version/11.00" time="0.0" failure="false"/><testcase classname="jasmine" name="finding from user agent for a desktop device should be desktop when userAgent is Opera/9.80 (Macintosh; Intel Mac OS X 10.6.8; U; fr) Presto/2.9.168 Version/11.52" time="0.0" failure="false"/><testcase classname="jasmine" name="finding from user agent for a desktop device should be desktop when userAgent is Opera/9.80 (Macintosh; Intel Mac OS X; U; en) Presto/2.6.30 Version/10.61" time="0.0" failure="false"/><testcase classname="jasmine" name="finding from user agent for a desktop device should be desktop when userAgent is Opera/9.80 (Windows NT 5.1; U; ru) Presto/2.7.39 Version/11.00" time="0.0" failure="false"/><testcase classname="jasmine" name="finding from user agent for a desktop device should be desktop when userAgent is Opera/9.80 (Windows NT 5.1; U; zh-tw) Presto/2.8.131 Version/11.10" time="0.0" failure="false"/><testcase classname="jasmine" name="finding from user agent for a desktop device should be desktop when userAgent is Opera/9.80 (Windows NT 5.2; U; en) Presto/2.2.15 Version/10.10" time="0.0" failure="false"/><testcase classname="jasmine" name="finding from user agent for a desktop device should be desktop when userAgent is Opera/9.80 (Windows NT 6.0) Presto/2.12.388 Version/12.14" time="0.0" failure="false"/><testcase classname="jasmine" name="finding from user agent for a desktop device should be desktop when userAgent is Opera/9.80 (Windows NT 6.1; U; en) Presto/2.7.62 Version/11.01" time="0.0" failure="false"/><testcase classname="jasmine" name="finding from user agent for a desktop device should be desktop when userAgent is Opera/9.80 (Windows NT 6.1; U; es-ES) Presto/2.9.181 Version/12.00" time="0.0" failure="false"/><testcase classname="jasmine" name="finding from user agent for a desktop device should be desktop when userAgent is Opera/9.80 (X11; FreeBSD 8.1-RELEASE i386; Edition Next) Presto/2.12.388 Version/12.10" time="0.0" failure="false"/><testcase classname="jasmine" name="finding from user agent for a desktop device should be desktop when userAgent is Opera/9.80 (X11; Linux i686; U; en) Presto/2.2.15 Version/10.10" time="0.0" failure="false"/><testcase classname="jasmine" name="finding from user agent for a desktop device should be desktop when userAgent is Opera/9.80 (X11; Linux x86_64; U; pl) Presto/2.7.62 Version/11.00" time="0.0" failure="false"/><testcase classname="jasmine" name="finding from user agent for a desktop device should be desktop when userAgent is P3P Validator" time="0.0" failure="false"/><testcase classname="jasmine" name="finding from user agent for a desktop device should be desktop when userAgent is Peach/1.01 (Ubuntu 8.04 LTS; U; en)" time="0.0" failure="false"/><testcase classname="jasmine" name="finding from user agent for a desktop device should be desktop when userAgent is Ploetz + Zeller (http://www.ploetz-zeller.de) Link Validator v1.0 (support@p-und-z.de) for ARIS Business Architect" time="0.0" failure="false"/><testcase classname="jasmine" name="finding from user agent for a desktop device should be desktop when userAgent is PostPost/1.0 (+http://postpo.st/crawlers)" time="0.0" failure="false"/><testcase classname="jasmine" name="finding from user agent for a desktop device should be desktop when userAgent is PycURL" time="0.0" failure="false"/><testcase classname="jasmine" name="finding from user agent for a desktop device should be desktop when userAgent is PycURL/7.18.0" time="0.0" failure="false"/><testcase classname="jasmine" name="finding from user agent for a desktop device should be desktop when userAgent is PycURL/7.18.2" time="0.0" failure="false"/><testcase classname="jasmine" name="finding from user agent for a desktop device should be desktop when userAgent is PycURL/7.23.1" time="0.0" failure="false"/><testcase classname="jasmine" name="finding from user agent for a desktop device should be desktop when userAgent is Python-urllib/1.17" time="0.0" failure="false"/><testcase classname="jasmine" name="finding from user agent for a desktop device should be desktop when userAgent is Python-urllib/2.5" time="0.0" failure="false"/><testcase classname="jasmine" name="finding from user agent for a desktop device should be desktop when userAgent is Python-urllib/2.6" time="0.0" failure="false"/><testcase classname="jasmine" name="finding from user agent for a desktop device should be desktop when userAgent is RAMPyBot - www.giveRAMP.com/0.1 (RAMPyBot - www.giveRAMP.com; http://www.giveramp.com/bot.html; support@giveRAMP.com)" time="0.0" failure="false"/><testcase classname="jasmine" name="finding from user agent for a desktop device should be desktop when userAgent is SearchExpress" time="0.0" failure="false"/><testcase classname="jasmine" name="finding from user agent for a desktop device should be desktop when userAgent is Seekbot/1.0 (http://www.seekbot.net/bot.html) RobotsTxtFetcher/1.2" time="0.0" failure="false"/><testcase classname="jasmine" name="finding from user agent for a desktop device should be desktop when userAgent is Sundance(Compatible; Windows; U; en-US;) Version/0.9.0.36" time="0.0" failure="false"/><testcase classname="jasmine" name="finding from user agent for a desktop device should be desktop when userAgent is Sundance/0.9x(Compatible; Windows; U; en-US;)Version/0.9x" time="0.0" failure="false"/><testcase classname="jasmine" name="finding from user agent for a desktop device should be desktop when userAgent is SuperBot/4.4.0.60 (Windows XP)" time="0.0" failure="false"/><testcase classname="jasmine" name="finding from user agent for a desktop device should be desktop when userAgent is Uzbl (Webkit 1.3) (Linux i686 [i686])" time="0.0" failure="false"/><testcase classname="jasmine" name="finding from user agent for a desktop device should be desktop when userAgent is VORTEX/1.2 ( http://marty.anstey.ca/robots/vortex/)" time="0.0" failure="false"/><testcase classname="jasmine" name="finding from user agent for a desktop device should be desktop when userAgent is W3C_Validator/1.305.2.12 libwww-perl/5.64" time="0.0" failure="false"/><testcase classname="jasmine" name="finding from user agent for a desktop device should be desktop when userAgent is W3C_Validator/1.575" time="0.0" failure="false"/><testcase classname="jasmine" name="finding from user agent for a desktop device should be desktop when userAgent is W3C_Validator/1.591" time="0.0" failure="false"/><testcase classname="jasmine" name="finding from user agent for a desktop device should be desktop when userAgent is W3C_Validator/1.654" time="0.0" failure="false"/><testcase classname="jasmine" name="finding from user agent for a desktop device should be desktop when userAgent is WDG_Validator/1.6.2" time="0.0" failure="false"/><testcase classname="jasmine" name="finding from user agent for a desktop device should be desktop when userAgent is Web Downloader/6.9" time="0.0" failure="false"/><testcase classname="jasmine" name="finding from user agent for a desktop device should be desktop when userAgent is WebCopier v4.6" time="0.0" failure="false"/><testcase classname="jasmine" name="finding from user agent for a desktop device should be desktop when userAgent is WebZIP/3.5 (http://www.spidersoft.com)" time="0.0" failure="false"/><testcase classname="jasmine" name="finding from user agent for a desktop device should be desktop when userAgent is Wget/1.5.3" time="0.0" failure="false"/><testcase classname="jasmine" name="finding from user agent for a desktop device should be desktop when userAgent is Wget/1.8.1" time="0.0" failure="false"/><testcase classname="jasmine" name="finding from user agent for a desktop device should be desktop when userAgent is Wget/1.9 cvs-stable (Red Hat modified)" time="0.0" failure="false"/><testcase classname="jasmine" name="finding from user agent for a desktop device should be desktop when userAgent is Wget/1.9.1" time="0.0" failure="false"/><testcase classname="jasmine" name="finding from user agent for a desktop device should be desktop when userAgent is Xaldon_WebSpider/2.0.b1" time="0.0" failure="false"/><testcase classname="jasmine" name="finding from user agent for a desktop device should be desktop when userAgent is Xenu Link Sleuth 1.2b" time="0.0" failure="false"/><testcase classname="jasmine" name="finding from user agent for a desktop device should be desktop when userAgent is Xenu Link Sleuth 1.2g" time="0.0" failure="false"/><testcase classname="jasmine" name="finding from user agent for a desktop device should be desktop when userAgent is YahooSeeker/1.2 (compatible; Mozilla 4.0; MSIE 5.5; yahooseeker at yahoo-inc dot com ; http://help.yahoo.com/help/us/shop/merchant/)" time="0.0" failure="false"/><testcase classname="jasmine" name="finding from user agent for a desktop device should be desktop when userAgent is curl/7.12.1 (i686-redhat-linux-gnu) libcurl/7.12.1 OpenSSL/0.9.7a zlib/1.2.1.2 libidn/0.5.6" time="0.0" failure="false"/><testcase classname="jasmine" name="finding from user agent for a desktop device should be desktop when userAgent is curl/7.15.4 (i686-pc-linux-gnu) libcurl/7.15.4 OpenSSL/0.9.7e zlib/1.2.3" time="0.0" failure="false"/><testcase classname="jasmine" name="finding from user agent for a desktop device should be desktop when userAgent is curl/7.16.1 (i386-pc-win32) libcurl/7.16.1 OpenSSL/0.9.8h zlib/1.2.3" time="0.0" failure="false"/><testcase classname="jasmine" name="finding from user agent for a desktop device should be desktop when userAgent is curl/7.16.3 (powerpc-apple-darwin8.0) libcurl/7.16.3 OpenSSL/0.9.7l zlib/1.2.3" time="0.0" failure="false"/><testcase classname="jasmine" name="finding from user agent for a desktop device should be desktop when userAgent is curl/7.7.x (i386--freebsd4.3) libcurl 7.7.x (SSL 0.9.6) (ipv6 enabled)" time="0.0" failure="false"/><testcase classname="jasmine" name="finding from user agent for a desktop device should be desktop when userAgent is everyfeed-spider/2.0 (http://www.everyfeed.com)" time="0.0" failure="false"/><testcase classname="jasmine" name="finding from user agent for a desktop device should be desktop when userAgent is facebookscraper/1.0( http://www.facebook.com/sharescraper_help.php)" time="0.0" failure="false"/><testcase classname="jasmine" name="finding from user agent for a desktop device should be desktop when userAgent is findlinks/1.06 (+http://wortschatz.uni-leipzig.de/findlinks/)" time="0.0" failure="false"/><testcase classname="jasmine" name="finding from user agent for a desktop device should be desktop when userAgent is findlinks/1.1.3-beta4 (+http://wortschatz.uni-leipzig.de/findlinks/)" time="0.0" failure="false"/><testcase classname="jasmine" name="finding from user agent for a desktop device should be desktop when userAgent is findlinks/1.1.3-beta8 (+http://wortschatz.uni-leipzig.de/findlinks/)" time="0.0" failure="false"/><testcase classname="jasmine" name="finding from user agent for a desktop device should be desktop when userAgent is findlinks/1.1.3-beta9 (+http://wortschatz.uni-leipzig.de/findlinks/)" time="0.0" failure="false"/><testcase classname="jasmine" name="finding from user agent for a desktop device should be desktop when userAgent is grub-client-1.5.3; (grub-client-1.5.3; Crawl your own stuff with http://grub.org)" time="0.0" failure="false"/><testcase classname="jasmine" name="finding from user agent for a desktop device should be desktop when userAgent is iTunes/4.0 (Macintosh; U; PPC Mac OS X 10.2)" time="0.0" failure="false"/><testcase classname="jasmine" name="finding from user agent for a desktop device should be desktop when userAgent is iTunes/4.2 (Macintosh; U; PPC Mac OS X 10.2)" time="0.0" failure="false"/><testcase classname="jasmine" name="finding from user agent for a desktop device should be desktop when userAgent is iTunes/7.1.1 (Macintosh; N; PPC)" time="0.0" failure="false"/><testcase classname="jasmine" name="finding from user agent for a desktop device should be desktop when userAgent is iTunes/9.0.2 (Windows; N)" time="0.0" failure="false"/><testcase classname="jasmine" name="finding from user agent for a desktop device should be desktop when userAgent is iTunes/9.0.3 (Macintosh; U; Intel Mac OS X 10_6_2; en-ca)" time="0.0" failure="false"/><testcase classname="jasmine" name="finding from user agent for a desktop device should be desktop when userAgent is ia_archiver/8.8 (Windows XP 7.2; en-US;)" time="0.0" failure="false"/><testcase classname="jasmine" name="finding from user agent for a desktop device should be desktop when userAgent is ichiro/2.0 (http://help.goo.ne.jp/door/crawler.html)" time="0.0" failure="false"/><testcase classname="jasmine" name="finding from user agent for a desktop device should be desktop when userAgent is larbin_2.6.2 vitalbox1@hotmail.com" time="0.0" failure="false"/><testcase classname="jasmine" name="finding from user agent for a desktop device should be desktop when userAgent is ldspider (http://code.google.com/p/ldspider/wiki/Robots)" time="0.0" failure="false"/><testcase classname="jasmine" name="finding from user agent for a desktop device should be desktop when userAgent is libwww-perl/5.800" time="0.0" failure="false"/><testcase classname="jasmine" name="finding from user agent for a desktop device should be desktop when userAgent is libwww-perl/5.800 (+http://passoire.afraid.org/mylittlewebsurvey/index.html)" time="0.0" failure="false"/><testcase classname="jasmine" name="finding from user agent for a desktop device should be desktop when userAgent is libwww-perl/5.820" time="0.0" failure="false"/><testcase classname="jasmine" name="finding from user agent for a desktop device should be desktop when userAgent is msnbot-media/1.1 ( http://search.msn.com/msnbot.htm)" time="0.0" failure="false"/><testcase classname="jasmine" name="finding from user agent for a desktop device should be desktop when userAgent is msnbot/0.11 ( http://search.msn.com/msnbot.htm)" time="0.0" failure="false"/><testcase classname="jasmine" name="finding from user agent for a desktop device should be desktop when userAgent is msnbot/0.9 (+http://search.msn.com/msnbot.htm)" time="0.0" failure="false"/><testcase classname="jasmine" name="finding from user agent for a desktop device should be desktop when userAgent is msnbot/1.0 ( http://search.msn.com/msnbot.htm)" time="0.0" failure="false"/><testcase classname="jasmine" name="finding from user agent for a desktop device should be desktop when userAgent is msnbot/1.1 ( http://search.msn.com/msnbot.htm)" time="0.0" failure="false"/><testcase classname="jasmine" name="finding from user agent for a desktop device should be desktop when userAgent is nicebot" time="0.0" failure="false"/><testcase classname="jasmine" name="finding from user agent for a desktop device should be desktop when userAgent is sogou spider" time="0.0" failure="false"/><testcase classname="jasmine" name="finding from user agent for a desktop device should be desktop when userAgent is voyager/1.0" time="0.0" failure="false"/><testcase classname="jasmine" name="finding from user agent for a desktop device should be desktop when userAgent is w3m/0.1.9" time="0.0" failure="false"/><testcase classname="jasmine" name="finding from user agent for a desktop device should be desktop when userAgent is w3m/0.5.1" time="0.0" failure="false"/><testcase classname="jasmine" name="finding from user agent for a desktop device should be desktop when userAgent is wii libnup/1.0" time="0.0" failure="false"/><testcase classname="jasmine" name="finding from user agent for a mobile device should be mobile when userAgent is BlackBerry7100i/4.1.0 Profile/MIDP-2.0 Configuration/CLDC-1.1 VendorID/103" time="0.0" failure="false"/><testcase classname="jasmine" name="finding from user agent for a mobile device should be mobile when userAgent is BlackBerry7520/4.0.0 Profile/MIDP-2.0 Configuration/CLDC-1.1 UP.Browser/5.0.3.3 UP.Link/5.1.2.12 (Google WAP Proxy/1.0)" time="0.0" failure="false"/><testcase classname="jasmine" name="finding from user agent for a mobile device should be mobile when userAgent is BlackBerry8300/4.2.2 Profile/MIDP-2.0 Configuration/CLDC-1.1 VendorID/107 UP.Link/6.2.3.15.0" time="0.0" failure="false"/><testcase classname="jasmine" name="finding from user agent for a mobile device should be mobile when userAgent is BlackBerry8320/4.2.2 Profile/MIDP-2.0 Configuration/CLDC-1.1 VendorID/100" time="0.0" failure="false"/><testcase classname="jasmine" name="finding from user agent for a mobile device should be mobile when userAgent is BlackBerry8330/4.3.0 Profile/MIDP-2.0 Configuration/CLDC-1.1 VendorID/105" time="0.0" failure="false"/><testcase classname="jasmine" name="finding from user agent for a mobile device should be mobile when userAgent is BlackBerry9000/4.6.0.167 Profile/MIDP-2.0 Configuration/CLDC-1.1 VendorID/102" time="0.0" failure="false"/><testcase classname="jasmine" name="finding from user agent for a mobile device should be mobile when userAgent is BlackBerry9530/4.7.0.167 Profile/MIDP-2.0 Configuration/CLDC-1.1 VendorID/102 UP.Link/6.3.1.20.0" time="0.0" failure="false"/><testcase classname="jasmine" name="finding from user agent for a mobile device should be mobile when userAgent is BlackBerry9700/5.0.0.351 Profile/MIDP-2.1 Configuration/CLDC-1.1 VendorID/123" time="0.0" failure="false"/><testcase classname="jasmine" name="finding from user agent for a mobile device should be mobile when userAgent is DoCoMo/2.0 N905i(c100;TB;W24H16) (compatible; Googlebot-Mobile/2.1;  http://www.google.com/bot.html)" time="0.0" failure="false"/><testcase classname="jasmine" name="finding from user agent for a mobile device should be mobile when userAgent is DoCoMo/2.0 SH901iC(c100;TB;W24H12)" time="0.0" failure="false"/><testcase classname="jasmine" name="finding from user agent for a mobile device should be mobile when userAgent is HTC-ST7377/1.59.502.3 (67150) Opera/9.50 (Windows NT 5.1; U; en) UP.Link/6.3.1.17.0" time="0.0" failure="false"/><testcase classname="jasmine" name="finding from user agent for a mobile device should be mobile when userAgent is HTC_Dream Mozilla/5.0 (Linux; U; Android 1.5; en-ca; Build/CUPCAKE) AppleWebKit/528.5  (KHTML, like Gecko) Version/3.1.2 Mobile Safari/525.20.1" time="0.0" failure="false"/><testcase classname="jasmine" name="finding from user agent for a mobile device should be mobile when userAgent is LG-GC900/V10a Obigo/WAP2.0 Profile/MIDP-2.1 Configuration/CLDC-1.1" time="0.0" failure="false"/><testcase classname="jasmine" name="finding from user agent for a mobile device should be mobile when userAgent is LG-LX550 AU-MIC-LX550/2.0 MMP/2.0 Profile/MIDP-2.0 Configuration/CLDC-1.1" time="0.0" failure="false"/><testcase classname="jasmine" name="finding from user agent for a mobile device should be mobile when userAgent is MOT-L7v/08.B7.5DR MIB/2.2.1 Profile/MIDP-2.0 Configuration/CLDC-1.1 UP.Link/6.3.0.0.0" time="0.0" failure="false"/><testcase classname="jasmine" name="finding from user agent for a mobile device should be mobile when userAgent is MOT-V177/0.1.75 UP.Browser/6.2.3.9.c.12 (GUI) MMP/2.0 UP.Link/6.3.1.13.0" time="0.0" failure="false"/><testcase classname="jasmine" name="finding from user agent for a mobile device should be mobile when userAgent is MOT-V9mm/00.62 UP.Browser/6.2.3.4.c.1.123 (GUI) MMP/2.0" time="0.0" failure="false"/><testcase classname="jasmine" name="finding from user agent for a mobile device should be mobile when userAgent is MOTORIZR-Z8/46.00.00 Mozilla/4.0 (compatible; MSIE 6.0; Symbian OS; 356) Opera 8.65 [it] UP.Link/6.3.0.0.0" time="0.0" failure="false"/><testcase classname="jasmine" name="finding from user agent for a mobile device should be mobile when userAgent is Mozilla/1.22 (compatible; MSIE 5.01; PalmOS 3.0) EudoraWeb 2.1" time="0.0" failure="false"/><testcase classname="jasmine" name="finding from user agent for a mobile device should be mobile when userAgent is Mozilla/4.0 (PDA; PalmOS/sony/model prmr/Revision:1.1.54 (en)) NetFront/3.0" time="0.0" failure="false"/><testcase classname="jasmine" name="finding from user agent for a mobile device should be mobile when userAgent is Mozilla/4.0 (PSP (PlayStation Portable); 2.00)" time="0.0" failure="false"/><testcase classname="jasmine" name="finding from user agent for a mobile device should be mobile when userAgent is Mozilla/4.0 (compatible; MSIE 4.01; Windows CE; PPC; 240x320; Sprint:PPC-6700; PPC; 240x320)" time="0.0" failure="false"/><testcase classname="jasmine" name="finding from user agent for a mobile device should be mobile when userAgent is Mozilla/4.0 (compatible; MSIE 4.01; Windows CE; PPC; MDA Pro/1.0 Profile/MIDP-2.0 Configuration/CLDC-1.1)" time="0.0" failure="false"/><testcase classname="jasmine" name="finding from user agent for a mobile device should be mobile when userAgent is Mozilla/4.0 (compatible; MSIE 5.0; Series80/2.0 Nokia9500/4.51 Profile/MIDP-2.0 Configuration/CLDC-1.1)" time="0.0" failure="false"/><testcase classname="jasmine" name="finding from user agent for a mobile device should be mobile when userAgent is Mozilla/4.0 (compatible; MSIE 6.0; Windows 98; PalmSource/hspr-H102; Blazer/4.0) 16;320x320" time="0.0" failure="false"/><testcase classname="jasmine" name="finding from user agent for a mobile device should be mobile when userAgent is Mozilla/4.0 (compatible; MSIE 6.0; Windows CE; IEMobile 6.12; Microsoft ZuneHD 4.3)" time="0.0" failure="false"/><testcase classname="jasmine" name="finding from user agent for a mobile device should be mobile when userAgent is Mozilla/4.0 (compatible; MSIE 6.0; Windows CE; IEMobile 7.11)" time="0.0" failure="false"/><testcase classname="jasmine" name="finding from user agent for a mobile device should be mobile when userAgent is Mozilla/4.0 (compatible; MSIE 6.0; Windows CE; IEMobile 7.11) " time="0.0" failure="false"/><testcase classname="jasmine" name="finding from user agent for a mobile device should be mobile when userAgent is Mozilla/4.0 (compatible; MSIE 6.0; Windows CE; IEMobile 7.11) Sprint:PPC6800" time="0.0" failure="false"/><testcase classname="jasmine" name="finding from user agent for a mobile device should be mobile when userAgent is Mozilla/4.0 (compatible; MSIE 6.0; Windows CE; IEMobile 7.11) Sprint:PPC6800 " time="0.0" failure="false"/><testcase classname="jasmine" name="finding from user agent for a mobile device should be mobile when userAgent is Mozilla/4.0 (compatible; MSIE 6.0; Windows CE; IEMobile 7.11) XV6800 " time="0.0" failure="false"/><testcase classname="jasmine" name="finding from user agent for a mobile device should be mobile when userAgent is Mozilla/4.0 (compatible; MSIE 6.0; Windows CE; IEMobile 8.12; MSIEMobile6.0)" time="0.0" failure="false"/><testcase classname="jasmine" name="finding from user agent for a mobile device should be mobile when userAgent is Mozilla/4.0 (compatible; MSIE 6.0; Windows CE; PPC; 320x320)Opera 8.65 [en]" time="0.0" failure="false"/><testcase classname="jasmine" name="finding from user agent for a mobile device should be mobile when userAgent is Mozilla/4.0 (compatible; MSIE 6.0; Windows NT 5.2; WOW64; SV1; uZardWeb/1.0; Server_EN)" time="0.0" failure="false"/><testcase classname="jasmine" name="finding from user agent for a mobile device should be mobile when userAgent is Mozilla/4.0 (compatible; MSIE 6.0; j2me) ReqwirelessWeb/3.5" time="0.0" failure="false"/><testcase classname="jasmine" name="finding from user agent for a mobile device should be mobile when userAgent is Mozilla/4.0 (compatible; MSIE 7.0; Windows Phone OS 7.0; Trident/3.1; IEMobile/7.0)" time="0.0" failure="false"/><testcase classname="jasmine" name="finding from user agent for a mobile device should be mobile when userAgent is Mozilla/4.0 (compatible; MSIE 7.0; Windows Phone OS 7.0; Trident/3.1; IEMobile/7.0) Asus;Galaxy6" time="0.0" failure="false"/><testcase classname="jasmine" name="finding from user agent for a mobile device should be mobile when userAgent is Mozilla/4.1 (compatible; MSIE 5.0; Symbian OS; Nokia 6600;452) Opera 6.20 [en-US]" time="0.0" failure="false"/><testcase classname="jasmine" name="finding from user agent for a mobile device should be mobile when userAgent is Mozilla/5.0 (Android; Linux armv7l; rv:10.0.1) Gecko/20100101 Firefox/10.0.1 Fennec/10.0.1" time="0.0" failure="false"/><testcase classname="jasmine" name="finding from user agent for a mobile device should be mobile when userAgent is Mozilla/5.0 (Android; Linux armv7l; rv:2.0.1) Gecko/20100101 Firefox/4.0.1 Fennec/2.0.1" time="0.0" failure="false"/><testcase classname="jasmine" name="finding from user agent for a mobile device should be mobile when userAgent is Mozilla/5.0 (BB10; Touch) AppleWebKit/537.10+ (KHTML, like Gecko) Version/10.1.0.2342 Mobile Safari/537.10+" time="0.0" failure="false"/><testcase classname="jasmine" name="finding from user agent for a mobile device should be mobile when userAgent is Mozilla/5.0 (BlackBerry; U; BlackBerry 9800; en) AppleWebKit/534.1  (KHTML, Like Gecko) Version/6.0.0.141 Mobile Safari/534.1" time="0.0" failure="false"/><testcase classname="jasmine" name="finding from user agent for a mobile device should be mobile when userAgent is Mozilla/5.0 (Linux; Android 4.1.2; SHV-E250S Build/JZO54K) AppleWebKit/537.36 (KHTML, like Gecko) Chrome/30.0.1599.82 Mobile Safari/537.36" time="0.0" failure="false"/><testcase classname="jasmine" name="finding from user agent for a mobile device should be mobile when userAgent is Mozilla/5.0 (Linux; Android 4.4; Nexus 5 Build/BuildID) AppleWebKit/537.36 (KHTML, like Gecko) Version/4.0 Chrome/30.0.0.0 Mobile Safari/537.36" time="0.0" failure="false"/><testcase classname="jasmine" name="finding from user agent for a mobile device should be mobile when userAgent is Mozilla/5.0 (Linux; U; Android 0.5; en-us) AppleWebKit/522  (KHTML, like Gecko) Safari/419.3" time="0.0" failure="false"/><testcase classname="jasmine" name="finding from user agent for a mobile device should be mobile when userAgent is Mozilla/5.0 (Linux; U; Android 1.0; en-us; dream) AppleWebKit/525.10  (KHTML, like Gecko) Version/3.0.4 Mobile Safari/523.12.2" time="0.0" failure="false"/><testcase classname="jasmine" name="finding from user agent for a mobile device should be mobile when userAgent is Mozilla/5.0 (Linux; U; Android 1.1; en-gb; dream) AppleWebKit/525.10  (KHTML, like Gecko) Version/3.0.4 Mobile Safari/523.12.2" time="0.0" failure="false"/><testcase classname="jasmine" name="finding from user agent for a mobile device should be mobile when userAgent is Mozilla/5.0 (Linux; U; Android 1.5; de-ch; HTC Hero Build/CUPCAKE) AppleWebKit/528.5  (KHTML, like Gecko) Version/3.1.2 Mobile Safari/525.20.1" time="0.0" failure="false"/><testcase classname="jasmine" name="finding from user agent for a mobile device should be mobile when userAgent is Mozilla/5.0 (Linux; U; Android 1.5; de-de; Galaxy Build/CUPCAKE) AppleWebKit/528.5  (KHTML, like Gecko) Version/3.1.2 Mobile Safari/525.20.1" time="0.0" failure="false"/><testcase classname="jasmine" name="finding from user agent for a mobile device should be mobile when userAgent is Mozilla/5.0 (Linux; U; Android 1.5; de-de; HTC Magic Build/PLAT-RC33) AppleWebKit/528.5  (KHTML, like Gecko) Version/3.1.2 Mobile Safari/525.20.1 FirePHP/0.3" time="0.0" failure="false"/><testcase classname="jasmine" name="finding from user agent for a mobile device should be mobile when userAgent is Mozilla/5.0 (Linux; U; Android 1.5; en-gb; T-Mobile_G2_Touch Build/CUPCAKE) AppleWebKit/528.5  (KHTML, like Gecko) Version/3.1.2 Mobile Safari/525.20.1" time="0.0" failure="false"/><testcase classname="jasmine" name="finding from user agent for a mobile device should be mobile when userAgent is Mozilla/5.0 (Linux; U; Android 1.5; en-us; SPH-M900 Build/CUPCAKE) AppleWebKit/528.5  (KHTML, like Gecko) Version/3.1.2 Mobile Safari/525.20.1" time="0.0" failure="false"/><testcase classname="jasmine" name="finding from user agent for a mobile device should be mobile when userAgent is Mozilla/5.0 (Linux; U; Android 1.5; en-us; T-Mobile G1 Build/CRB43) AppleWebKit/528.5  (KHTML, like Gecko) Version/3.1.2 Mobile Safari 525.20.1" time="0.0" failure="false"/><testcase classname="jasmine" name="finding from user agent for a mobile device should be mobile when userAgent is Mozilla/5.0 (Linux; U; Android 1.5; en-us; htc_bahamas Build/CRB17) AppleWebKit/528.5  (KHTML, like Gecko) Version/3.1.2 Mobile Safari/525.20.1" time="0.0" failure="false"/><testcase classname="jasmine" name="finding from user agent for a mobile device should be mobile when userAgent is Mozilla/5.0 (Linux; U; Android 1.5; en-us; sdk Build/CUPCAKE) AppleWebkit/528.5  (KHTML, like Gecko) Version/3.1.2 Mobile Safari/525.20.1" time="0.0" failure="false"/><testcase classname="jasmine" name="finding from user agent for a mobile device should be mobile when userAgent is Mozilla/5.0 (Linux; U; Android 1.5; fr-fr; GT-I5700 Build/CUPCAKE) AppleWebKit/528.5  (KHTML, like Gecko) Version/3.1.2 Mobile Safari/525.20.1" time="0.0" failure="false"/><testcase classname="jasmine" name="finding from user agent for a mobile device should be mobile when userAgent is Mozilla/5.0 (Linux; U; Android 1.6; en-us; HTC_TATTOO_A3288 Build/DRC79) AppleWebKit/528.5  (KHTML, like Gecko) Version/3.1.2 Mobile Safari/525.20.1" time="0.0" failure="false"/><testcase classname="jasmine" name="finding from user agent for a mobile device should be mobile when userAgent is Mozilla/5.0 (Linux; U; Android 1.6; en-us; SonyEricssonX10i Build/R1AA056) AppleWebKit/528.5  (KHTML, like Gecko) Version/3.1.2 Mobile Safari/525.20.1" time="0.0" failure="false"/><testcase classname="jasmine" name="finding from user agent for a mobile device should be mobile when userAgent is Mozilla/5.0 (Linux; U; Android 1.6; es-es; SonyEricssonX10i Build/R1FA016) AppleWebKit/528.5  (KHTML, like Gecko) Version/3.1.2 Mobile Safari/525.20.1" time="0.0" failure="false"/><testcase classname="jasmine" name="finding from user agent for a mobile device should be mobile when userAgent is Mozilla/5.0 (Linux; U; Android 2.0.1; de-de; Milestone Build/SHOLS_U2_01.14.0) AppleWebKit/530.17 (KHTML, like Gecko) Version/4.0 Mobile Safari/530.17" time="0.0" failure="false"/><testcase classname="jasmine" name="finding from user agent for a mobile device should be mobile when userAgent is Mozilla/5.0 (Linux; U; Android 2.0; en-us; Droid Build/ESD20) AppleWebKit/530.17 (KHTML, like Gecko) Version/4.0 Mobile Safari/530.17" time="0.0" failure="false"/><testcase classname="jasmine" name="finding from user agent for a mobile device should be mobile when userAgent is Mozilla/5.0 (Linux; U; Android 2.0; en-us; Milestone Build/ SHOLS_U2_01.03.1) AppleWebKit/530.17 (KHTML, like Gecko) Version/4.0 Mobile Safari/530.17" time="0.0" failure="false"/><testcase classname="jasmine" name="finding from user agent for a mobile device should be mobile when userAgent is Mozilla/5.0 (Linux; U; Android 2.1-update1; de-de; HTC Desire 1.19.161.5 Build/ERE27) AppleWebKit/530.17 (KHTML, like Gecko) Version/4.0 Mobile Safari/530.17" time="0.0" failure="false"/><testcase classname="jasmine" name="finding from user agent for a mobile device should be mobile when userAgent is Mozilla/5.0 (Linux; U; Android 2.1; en-us; HTC Legend Build/cupcake) AppleWebKit/530.17 (KHTML, like Gecko) Version/4.0 Mobile Safari/530.17" time="0.0" failure="false"/><testcase classname="jasmine" name="finding from user agent for a mobile device should be mobile when userAgent is Mozilla/5.0 (Linux; U; Android 2.1; en-us; Nexus One Build/ERD62) AppleWebKit/530.17 (KHTML, like Gecko) Version/4.0 Mobile Safari/530.17" time="0.0" failure="false"/><testcase classname="jasmine" name="finding from user agent for a mobile device should be mobile when userAgent is Mozilla/5.0 (Linux; U; Android 2.2; en-us; ADR6300 Build/FRF91) AppleWebKit/533.1 (KHTML, like Gecko) Version/4.0 Mobile Safari/533.1" time="0.0" failure="false"/><testcase classname="jasmine" name="finding from user agent for a mobile device should be mobile when userAgent is Mozilla/5.0 (Linux; U; Android 2.2; en-us; Droid Build/FRG22D) AppleWebKit/533.1 (KHTML, like Gecko) Version/4.0 Mobile Safari/533.1" time="0.0" failure="false"/><testcase classname="jasmine" name="finding from user agent for a mobile device should be mobile when userAgent is Mozilla/5.0 (Linux; U; Android 2.2; en-us; Nexus One Build/FRF91) AppleWebKit/533.1 (KHTML, like Gecko) Version/4.0 Mobile Safari/533.1" time="0.0" failure="false"/><testcase classname="jasmine" name="finding from user agent for a mobile device should be mobile when userAgent is Mozilla/5.0 (Linux; U; Android 2.2; en-us; Sprint APA9292KT Build/FRF91) AppleWebKit/533.1 (KHTML, like Gecko) Version/4.0 Mobile Safari/533.1" time="0.0" failure="false"/><testcase classname="jasmine" name="finding from user agent for a mobile device should be mobile when userAgent is Mozilla/5.0 (Linux; U; Android 2.3.3; en-us ; LS670 Build/GRI40) AppleWebKit/533.1 (KHTML, like Gecko) Version/4.0 Mobile Safari/533.1/UCBrowser/8.6.1.262/145/355" time="0.0" failure="false"/><testcase classname="jasmine" name="finding from user agent for a mobile device should be mobile when userAgent is Mozilla/5.0 (Linux; U; Android 4.0.3; de-ch; HTC Sensation Build/IML74K) AppleWebKit/534.30 (KHTML, like Gecko) Version/4.0 Mobile Safari/534.30" time="0.0" failure="false"/><testcase classname="jasmine" name="finding from user agent for a mobile device should be mobile when userAgent is Mozilla/5.0 (Linux; U; Android 4.0.3; de-de; Galaxy S II Build/GRJ22) AppleWebKit/534.30 (KHTML, like Gecko) Version/4.0 Mobile Safari/534.30" time="0.0" failure="false"/><testcase classname="jasmine" name="finding from user agent for a mobile device should be mobile when userAgent is Mozilla/5.0 (Linux; U; Android 4.3; en-us; sdk Build/MR1) AppleWebKit/536.23 (KHTML, like Gecko) Version/4.3 Mobile Safari/536.23" time="0.0" failure="false"/><testcase classname="jasmine" name="finding from user agent for a mobile device should be mobile when userAgent is Mozilla/5.0 (Linux; webOS/2.2.4; U; en-US) AppleWebKit/534.6 (KHTML, like Gecko) webOSBrowser/221.56 Safari/534.6 Pre/3.0 " time="0.0" failure="false"/><testcase classname="jasmine" name="finding from user agent for a mobile device should be mobile when userAgent is Mozilla/5.0 (Maemo; Linux armv7l; rv:10.0.1) Gecko/20100101 Firefox/10.0.1 Fennec/10.0.1" time="0.0" failure="false"/><testcase classname="jasmine" name="finding from user agent for a mobile device should be mobile when userAgent is Mozilla/5.0 (Maemo; Linux armv7l; rv:2.0.1) Gecko/20100101 Firefox/4.0.1 Fennec/2.0.1" time="0.0" failure="false"/><testcase classname="jasmine" name="finding from user agent for a mobile device should be mobile when userAgent is Mozilla/5.0 (MeeGo; NokiaN9) AppleWebKit/534.13 (KHTML, like Gecko) NokiaBrowser/8.5.0 Mobile Safari/534.13" time="0.0" failure="false"/><testcase classname="jasmine" name="finding from user agent for a mobile device should be mobile when userAgent is Mozilla/5.0 (MeeGo; NokiaN950-00/00) AppleWebKit/534.13 (KHTML, like Gecko) NokiaBrowser/8.5.0 Mobile Safari/534.13" time="0.0" failure="false"/><testcase classname="jasmine" name="finding from user agent for a mobile device should be mobile when userAgent is Mozilla/5.0 (Mobile; Windows Phone 8.1; Android 4.0; ARM; Trident/7.0; Touch; rv:11.0; IEMobile/11.0; NOKIA; Lumia 920) like iPhone OS 7_0_3 Mac OS X AppleWebKit/537 (KHTML, like Gecko) Mobile Safari/537" time="0.0" failure="false"/><testcase classname="jasmine" name="finding from user agent for a mobile device should be mobile when userAgent is Mozilla/5.0 (Symbian/3; Series60/5.2 NokiaC6-01/011.010; Profile/MIDP-2.1 Configuration/CLDC-1.1 ) AppleWebKit/525 (KHTML, like Gecko) Version/3.0 BrowserNG/7.2.7.2 3gpp-gba" time="0.0" failure="false"/><testcase classname="jasmine" name="finding from user agent for a mobile device should be mobile when userAgent is Mozilla/5.0 (Symbian/3; Series60/5.2 NokiaC7-00/012.003; Profile/MIDP-2.1 Configuration/CLDC-1.1 ) AppleWebKit/525 (KHTML, like Gecko) Version/3.0 BrowserNG/7.2.7.3 3gpp-gba" time="0.0" failure="false"/><testcase classname="jasmine" name="finding from user agent for a mobile device should be mobile when userAgent is Mozilla/5.0 (Symbian/3; Series60/5.2 NokiaE6-00/021.002; Profile/MIDP-2.1 Configuration/CLDC-1.1) AppleWebKit/533.4 (KHTML, like Gecko) NokiaBrowser/7.3.1.16 Mobile Safari/533.4 3gpp-gba" time="0.0" failure="false"/><testcase classname="jasmine" name="finding from user agent for a mobile device should be mobile when userAgent is Mozilla/5.0 (Symbian/3; Series60/5.2 NokiaE7-00/010.016; Profile/MIDP-2.1 Configuration/CLDC-1.1 ) AppleWebKit/525 (KHTML, like Gecko) Version/3.0 BrowserNG/7.2.7.3 3gpp-gba" time="0.0" failure="false"/><testcase classname="jasmine" name="finding from user agent for a mobile device should be mobile when userAgent is Mozilla/5.0 (Symbian/3; Series60/5.2 NokiaN8-00/014.002; Profile/MIDP-2.1 Configuration/CLDC-1.1; en-us) AppleWebKit/525 (KHTML, like Gecko) Version/3.0 BrowserNG/7.2.6.4 3gpp-gba" time="0.0" failure="false"/><testcase classname="jasmine" name="finding from user agent for a mobile device should be mobile when userAgent is Mozilla/5.0 (Symbian/3; Series60/5.2 NokiaX7-00/021.004; Profile/MIDP-2.1 Configuration/CLDC-1.1 ) AppleWebKit/533.4 (KHTML, like Gecko) NokiaBrowser/7.3.1.21 Mobile Safari/533.4 3gpp-gba" time="0.0" failure="false"/><testcase classname="jasmine" name="finding from user agent for a mobile device should be mobile when userAgent is Mozilla/5.0 (SymbianOS 9.4; Series60/5.0 NokiaN97-1/10.0.012; Profile/MIDP-2.1 Configuration/CLDC-1.1; en-us) AppleWebKit/525 (KHTML, like Gecko) WicKed/7.1.12344" time="0.0" failure="false"/><testcase classname="jasmine" name="finding from user agent for a mobile device should be mobile when userAgent is Mozilla/5.0 (SymbianOS/9.1; U; de) AppleWebKit/413 (KHTML, like Gecko) Safari/413" time="0.0" failure="false"/><testcase classname="jasmine" name="finding from user agent for a mobile device should be mobile when userAgent is Mozilla/5.0 (SymbianOS/9.1; U; en-us) AppleWebKit/413 (KHTML, like Gecko) Safari/413" time="0.0" failure="false"/><testcase classname="jasmine" name="finding from user agent for a mobile device should be mobile when userAgent is Mozilla/5.0 (SymbianOS/9.1; U; en-us) AppleWebKit/413 (KHTML, like Gecko) Safari/413 es50" time="0.0" failure="false"/><testcase classname="jasmine" name="finding from user agent for a mobile device should be mobile when userAgent is Mozilla/5.0 (SymbianOS/9.1; U; en-us) AppleWebKit/413 (KHTML, like Gecko) Safari/413 es65" time="0.0" failure="false"/><testcase classname="jasmine" name="finding from user agent for a mobile device should be mobile when userAgent is Mozilla/5.0 (SymbianOS/9.1; U; en-us) AppleWebKit/413 (KHTML, like Gecko) Safari/413 es70" time="0.0" failure="false"/><testcase classname="jasmine" name="finding from user agent for a mobile device should be mobile when userAgent is Mozilla/5.0 (SymbianOS/9.2; U; Series60/3.1 Nokia5700/3.27; Profile/MIDP-2.0 Configuration/CLDC-1.1) AppleWebKit/413 (KHTML, like Gecko) Safari/413" time="0.0" failure="false"/><testcase classname="jasmine" name="finding from user agent for a mobile device should be mobile when userAgent is Mozilla/5.0 (SymbianOS/9.2; U; Series60/3.1 Nokia6120c/3.70; Profile/MIDP-2.0 Configuration/CLDC-1.1) AppleWebKit/413 (KHTML, like Gecko) Safari/413" time="0.0" failure="false"/><testcase classname="jasmine" name="finding from user agent for a mobile device should be mobile when userAgent is Mozilla/5.0 (SymbianOS/9.2; U; Series60/3.1 NokiaE90-1/07.24.0.3; Profile/MIDP-2.0 Configuration/CLDC-1.1 ) AppleWebKit/413 (KHTML, like Gecko) Safari/413 UP.Link/6.2.3.18.0" time="0.0" failure="false"/><testcase classname="jasmine" name="finding from user agent for a mobile device should be mobile when userAgent is Mozilla/5.0 (SymbianOS/9.2; U; Series60/3.1 NokiaN95/10.0.018; Profile/MIDP-2.0 Configuration/CLDC-1.1) AppleWebKit/413 (KHTML, like Gecko) Safari/413 UP.Link/6.3.0.0.0" time="0.0" failure="false"/><testcase classname="jasmine" name="finding from user agent for a mobile device should be mobile when userAgent is Mozilla/5.0 (SymbianOS/9.4; Series60/5.0 NokiaN97-1/10.0.012; Profile/MIDP-2.1 Configuration/CLDC-1.1; en-us) AppleWebKit/525 (KHTML, like Gecko) WicKed/7.1.12344" time="0.0" failure="false"/><testcase classname="jasmine" name="finding from user agent for a mobile device should be mobile when userAgent is Mozilla/5.0 (SymbianOS/9.4; U; Series60/5.0 SonyEricssonP100/01; Profile/MIDP-2.1 Configuration/CLDC-1.1) AppleWebKit/525 (KHTML, like Gecko) Version/3.0 Safari/525" time="0.0" failure="false"/><testcase classname="jasmine" name="finding from user agent for a mobile device should be mobile when userAgent is Mozilla/5.0 (Windows NT 6.1; WOW64; rv:7.0a1) Gecko/20110623 Firefox/7.0a1 Fennec/7.0a1" time="0.0" failure="false"/><testcase classname="jasmine" name="finding from user agent for a mobile device should be mobile when userAgent is Mozilla/5.0 (Windows; U; Win98; en-US; rv:1.8.1.17) Gecko/20080829 Mozilla/5.0 (X11; U; Linux armv7l; en-US; rv:1.9.2a1pre) Gecko/20090322 Fennec/1.0b2pre" time="0.0" failure="false"/><testcase classname="jasmine" name="finding from user agent for a mobile device should be mobile when userAgent is Mozilla/5.0 (Windows; U; Windows CE 5.1; rv:1.8.1a3) Gecko/20060610 Minimo/0.016" time="0.0" failure="false"/><testcase classname="jasmine" name="finding from user agent for a mobile device should be mobile when userAgent is Mozilla/5.0 (Windows; U; Windows NT 5.1; en-US; BOLT/2.800) AppleWebKit/534.6 (KHTML, like Gecko) Version/5.0 Safari/534.6.3" time="0.0" failure="false"/><testcase classname="jasmine" name="finding from user agent for a mobile device should be mobile when userAgent is Mozilla/5.0 (Windows; U; Windows NT 5.1; en-US; rv:1.9.2a1pre) Gecko/20090317 Fennec/1.0b1" time="0.0" failure="false"/><testcase classname="jasmine" name="finding from user agent for a mobile device should be mobile when userAgent is Mozilla/5.0 (WindowsCE 6.0; rv:2.0.1) Gecko/20100101 Firefox/4.0.1" time="0.0" failure="false"/><testcase classname="jasmine" name="finding from user agent for a mobile device should be mobile when userAgent is Mozilla/5.0 (X11; Linux i686 on x86_64; rv:2.0.1) Gecko/20100101 Firefox/4.0.1 Fennec/2.0.1" time="0.0" failure="false"/><testcase classname="jasmine" name="finding from user agent for a mobile device should be mobile when userAgent is Mozilla/5.0 (X11; U; Linux arm7tdmi; rv:1.8.1.11) Gecko/20071130 Minimo/0.025" time="0.0" failure="false"/><testcase classname="jasmine" name="finding from user agent for a mobile device should be mobile when userAgent is Mozilla/5.0 (X11; U; Linux armv61; en-US; rv:1.9.1b2pre) Gecko/20081015 Fennec/1.0a1" time="0.0" failure="false"/><testcase classname="jasmine" name="finding from user agent for a mobile device should be mobile when userAgent is Mozilla/5.0 (X11; U; Linux armv6l; rv 1.8.1.5pre) Gecko/20070619 Minimo/0.020" time="0.0" failure="false"/><testcase classname="jasmine" name="finding from user agent for a mobile device should be mobile when userAgent is Mozilla/5.0 (X11; U; Linux i686; en-US; rv:1.8.0.7) Gecko/20060909 Firefox/1.5.0.7 MG(Novarra-Vision/6.9)" time="0.0" failure="false"/><testcase classname="jasmine" name="finding from user agent for a mobile device should be mobile when userAgent is Mozilla/5.0 (X11; U; Linux i686; en-gb) AppleWebKit/534.35 (KHTML, like Gecko) Chrome/11.0.696.65 Safari/534.35 Puffin/2.0.5603M" time="0.0" failure="false"/><testcase classname="jasmine" name="finding from user agent for a mobile device should be mobile when userAgent is Mozilla/5.0 (X11; U; Linux x86_64; en-AU) AppleWebKit/534.35 (KHTML, like Gecko) Chrome/11.0.696.65 Safari/534.35 Puffin/3.9174IT" time="0.0" failure="false"/><testcase classname="jasmine" name="finding from user agent for a mobile device should be mobile when userAgent is Mozilla/5.0 (X11; U; Linux x86_64; en-AU) AppleWebKit/534.35 (KHTML, like Gecko) Chrome/11.0.696.65 Safari/534.35 Puffin/3.9174IT " time="0.0" failure="false"/><testcase classname="jasmine" name="finding from user agent for a mobile device should be mobile when userAgent is Mozilla/5.0 (X11; U; Linux x86_64; en-gb) AppleWebKit/534.35 (KHTML, like Gecko) Chrome/11.0.696.65 Safari/534.35 Puffin/2.9174AP" time="0.0" failure="false"/><testcase classname="jasmine" name="finding from user agent for a mobile device should be mobile when userAgent is Mozilla/5.0 (X11; U; Linux x86_64; en-us) AppleWebKit/534.35 (KHTML, like Gecko) Chrome/11.0.696.65 Safari/534.35 Puffin/2.9174AT" time="0.0" failure="false"/><testcase classname="jasmine" name="finding from user agent for a mobile device should be mobile when userAgent is Mozilla/5.0 (compatible; MSIE 10.0; Windows Phone 8.0; Trident/6.0; IEMobile/10.0; ARM; Touch) " time="0.0" failure="false"/><testcase classname="jasmine" name="finding from user agent for a mobile device should be mobile when userAgent is Mozilla/5.0 (compatible; MSIE 10.0; Windows Phone 8.0; Trident/6.0; IEMobile/10.0; ARM; Touch; NOKIA; Lumia 920)" time="0.0" failure="false"/><testcase classname="jasmine" name="finding from user agent for a mobile device should be mobile when userAgent is Mozilla/5.0 (compatible; MSIE 9.0; Windows NT 6.1; Trident/5.0; XBLWP7; ZuneWP7) UCBrowser/2.9.0.263" time="0.0" failure="false"/><testcase classname="jasmine" name="finding from user agent for a mobile device should be mobile when userAgent is Mozilla/5.0 (compatible; MSIE 9.0; Windows Phone OS 7.5; Trident/5.0; IEMobile/9.0)" time="0.0" failure="false"/><testcase classname="jasmine" name="finding from user agent for a mobile device should be mobile when userAgent is Mozilla/5.0 (iPhone; U; CPU iPhone OS 2_0 like Mac OS X; en-us) AppleWebKit/525.18.1 (KHTML, like Gecko) Version/3.1.1 Mobile/5A347 Safari/525.200" time="0.0" failure="false"/><testcase classname="jasmine" name="finding from user agent for a mobile device should be mobile when userAgent is Mozilla/5.0 (iPhone; U; CPU iPhone OS 3_0 like Mac OS X; en-us) AppleWebKit/528.18 (KHTML, like Gecko) Version/4.0 Mobile/7A341 Safari/528.16" time="0.0" failure="false"/><testcase classname="jasmine" name="finding from user agent for a mobile device should be mobile when userAgent is Mozilla/5.0 (iPhone; U; CPU iPhone OS 4_0 like Mac OS X; en-us) AppleWebKit/532.9 (KHTML, like Gecko) Version/4.0.5 Mobile/8A293 Safari/531.22.7" time="0.0" failure="false"/><testcase classname="jasmine" name="finding from user agent for a mobile device should be mobile when userAgent is Mozilla/5.0 (iPhone; U; CPU iPhone OS 4_2_1 like Mac OS X; da-dk) AppleWebKit/533.17.9 (KHTML, like Gecko) Version/5.0.2 Mobile/8C148 Safari/6533.18.5" time="0.0" failure="false"/><testcase classname="jasmine" name="finding from user agent for a mobile device should be mobile when userAgent is Mozilla/5.0 (iPhone; U; CPU iPhone OS 4_3 like Mac OS X; de-de) AppleWebKit/533.17.9 (KHTML, like Gecko) Mobile/8F190" time="0.0" failure="false"/><testcase classname="jasmine" name="finding from user agent for a mobile device should be mobile when userAgent is Mozilla/5.0 (iPhone; U; CPU iPhone OS 5_1_1 like Mac OS X; da-dk) AppleWebKit/534.46.0 (KHTML, like Gecko) CriOS/19.0.1084.60 Mobile/9B206 Safari/7534.48.3" time="0.0" failure="false"/><testcase classname="jasmine" name="finding from user agent for a mobile device should be mobile when userAgent is Mozilla/5.0 (iPhone; U; CPU iPhone OS) (compatible; Googlebot-Mobile/2.1;  http://www.google.com/bot.html)" time="0.0" failure="false"/><testcase classname="jasmine" name="finding from user agent for a mobile device should be mobile when userAgent is Mozilla/5.0 (iPhone; U; CPU like Mac OS X; en) AppleWebKit/420  (KHTML, like Gecko) Version/3.0 Mobile/1A543a Safari/419.3" time="0.0" failure="false"/><testcase classname="jasmine" name="finding from user agent for a mobile device should be mobile when userAgent is Mozilla/5.0 (iPod; U; CPU iPhone OS 2_2_1 like Mac OS X; en-us) AppleWebKit/525.18.1 (KHTML, like Gecko) Version/3.1.1 Mobile/5H11a Safari/525.20" time="0.0" failure="false"/><testcase classname="jasmine" name="finding from user agent for a mobile device should be mobile when userAgent is Mozilla/5.0 (iPod; U; CPU iPhone OS 3_1_1 like Mac OS X; en-us) AppleWebKit/528.18 (KHTML, like Gecko) Mobile/7C145" time="0.0" failure="false"/><testcase classname="jasmine" name="finding from user agent for a mobile device should be mobile when userAgent is Mozilla/5.0 (iPod; U; CPU iPhone OS 6_1 like Mac OS X; en-HK) AppleWebKit/534.35 (KHTML, like Gecko) Chrome/11.0.696.65 Safari/534.35 Puffin/3.9174IP Mobile " time="0.0" failure="false"/><testcase classname="jasmine" name="finding from user agent for a mobile device should be mobile when userAgent is Mozilla/5.0 (webOS/1.3; U; en-US) AppleWebKit/525.27.1 (KHTML, like Gecko) Version/1.0 Safari/525.27.1 Desktop/1.0" time="0.0" failure="false"/><testcase classname="jasmine" name="finding from user agent for a mobile device should be mobile when userAgent is Nokia3230/2.0 (5.0614.0) SymbianOS/7.0s Series60/2.1 Profile/MIDP-2.0 Configuration/CLDC-1.0" time="0.0" failure="false"/><testcase classname="jasmine" name="finding from user agent for a mobile device should be mobile when userAgent is Nokia6100/1.0 (04.01) Profile/MIDP-1.0 Configuration/CLDC-1.0" time="0.0" failure="false"/><testcase classname="jasmine" name="finding from user agent for a mobile device should be mobile when userAgent is Nokia6230/2.0 (04.44) Profile/MIDP-2.0 Configuration/CLDC-1.1" time="0.0" failure="false"/><testcase classname="jasmine" name="finding from user agent for a mobile device should be mobile when userAgent is Nokia6230i/2.0 (03.80) Profile/MIDP-2.0 Configuration/CLDC-1.1" time="0.0" failure="false"/><testcase classname="jasmine" name="finding from user agent for a mobile device should be mobile when userAgent is Nokia6630/1.0 (2.3.129) SymbianOS/8.0 Series60/2.6 Profile/MIDP-2.0 Configuration/CLDC-1.1" time="0.0" failure="false"/><testcase classname="jasmine" name="finding from user agent for a mobile device should be mobile when userAgent is Nokia6630/1.0 (2.39.15) SymbianOS/8.0 Series60/2.6 Profile/MIDP-2.0 Configuration/CLDC-1.1" time="0.0" failure="false"/><testcase classname="jasmine" name="finding from user agent for a mobile device should be mobile when userAgent is Nokia7250/1.0 (3.14) Profile/MIDP-1.0 Configuration/CLDC-1.0" time="0.0" failure="false"/><testcase classname="jasmine" name="finding from user agent for a mobile device should be mobile when userAgent is NokiaE5-00/GoBrowser/1.6.86" time="0.0" failure="false"/><testcase classname="jasmine" name="finding from user agent for a mobile device should be mobile when userAgent is NokiaE66/GoBrowser/2.0.297" time="0.0" failure="false"/><testcase classname="jasmine" name="finding from user agent for a mobile device should be mobile when userAgent is NokiaN70-1/5.0609.2.0.1 Series60/2.8 Profile/MIDP-2.0 Configuration/CLDC-1.1 UP.Link/6.3.1.13.0" time="0.0" failure="false"/><testcase classname="jasmine" name="finding from user agent for a mobile device should be mobile when userAgent is NokiaN73-1/3.0649.0.0.1 Series60/3.0 Profile/MIDP2.0 Configuration/CLDC-1.1" time="0.0" failure="false"/><testcase classname="jasmine" name="finding from user agent for a mobile device should be mobile when userAgent is NokiaN79/GoBrowser/1.6.0.48-cn" time="0.0" failure="false"/><testcase classname="jasmine" name="finding from user agent for a mobile device should be mobile when userAgent is Opera/10.61 (J2ME/MIDP; Opera Mini/5.1.21219/19.999; en-US; rv:1.9.3a5) WebKit/534.5 Presto/2.6.30" time="0.0" failure="false"/><testcase classname="jasmine" name="finding from user agent for a mobile device should be mobile when userAgent is Opera/8.01 (J2ME/MIDP; Opera Mini/1.0.1479/HiFi; SonyEricsson P900; no; U; ssr)" time="0.0" failure="false"/><testcase classname="jasmine" name="finding from user agent for a mobile device should be mobile when userAgent is Opera/9.5 (Microsoft Windows; PPC; Opera Mobi; U) SonyEricssonX1i/R2AA Profile/MIDP-2.0 Configuration/CLDC-1.1" time="0.0" failure="false"/><testcase classname="jasmine" name="finding from user agent for a mobile device should be mobile when userAgent is Opera/9.51 Beta (Microsoft Windows; PPC; Opera Mobi/1718; U; en)" time="0.0" failure="false"/><testcase classname="jasmine" name="finding from user agent for a mobile device should be mobile when userAgent is Opera/9.60 (J2ME/MIDP; Opera Mini/4.1.11320/608; U; en) Presto/2.2.0" time="0.0" failure="false"/><testcase classname="jasmine" name="finding from user agent for a mobile device should be mobile when userAgent is Opera/9.60 (J2ME/MIDP; Opera Mini/4.2.14320/554; U; cs) Presto/2.2.0" time="0.0" failure="false"/><testcase classname="jasmine" name="finding from user agent for a mobile device should be mobile when userAgent is Opera/9.80 (Android 2.2; Opera Mobi/ADR-2093533608; U; pl) Presto/2.7.60 Version/10.5" time="0.0" failure="false"/><testcase classname="jasmine" name="finding from user agent for a mobile device should be mobile when userAgent is Opera/9.80 (Android 2.3.3; Linux; Opera Mobi/ADR-1111101157; U; es-ES) Presto/2.9.201 Version/11.50" time="0.0" failure="false"/><testcase classname="jasmine" name="finding from user agent for a mobile device should be mobile when userAgent is Opera/9.80 (Android 4.0.4; Linux; Opera Mobi/ADR-1205181138; U; pl) Presto/2.10.254 Version/12.00" time="0.0" failure="false"/><testcase classname="jasmine" name="finding from user agent for a mobile device should be mobile when userAgent is Opera/9.80 (J2ME/MIDP; Opera Mini/4.2.13221/870; U; en) Presto/2.4.15" time="0.0" failure="false"/><testcase classname="jasmine" name="finding from user agent for a mobile device should be mobile when userAgent is Opera/9.80 (J2ME/MIDP; Opera Mini/4.2.13337/19.916; U; en) Presto/2.5.25" time="0.0" failure="false"/><testcase classname="jasmine" name="finding from user agent for a mobile device should be mobile when userAgent is Opera/9.80 (J2ME/MIDP; Opera Mini/4.2.14409/20.2485; U; zh) Presto/2.5.25" time="0.0" failure="false"/><testcase classname="jasmine" name="finding from user agent for a mobile device should be mobile when userAgent is Opera/9.80 (J2ME/MIDP; Opera Mini/4.2.14885/20.2485; U; zh) Presto/2.5.25" time="0.0" failure="false"/><testcase classname="jasmine" name="finding from user agent for a mobile device should be mobile when userAgent is Opera/9.80 (J2ME/MIDP; Opera Mini/4.3.24214/27.1407; U; id) Presto/2.8.119 Version/11.10" time="0.0" failure="false"/><testcase classname="jasmine" name="finding from user agent for a mobile device should be mobile when userAgent is Opera/9.80 (J2ME/MIDP; Opera Mini/5.0.0.423 Profile/18.684; U; en) Presto/2.4.15" time="0.0" failure="false"/><testcase classname="jasmine" name="finding from user agent for a mobile device should be mobile when userAgent is Opera/9.80 (J2ME/MIDP; Opera Mini/5.0.16823/1428; U; en) Presto/2.2.0" time="0.0" failure="false"/><testcase classname="jasmine" name="finding from user agent for a mobile device should be mobile when userAgent is Opera/9.80 (J2ME/MIDP; Opera Mini/5.0.17443/886; U; en) Presto/2.4.15" time="0.0" failure="false"/><testcase classname="jasmine" name="finding from user agent for a mobile device should be mobile when userAgent is Opera/9.80 (J2ME/MIDP; Opera Mini/6.1.25378/25.677; U; th) Presto/2.5.25 Version/10.54" time="0.0" failure="false"/><testcase classname="jasmine" name="finding from user agent for a mobile device should be mobile when userAgent is Opera/9.80 (J2ME/MIDP; Opera Mini/6.24093/25.657; U; id) Presto/2.5.25 Version/10.54" time="0.0" failure="false"/><testcase classname="jasmine" name="finding from user agent for a mobile device should be mobile when userAgent is Opera/9.80 (J2ME/MIDP; Opera Mini/6.24288/25.729; U; en) Presto/2.5.25 Version/10.54" time="0.0" failure="false"/><testcase classname="jasmine" name="finding from user agent for a mobile device should be mobile when userAgent is Opera/9.80 (S60; SymbOS; Opera Mobi/1209; U; sk) Presto/2.5.28 Version/10.1" time="0.0" failure="false"/><testcase classname="jasmine" name="finding from user agent for a mobile device should be mobile when userAgent is Opera/9.80 (S60; SymbOS; Opera Mobi/499; U; ru) Presto/2.4.18 Version/10.00" time="0.0" failure="false"/><testcase classname="jasmine" name="finding from user agent for a mobile device should be mobile when userAgent is Opera/9.80 (iPhone; Opera Mini/7.0.4/28.2555; U; fr) Presto/2.8.119 Version/11.10" time="0.0" failure="false"/><testcase classname="jasmine" name="finding from user agent for a mobile device should be mobile when userAgent is Opera/9.80 (iPhone; Opera Mini/7.1.32694/27.1407; U; en) Presto/2.8.119 Version/11.10" time="0.0" failure="false"/><testcase classname="jasmine" name="finding from user agent for a mobile device should be mobile when userAgent is POLARIS/6.01 (BREW 3.1.5; U; en-us; LG; LX265; POLARIS/6.01/WAP) MMP/2.0 profile/MIDP-2.1 Configuration/CLDC-1.1" time="0.0" failure="false"/><testcase classname="jasmine" name="finding from user agent for a mobile device should be mobile when userAgent is POLARIS/6.01(BREW 3.1.5;U;en-us;LG;LX265;POLARIS/6.01/WAP;)MMP/2.0 profile/MIDP-201 Configuration /CLDC-1.1" time="0.0" failure="false"/><testcase classname="jasmine" name="finding from user agent for a mobile device should be mobile when userAgent is SAMSUNG-S8000/S8000XXIF3 SHP/VPP/R5 Jasmine/1.0 Nextreaming SMM-MMS/1.2.0 profile/MIDP-2.1 configuration/CLDC-1.1 FirePHP/0.3" time="0.0" failure="false"/><testcase classname="jasmine" name="finding from user agent for a mobile device should be mobile when userAgent is SAMSUNG-SGH-A867/A867UCHJ3 SHP/VPP/R5 NetFront/35 SMM-MMS/1.2.0 profile/MIDP-2.0 configuration/CLDC-1.1 UP.Link/6.3.0.0.0" time="0.0" failure="false"/><testcase classname="jasmine" name="finding from user agent for a mobile device should be mobile when userAgent is SAMSUNG-SGH-E250/1.0 Profile/MIDP-2.0 Configuration/CLDC-1.1 UP.Browser/6.2.3.3.c.1.101 (GUI) MMP/2.0 (compatible; Googlebot-Mobile/2.1;  http://www.google.com/bot.html)" time="0.0" failure="false"/><testcase classname="jasmine" name="finding from user agent for a mobile device should be mobile when userAgent is SEC-SGHE900/1.0 NetFront/3.2 Profile/MIDP-2.0 Configuration/CLDC-1.1 Opera/8.01 (J2ME/MIDP; Opera Mini/2.0.4509/1378; nl; U; ssr)" time="0.0" failure="false"/><testcase classname="jasmine" name="finding from user agent for a mobile device should be mobile when userAgent is SEC-SGHX210/1.0 UP.Link/6.3.1.13.0" time="0.0" failure="false"/><testcase classname="jasmine" name="finding from user agent for a mobile device should be mobile when userAgent is SEC-SGHX820/1.0 NetFront/3.2 Profile/MIDP-2.0 Configuration/CLDC-1.1" time="0.0" failure="false"/><testcase classname="jasmine" name="finding from user agent for a mobile device should be mobile when userAgent is SonyEricssonK310iv/R4DA Browser/NetFront/3.3 Profile/MIDP-2.0 Configuration/CLDC-1.1 UP.Link/6.3.1.13.0" time="0.0" failure="false"/><testcase classname="jasmine" name="finding from user agent for a mobile device should be mobile when userAgent is SonyEricssonK550i/R1JD Browser/NetFront/3.3 Profile/MIDP-2.0 Configuration/CLDC-1.1" time="0.0" failure="false"/><testcase classname="jasmine" name="finding from user agent for a mobile device should be mobile when userAgent is SonyEricssonK610i/R1CB Browser/NetFront/3.3 Profile/MIDP-2.0 Configuration/CLDC-1.1" time="0.0" failure="false"/><testcase classname="jasmine" name="finding from user agent for a mobile device should be mobile when userAgent is SonyEricssonK750i/R1CA Browser/SEMC-Browser/4.2 Profile/MIDP-2.0 Configuration/CLDC-1.1" time="0.0" failure="false"/><testcase classname="jasmine" name="finding from user agent for a mobile device should be mobile when userAgent is SonyEricssonK800i/R1CB Browser/NetFront/3.3 Profile/MIDP-2.0 Configuration/CLDC-1.1 UP.Link/6.3.0.0.0" time="0.0" failure="false"/><testcase classname="jasmine" name="finding from user agent for a mobile device should be mobile when userAgent is SonyEricssonK810i/R1KG Browser/NetFront/3.3 Profile/MIDP-2.0 Configuration/CLDC-1.1" time="0.0" failure="false"/><testcase classname="jasmine" name="finding from user agent for a mobile device should be mobile when userAgent is SonyEricssonS500i/R6BC Browser/NetFront/3.3 Profile/MIDP-2.0 Configuration/CLDC-1.1" time="0.0" failure="false"/><testcase classname="jasmine" name="finding from user agent for a mobile device should be mobile when userAgent is SonyEricssonT100/R101" time="0.0" failure="false"/><testcase classname="jasmine" name="finding from user agent for a mobile device should be mobile when userAgent is SonyEricssonT610/R201 Profile/MIDP-1.0 Configuration/CLDC-1.0" time="0.0" failure="false"/><testcase classname="jasmine" name="finding from user agent for a mobile device should be mobile when userAgent is SonyEricssonT650i/R7AA Browser/NetFront/3.3 Profile/MIDP-2.0 Configuration/CLDC-1.1" time="0.0" failure="false"/><testcase classname="jasmine" name="finding from user agent for a mobile device should be mobile when userAgent is SonyEricssonT68/R201A" time="0.0" failure="false"/><testcase classname="jasmine" name="finding from user agent for a mobile device should be mobile when userAgent is SonyEricssonW580i/R6BC Browser/NetFront/3.3 Profile/MIDP-2.0 Configuration/CLDC-1.1" time="0.0" failure="false"/><testcase classname="jasmine" name="finding from user agent for a mobile device should be mobile when userAgent is SonyEricssonW660i/R6AD Browser/NetFront/3.3 Profile/MIDP-2.0 Configuration/CLDC-1.1" time="0.0" failure="false"/><testcase classname="jasmine" name="finding from user agent for a mobile device should be mobile when userAgent is SonyEricssonW810i/R4EA Browser/NetFront/3.3 Profile/MIDP-2.0 Configuration/CLDC-1.1 UP.Link/6.3.0.0.0" time="0.0" failure="false"/><testcase classname="jasmine" name="finding from user agent for a mobile device should be mobile when userAgent is SonyEricssonW850i/R1ED Browser/NetFront/3.3 Profile/MIDP-2.0 Configuration/CLDC-1.1" time="0.0" failure="false"/><testcase classname="jasmine" name="finding from user agent for a mobile device should be mobile when userAgent is SonyEricssonW950i/R100 Mozilla/4.0 (compatible; MSIE 6.0; Symbian OS; 323) Opera 8.60 [en-US]" time="0.0" failure="false"/><testcase classname="jasmine" name="finding from user agent for a mobile device should be mobile when userAgent is SonyEricssonW995/R1EA Profile/MIDP-2.1 Configuration/CLDC-1.1 UNTRUSTED/1.0" time="0.0" failure="false"/><testcase classname="jasmine" name="finding from user agent for a mobile device should be mobile when userAgent is SonyEricssonZ800/R1Y Browser/SEMC-Browser/4.1 Profile/MIDP-2.0 Configuration/CLDC-1.1 UP.Link/6.3.0.0.0" time="0.0" failure="false"/><testcase classname="jasmine" name="finding from user agent for a mobile device should be mobile when userAgent is UCWEB/8.8 (SymbianOS/9.2; U; en-US; NokiaE63) AppleWebKit/534.1 UCBrowser/8.8.0.245 Mobile" time="0.0" failure="false"/><testcase classname="jasmine" name="finding from user agent for a mobile device should be mobile when userAgent is UCWEB/8.8 (iPhone; CPU OS_6; en-US)AppleWebKit/534.1 U3/3.0.0 Mobile" time="0.0" failure="false"/><testcase classname="jasmine" name="finding from user agent for a mobile device should be mobile when userAgent is User agent: Mozilla/5.0 (Linux; Android 4.3; SPH-L710 Build/JSS15J) AppleWebKit/537.36 (KHTML, like Gecko) Chrome/32.0.1700.99 Mobile Safari/537.36" time="0.0" failure="false"/><testcase classname="jasmine" name="finding from user agent for a mobile device should be mobile when userAgent is Vodafone/1.0/V802SE/SEJ001 Browser/SEMC-Browser/4.1" time="0.0" failure="false"/><testcase classname="jasmine" name="finding from user agent for a mobile device should be mobile when userAgent is portalmmm/2.0 N410i(c20;TB) " time="0.0" failure="false"/><testcase classname="jasmine" name="finding from user agent for a tablet device should be tablet when userAgent is Mozilla/4.0 (compatible; Linux 2.6.22) NetFront/3.4 Kindle/2.0 (screen 600x800)" time="0.0" failure="false"/><testcase classname="jasmine" name="finding from user agent for a tablet device should be tablet when userAgent is Mozilla/5.0 (Android 4.2; rv:19.0) Gecko/20121129 Firefox/19.0" time="0.0" failure="false"/><testcase classname="jasmine" name="finding from user agent for a tablet device should be tablet when userAgent is Mozilla/5.0 (Linux U; en-US)  AppleWebKit/528.5  (KHTML, like Gecko, Safari/528.5 ) Version/4.0 Kindle/3.0 (screen 600x800; rotate)" time="0.0" failure="false"/><testcase classname="jasmine" name="finding from user agent for a tablet device should be tablet when userAgent is Mozilla/5.0 (Linux; U; Android 2.2; en-ca; GT-P1000M Build/FROYO) AppleWebKit/533.1 (KHTML, like Gecko) Version/4.0 Mobile Safari/533.1" time="0.0" failure="false"/><testcase classname="jasmine" name="finding from user agent for a tablet device should be tablet when userAgent is Mozilla/5.0 (Linux; U; Android 2.2; en-us; SCH-I800 Build/FROYO) AppleWebKit/533.1 (KHTML, like Gecko) Version/4.0 Mobile Safari/533.1" time="0.0" failure="false"/><testcase classname="jasmine" name="finding from user agent for a tablet device should be tablet when userAgent is Mozilla/5.0 (Linux; U; Android 2.3.4; en-us; BNTV250 Build/GINGERBREAD) AppleWebKit/533.1 (KHTML, like Gecko) Version/4.0 Safari/533.1" time="0.0" failure="false"/><testcase classname="jasmine" name="finding from user agent for a tablet device should be tablet when userAgent is Mozilla/5.0 (Linux; U; Android 3.0.1; en-us; GT-P7100 Build/HRI83) AppleWebkit/534.13 (KHTML, like Gecko) Version/4.0 Safari/534.13" time="0.0" failure="false"/><testcase classname="jasmine" name="finding from user agent for a tablet device should be tablet when userAgent is Mozilla/5.0 (Linux; U; Android 3.0.1; fr-fr; A500 Build/HRI66) AppleWebKit/534.13 (KHTML, like Gecko) Version/4.0 Safari/534.13" time="0.0" failure="false"/><testcase classname="jasmine" name="finding from user agent for a tablet device should be tablet when userAgent is Mozilla/5.0 (Linux; U; Android 3.0; en-us; Xoom Build/HRI39) AppleWebKit/525.10  (KHTML, like Gecko) Version/3.0.4 Mobile Safari/523.12.2" time="0.0" failure="false"/><testcase classname="jasmine" name="finding from user agent for a tablet device should be tablet when userAgent is Mozilla/5.0 (Linux; U; Android 4.0.3; en-us; KFTT Build/IML74K) AppleWebKit/535.19 (KHTML, like Gecko) Silk/2.1 Mobile Safari/535.19 Silk-Accelerated=true" time="0.0" failure="false"/><testcase classname="jasmine" name="finding from user agent for a tablet device should be tablet when userAgent is Mozilla/5.0 (Linux; U; Android 4.1; en-us; sdk Build/MR1) AppleWebKit/534.30 (KHTML, like Gecko) Version/4.1 Safari/534.30" time="0.0" failure="false"/><testcase classname="jasmine" name="finding from user agent for a tablet device should be tablet when userAgent is Mozilla/5.0 (Linux; U; Android 4.2; en-us; sdk Build/MR1) AppleWebKit/535.19 (KHTML, like Gecko) Version/4.2 Safari/535.19" time="0.0" failure="false"/><testcase classname="jasmine" name="finding from user agent for a tablet device should be tablet when userAgent is Mozilla/5.0 (PlayBook; U; RIM Tablet OS 2.1.0; en-US) AppleWebKit/536.2+ (KHTML like Gecko) Version/7.2.1.0 Safari/536.2+" time="0.0" failure="false"/><testcase classname="jasmine" name="finding from user agent for a tablet device should be tablet when userAgent is Mozilla/5.0 (hp-tablet; Linux; hpwOS/3.0.2; U; de-DE) AppleWebKit/534.6 (KHTML, like Gecko) wOSBrowser/234.40.1 Safari/534.6 TouchPad/1.0" time="0.0" failure="false"/><testcase classname="jasmine" name="finding from user agent for a tablet device should be tablet when userAgent is Mozilla/5.0 (iPad; CPU OS 6_0 like Mac OS X) AppleWebKit/536.26 (KHTML, like Gecko) Version/6.0 Mobile/10A5355d Safari/8536.25" time="0.0" failure="false"/><testcase classname="jasmine" name="finding from user agent for a tablet device should be tablet when userAgent is Mozilla/5.0 (iPad; U; CPU OS 3_2 like Mac OS X; en-us) AppleWebKit/531.21.10 (KHTML, like Gecko) Version/4.0.4 Mobile/7B334b Safari/531.21.10" time="0.0" failure="false"/><testcase classname="jasmine" name="finding from user agent for a tablet device should be tablet when userAgent is Mozilla/5.0 (iPad; U; CPU OS 4_2_1 like Mac OS X; ja-jp) AppleWebKit/533.17.9 (KHTML, like Gecko) Version/5.0.2 Mobile/8C148 Safari/6533.18.5" time="0.0" failure="false"/><testcase classname="jasmine" name="finding from user agent for a tablet device should be tablet when userAgent is Mozilla/5.0 (iPad; U; CPU OS 4_3 like Mac OS X; en-us) AppleWebKit/533.17.9 (KHTML, like Gecko) Version/5.0.2 Mobile/8F190 Safari/6533.18.5" time="0.0" failure="false"/><testcase classname="jasmine" name="finding from user agent for a tablet device should be tablet when userAgent is Mozilla/5.0 (iPad; U; CPU iPad OS 5_0_1 like Mac OS X; en-us) AppleWebKit/535.1+ (KHTML like Gecko) Version/7.2.0.0 Safari/6533.18.5" time="0.0" failure="false"/><testcase classname="jasmine" name="finding from user agent for a tablet device should be tablet when userAgent is Mozilla/5.0 (Macintosh; U; Intel Mac OS X 10_6_3; en-us; Silk/1.0.13.81_10003810) AppleWebKit/533.16 (KHTML, like Gecko) Version/5.0 Safari/533.16 Silk-Accelerated=true" time="0.0" failure="false"/><testcase classname="jasmine" name="finding from user agent for a tablet device should be tablet when userAgent is nook browser/1.0" time="0.0" failure="false"/><testcase classname="jasmine" name="finding form factor from query parameter should return undefined when the property is not in the url" time="0.0" failure="false"/><testcase classname="jasmine" name="finding form factor from query parameter should return undefined when the property is an empty string" time="0.0" failure="false"/><testcase classname="jasmine" name="finding form factor from query parameter should return undefined when the property is not provided" time="0.0" failure="false"/><testcase classname="jasmine" name="finding form factor from query parameter when a property is specified should return mobile when mobile is specified by the property" time="0.0" failure="false"/><testcase classname="jasmine" name="finding form factor from query parameter when a property is specified should return tablet when tablet is specified by the property" time="0.0" failure="false"/><testcase classname="jasmine" name="finding form factor from query parameter when a property is specified should return desktop when desktop is specified by the property" time="0.0" failure="false"/><testcase classname="jasmine" name="finding form factor from query parameter when a property is specified should return undefined when the value is not defined" time="0.0" failure="false"/><testcase classname="jasmine" name="finding form factor from query parameter when a property is specified should mark the end of the value with the token #" time="0.0" failure="false"/><testcase classname="jasmine" name="finding form factor from query parameter when a property is specified should mark the end of the value with the token &amp;" time="0.0" failure="false"/><testcase classname="jasmine" name="finding form factor from query parameter when a property is specified should return undefined when the value is not mobile, tablet or desktop" time="0.0" failure="false"/><testcase classname="jasmine" name="finding form factor should return the value from the url if there was one provided" time="0.0" failure="false"/><testcase classname="jasmine" name="finding form factor should fallback to user agent if property is not found in URL" time="0.0" failure="false"/></testsuite>